2025-03-12 01:20:21,591 - albumexplore.database - INFO - Parsing data from: /tmp/pytest-of-shwal/pytest-0/test_csv_parsing0/test_albums.csv
2025-03-12 01:20:21,591 - albumexplore.database - DEBUG - Parsing file: /tmp/pytest-of-shwal/pytest-0/test_csv_parsing0/test_albums.csv
2025-03-12 01:20:21,603 - albumexplore.database - DEBUG - Successfully parsed 2 rows from /tmp/pytest-of-shwal/pytest-0/test_csv_parsing0/test_albums.csv
2025-03-12 01:20:21,612 - albumexplore.database - INFO - Parsing data from: /tmp/pytest-of-shwal/pytest-0/test_tag_cleaning0/test_albums.csv
2025-03-12 01:20:21,612 - albumexplore.database - DEBUG - Parsing file: /tmp/pytest-of-shwal/pytest-0/test_tag_cleaning0/test_albums.csv
2025-03-12 01:20:21,620 - albumexplore.database - DEBUG - Successfully parsed 2 rows from /tmp/pytest-of-shwal/pytest-0/test_tag_cleaning0/test_albums.csv
2025-03-12 01:20:21,634 - albumexplore.database - INFO - Parsing data from: /tmp/pytest-of-shwal/pytest-0/test_date_parsing0/test_albums.csv
2025-03-12 01:20:21,634 - albumexplore.database - DEBUG - Parsing file: /tmp/pytest-of-shwal/pytest-0/test_date_parsing0/test_albums.csv
2025-03-12 01:20:21,642 - albumexplore.database - DEBUG - Successfully parsed 2 rows from /tmp/pytest-of-shwal/pytest-0/test_date_parsing0/test_albums.csv
2025-03-12 01:20:21,652 - albumexplore.database - INFO - Parsing data from: /tmp/pytest-of-shwal/pytest-0/test_date_parsing_with_file_ye0/_r_ProgMetal _ Yearly Albums - 2018.csv
2025-03-12 01:20:21,652 - albumexplore.database - DEBUG - Parsing file: /tmp/pytest-of-shwal/pytest-0/test_date_parsing_with_file_ye0/_r_ProgMetal _ Yearly Albums - 2018.csv
2025-03-12 01:20:21,652 - albumexplore.database - ERROR - Error parsing /tmp/pytest-of-shwal/pytest-0/test_date_parsing_with_file_ye0/_r_ProgMetal _ Yearly Albums - 2018.csv: No columns to parse from file
2025-03-12 01:20:21,961 - albumexplore.database - INFO - Parsing data from: /tmp/pytest-of-shwal/pytest-0/test_data_validation0/test_albums.csv
2025-03-12 01:20:21,962 - albumexplore.database - DEBUG - Parsing file: /tmp/pytest-of-shwal/pytest-0/test_data_validation0/test_albums.csv
2025-03-12 01:20:21,969 - albumexplore.database - DEBUG - Successfully parsed 2 rows from /tmp/pytest-of-shwal/pytest-0/test_data_validation0/test_albums.csv
2025-03-12 01:51:12,574 - albumexplore.database - INFO - Initializing database with URL: sqlite:////home/shwal/Documents/GitHub/AlbumExplore/src/albumexplore.db
2025-03-12 01:51:12,585 - albumexplore.database - INFO - Database initialized successfully
2025-03-12 01:52:45,753 - albumexplore.database - INFO - Initializing database with URL: sqlite:////home/shwal/Documents/GitHub/AlbumExplore/src/albumexplore.db
2025-03-12 01:52:45,760 - albumexplore.database - INFO - Database initialized successfully
2025-03-12 01:54:04,203 - albumexplore.database - INFO - Initializing database with URL: sqlite:////home/shwal/Documents/GitHub/AlbumExplore/src/albumexplore.db
2025-03-12 01:54:04,211 - albumexplore.database - INFO - Database initialized successfully
2025-03-12 01:58:06,358 - albumexplore.database - INFO - Initializing database with URL: sqlite:////home/shwal/Documents/GitHub/AlbumExplore/src/albumexplore.db
2025-03-12 01:58:06,377 - albumexplore.database - INFO - Database initialized successfully
2025-03-12 02:01:50,598 - albumexplore.database - INFO - Initializing database with URL: sqlite:////home/shwal/Documents/GitHub/AlbumExplore/src/albumexplore.db
2025-03-12 02:01:50,606 - albumexplore.database - INFO - Database initialized successfully
2025-03-12 02:02:18,388 - albumexplore.database - INFO - Initializing database with URL: sqlite:////home/shwal/Documents/GitHub/AlbumExplore/src/albumexplore.db
2025-03-12 02:02:18,395 - albumexplore.database - INFO - Database initialized successfully
2025-03-12 02:02:18,406 - albumexplore.database.test_data - ERROR - Error loading test data: 'str' object has no attribute '_sa_instance_state'
2025-03-12 02:02:58,048 - albumexplore.database - INFO - Loading CSV data from /home/shwal/Documents/GitHub/AlbumExplore/csv
2025-03-12 02:02:58,048 - albumexplore.database - INFO - Initializing database with URL: sqlite:////home/shwal/Documents/GitHub/AlbumExplore/src/albumexplore.db
2025-03-12 02:02:58,056 - albumexplore.database - INFO - Database initialized successfully
2025-03-12 02:02:58,056 - albumexplore.database - INFO - Processing _r_ProgMetal _ Yearly Albums - 2024 Prog-rock.csv for year 2024
2025-03-12 02:02:58,062 - albumexplore.database - INFO - Processing _r_ProgMetal _ Yearly Albums - 2021 Prog-metal.csv for year 2021
2025-03-12 02:02:58,064 - albumexplore.database - INFO - Processing _r_ProgMetal _ Yearly Albums - 2025 Prog-rock.csv for year 2025
2025-03-12 02:02:58,067 - albumexplore.database - INFO - Processing _r_ProgMetal _ Yearly Albums - 2020 Prog-metal.csv for year 2020
2025-03-12 02:02:58,071 - albumexplore.database - INFO - Processing _r_ProgMetal _ Yearly Albums - 2020 Prog-rock.csv for year 2020
2025-03-12 02:02:58,072 - albumexplore.database - INFO - Processing _r_ProgMetal _ Yearly Albums - 2022 Prog-metal.csv for year 2022
2025-03-12 02:02:58,076 - albumexplore.database - INFO - Processing _r_ProgMetal _ Yearly Albums - 2023 Prog-metal.csv for year 2023
2025-03-12 02:02:58,081 - albumexplore.database - INFO - Processing _r_ProgMetal _ Yearly Albums - 2021 Prog-rock.csv for year 2021
2025-03-12 02:02:58,082 - albumexplore.database - INFO - Processing _r_ProgMetal _ Yearly Albums - 2019 Reissues & Special Releases.csv for year 2019
2025-03-12 02:02:58,083 - albumexplore.database - INFO - Processing _r_ProgMetal _ Yearly Albums - 2025 Prog-metal.csv for year 2025
2025-03-12 02:02:58,085 - albumexplore.database - INFO - Processing _r_ProgMetal _ Yearly Albums - 2023 Prog-rock.csv for year 2023
2025-03-12 02:02:58,089 - albumexplore.database - INFO - Processing _r_ProgMetal _ Yearly Albums - 2019 Prog-metal.csv for year 2019
2025-03-12 02:02:58,091 - albumexplore.database - INFO - Processing _r_ProgMetal _ Yearly Albums - 2024 Prog-metal.csv for year 2024
2025-03-12 02:02:58,098 - albumexplore.database - INFO - Processing _r_ProgMetal _ Yearly Albums - 2019 Prog-rock.csv for year 2019
2025-03-12 02:02:58,099 - albumexplore.database - INFO - Processing _r_ProgMetal _ Yearly Albums - 2022 Prog-rock.csv for year 2022
2025-03-12 02:02:58,102 - albumexplore.database - INFO - Processing _r_ProgMetal _ Yearly Albums - 2018.csv for year 2018
2025-03-12 02:02:58,103 - albumexplore.database - INFO - Processing _r_ProgMetal _ Yearly Albums - 2017.csv for year 2017
2025-03-12 02:02:58,104 - albumexplore.database - INFO - CSV data loaded successfully
2025-03-12 02:04:16,411 - albumexplore.database - INFO - Initializing database with URL: sqlite:////home/shwal/Documents/GitHub/AlbumExplore/src/albumexplore.db
2025-03-12 02:04:16,419 - albumexplore.database - INFO - Database initialized successfully
2025-03-12 02:05:44,851 - albumexplore.database - INFO - Initializing database with URL: sqlite:////home/shwal/Documents/GitHub/AlbumExplore/src/albumexplore.db
2025-03-12 02:05:44,858 - albumexplore.database - INFO - Database initialized successfully
2025-03-12 02:08:41,459 - albumexplore.database - INFO - Initializing database with URL: sqlite:////home/shwal/Documents/GitHub/AlbumExplore/src/albumexplore.db
2025-03-12 02:08:41,467 - albumexplore.database - INFO - Database initialized successfully
2025-03-12 02:09:06,194 - albumexplore.database - INFO - Initializing database with URL: sqlite:////home/shwal/Documents/GitHub/AlbumExplore/src/albumexplore.db
2025-03-12 02:09:06,201 - albumexplore.database - INFO - Database initialized successfully
2025-03-12 02:11:35,655 - albumexplore.database - INFO - Initializing database with URL: sqlite:////home/shwal/Documents/GitHub/AlbumExplore/albumexplore.db
2025-03-12 02:11:35,665 - albumexplore.database - INFO - Database initialized successfully
2025-03-12 02:12:50,778 - albumexplore.database - INFO - Initializing database with URL: sqlite:////home/shwal/Documents/GitHub/AlbumExplore/albumexplore.db
2025-03-12 02:12:50,787 - albumexplore.database - INFO - Database initialized successfully
2025-03-12 02:15:47,552 - albumexplore.database - INFO - Initializing database with URL: sqlite:////home/shwal/Documents/GitHub/AlbumExplore/albumexplore.db
2025-03-12 02:15:47,559 - albumexplore.database - INFO - Database initialized successfully
2025-03-12 02:18:54,457 - albumexplore.database - INFO - Initializing database with URL: sqlite:////home/shwal/Documents/GitHub/AlbumExplore/albumexplore.db
2025-03-12 02:18:54,464 - albumexplore.database - INFO - Database initialized successfully
2025-03-12 02:20:26,515 - albumexplore.database - INFO - Initializing database with URL: sqlite:////home/shwal/Documents/GitHub/AlbumExplore/albumexplore.db
2025-03-12 02:20:26,523 - albumexplore.database - INFO - Database initialized successfully
2025-03-12 02:21:10,061 - albumexplore.database - INFO - Initializing database with URL: sqlite:////home/shwal/Documents/GitHub/AlbumExplore/albumexplore.db
2025-03-12 02:21:10,069 - albumexplore.database - INFO - Database initialized successfully
2025-03-12 02:23:42,543 - albumexplore.database - INFO - Initializing database with URL: sqlite:////home/shwal/Documents/GitHub/AlbumExplore/albumexplore.db
2025-03-12 02:23:42,551 - albumexplore.database - INFO - Database initialized successfully
2025-03-12 02:29:47,211 - albumexplore.database - INFO - Initializing database with URL: sqlite:////home/shwal/Documents/GitHub/AlbumExplore/albumexplore.db
2025-03-12 02:29:47,219 - albumexplore.database - INFO - Database initialized successfully
2025-03-12 02:31:10,543 - albumexplore.database - INFO - Initializing database with URL: sqlite:////home/shwal/Documents/GitHub/AlbumExplore/albumexplore.db
2025-03-12 02:31:10,550 - albumexplore.database - INFO - Database initialized successfully
2025-03-12 02:33:16,844 - albumexplore.database - INFO - Initializing database with URL: sqlite:////home/shwal/Documents/GitHub/AlbumExplore/albumexplore.db
2025-03-12 02:33:16,852 - albumexplore.database - INFO - Database initialized successfully
2025-03-12 02:33:45,727 - albumexplore.database - INFO - Initializing database with URL: sqlite:////home/shwal/Documents/GitHub/AlbumExplore/albumexplore.db
2025-03-12 02:33:45,734 - albumexplore.database - INFO - Database initialized successfully
2025-03-12 02:34:27,105 - albumexplore.database - INFO - Initializing database with URL: sqlite:////home/shwal/Documents/GitHub/AlbumExplore/albumexplore.db
2025-03-12 02:34:27,113 - albumexplore.database - INFO - Database initialized successfully
2025-03-12 02:37:31,518 - albumexplore.database - INFO - Initializing database with URL: sqlite:////home/shwal/Documents/GitHub/AlbumExplore/albumexplore.db
2025-03-12 02:37:31,525 - albumexplore.database - INFO - Database initialized successfully
2025-03-12 02:40:14,232 - albumexplore.database - INFO - Initializing database with URL: sqlite:////home/shwal/Documents/GitHub/AlbumExplore/albumexplore.db
2025-03-12 02:40:14,239 - albumexplore.database - INFO - Database initialized successfully
2025-03-12 02:43:56,899 - albumexplore.database - INFO - Initializing database with URL: sqlite:////home/shwal/Documents/GitHub/AlbumExplore/albumexplore.db
2025-03-12 02:43:56,906 - albumexplore.database - INFO - Database initialized successfully
2025-03-12 02:47:05,115 - albumexplore.database - INFO - Initializing database with URL: sqlite:////home/shwal/Documents/GitHub/AlbumExplore/albumexplore.db
2025-03-12 02:47:05,123 - albumexplore.database - INFO - Database initialized successfully
2025-03-12 02:49:14,524 - albumexplore.database - INFO - Initializing database with URL: sqlite:////home/shwal/Documents/GitHub/AlbumExplore/albumexplore.db
2025-03-12 02:49:14,531 - albumexplore.database - INFO - Database initialized successfully
2025-03-12 12:55:04,151 - albumexplore.database - INFO - Initializing database with URL: sqlite:////home/shwal/Documents/GitHub/AlbumExplore/albumexplore.db
2025-03-12 12:55:04,172 - albumexplore.database - INFO - Database initialized successfully
2025-03-12 13:00:26,252 - albumexplore.database - INFO - Initializing database with URL: sqlite:////home/shwal/Documents/GitHub/AlbumExplore/albumexplore.db
2025-03-12 13:00:26,270 - albumexplore.database - INFO - Database initialized successfully
