2025-02-20 18:05:12,864 - gui - DEBUG - MainWindow initialized
2025-02-20 18:05:12,878 - gui - DEBUG - DataInterface initialized
2025-02-20 18:05:12,878 - gui - DEBUG - ViewManager initialized
2025-02-20 18:05:12,936 - gui - DEBUG - Resize event: PyQt6.QtCore.QSize(1200, 800)
2025-02-20 18:05:13,016 - gui - DEBUG - Resize event: PyQt6.QtCore.QSize(1200, 706)
2025-02-20 18:05:13,056 - gui - DEBUG - Resize event: PyQt6.QtCore.QSize(1200, 800)
2025-02-20 18:05:54,598 - gui - DEBUG - Resize event: PyQt6.QtCore.QSize(1202, 802)
2025-02-20 18:05:57,241 - gui - DEBUG - Handling view change: network
2025-02-20 18:05:57,242 - gui - DEBUG - Initializing view: ViewType.NETWORK
2025-02-20 18:05:57,245 - gui - DEBUG - NetworkView initialized
2025-02-20 18:05:58,682 - gui - DEBUG - Updating data in NetworkView: 0 nodes, 0 edges
2025-02-20 18:05:58,683 - gui - DEBUG - Applying transition in NetworkView: {'transition': {'type': 'instant', 'duration': 300, 'easing': 'cubic-bezier(0.4, 0.0, 0.2, 1)'}, 'preserved_positions': {}, 'shared_selections': [], 'source_type': 'network', 'target_type': 'network'}
2025-02-20 18:05:58,684 - gui - DEBUG - Initializing view: ViewType.NETWORK
2025-02-20 18:05:58,685 - gui - DEBUG - NetworkView initialized
2025-02-20 18:06:00,531 - gui - DEBUG - Updating data in NetworkView: 0 nodes, 0 edges
2025-02-20 18:06:00,532 - gui - DEBUG - Applying transition in NetworkView: {'transition': {'type': 'instant', 'duration': 300, 'easing': 'cubic-bezier(0.4, 0.0, 0.2, 1)'}, 'preserved_positions': {}, 'shared_selections': [], 'source_type': 'network', 'target_type': 'network'}
2025-02-20 18:06:00,533 - gui - DEBUG - Handling selection change: set()
2025-02-20 18:06:02,438 - gui - DEBUG - Resize event: PyQt6.QtCore.QSize(1219, 813)
2025-02-20 18:06:04,366 - gui - DEBUG - Resize event: PyQt6.QtCore.QSize(1221, 815)
2025-02-20 18:06:10,641 - gui - DEBUG - Updating data in NetworkView: 0 nodes, 0 edges
2025-02-20 18:17:25,045 - gui - DEBUG - MainWindow initialized
2025-02-20 18:17:25,050 - gui - DEBUG - DataInterface initialized
2025-02-20 18:17:25,050 - gui - DEBUG - ViewManager initialized
2025-02-20 18:17:25,068 - gui - DEBUG - Resize event: PyQt6.QtCore.QSize(1200, 800)
2025-02-20 18:17:25,101 - gui - DEBUG - Resize event: PyQt6.QtCore.QSize(1200, 706)
2025-02-20 18:17:25,139 - gui - DEBUG - Resize event: PyQt6.QtCore.QSize(1200, 800)
2025-02-20 18:18:09,641 - gui - DEBUG - Key press event: 16777251
2025-02-20 18:18:21,300 - gui - DEBUG - Resize event: PyQt6.QtCore.QSize(1202, 802)
2025-02-20 18:18:23,557 - gui - DEBUG - Handling view change: network
2025-02-20 18:18:23,558 - gui - DEBUG - Initializing view: ViewType.NETWORK
2025-02-20 18:18:23,559 - gui - DEBUG - NetworkView initialized
2025-02-20 18:18:23,564 - gui - DEBUG - Updating data in NetworkView: 0 nodes, 0 edges
2025-02-20 18:18:23,564 - gui - DEBUG - Applying transition in NetworkView: {'transition': {'type': 'instant', 'duration': 300, 'easing': 'cubic-bezier(0.4, 0.0, 0.2, 1)'}, 'preserved_positions': {}, 'shared_selections': [], 'source_type': 'network', 'target_type': 'network'}
2025-02-20 18:18:23,565 - gui - DEBUG - Initializing view: ViewType.NETWORK
2025-02-20 18:18:23,565 - gui - DEBUG - NetworkView initialized
2025-02-20 18:18:23,566 - gui - DEBUG - Updating data in NetworkView: 0 nodes, 0 edges
2025-02-20 18:18:23,567 - gui - DEBUG - Applying transition in NetworkView: {'transition': {'type': 'instant', 'duration': 300, 'easing': 'cubic-bezier(0.4, 0.0, 0.2, 1)'}, 'preserved_positions': {}, 'shared_selections': [], 'source_type': 'network', 'target_type': 'network'}
2025-02-20 18:18:23,567 - gui - DEBUG - Handling selection change: set()
2025-02-20 18:26:07,315 - gui - DEBUG - MainWindow initialized
2025-02-20 18:26:07,323 - gui - DEBUG - DataInterface initialized
2025-02-20 18:26:07,323 - gui - DEBUG - ViewManager initialized
2025-02-20 18:26:07,352 - gui - DEBUG - Resize event: PyQt6.QtCore.QSize(1200, 800)
2025-02-20 18:26:07,378 - gui - DEBUG - Resize event: PyQt6.QtCore.QSize(1200, 706)
2025-02-20 18:26:07,416 - gui - DEBUG - Resize event: PyQt6.QtCore.QSize(1200, 800)
2025-02-20 18:35:03,344 - gui - DEBUG - MainWindow initialized
2025-02-20 18:35:03,350 - gui - DEBUG - DataInterface initialized
2025-02-20 18:35:03,350 - gui - DEBUG - ViewManager initialized
2025-02-20 18:35:03,366 - gui - DEBUG - Resize event: PyQt6.QtCore.QSize(1200, 800)
2025-02-20 18:35:03,385 - gui - DEBUG - Resize event: PyQt6.QtCore.QSize(1200, 706)
2025-02-20 18:35:03,412 - gui - DEBUG - Resize event: PyQt6.QtCore.QSize(1200, 800)
2025-02-20 18:36:02,221 - gui - DEBUG - Key press event: 16777251
2025-02-20 18:36:06,815 - gui - DEBUG - Handling view change: arc
2025-02-20 18:36:06,815 - gui - DEBUG - Initializing view: ViewType.ARC
2025-02-20 18:36:06,816 - gui - DEBUG - ArcView initialized
2025-02-20 18:36:06,818 - gui - DEBUG - Updating data in ArcView: 0 nodes, 0 edges
2025-02-20 18:36:06,818 - gui - DEBUG - Applying transition in ArcView: {'transition': {'type': 'instant', 'duration': 300, 'easing': 'cubic-bezier(0.4, 0.0, 0.2, 1)'}, 'preserved_positions': {}, 'shared_selections': [], 'source_type': 'arc', 'target_type': 'arc'}
2025-02-20 18:36:06,820 - gui - DEBUG - Initializing view: ViewType.ARC
2025-02-20 18:36:06,820 - gui - DEBUG - ArcView initialized
2025-02-20 18:36:06,821 - gui - DEBUG - Updating data in ArcView: 0 nodes, 0 edges
2025-02-20 18:36:06,822 - gui - DEBUG - Applying transition in ArcView: {'transition': {'type': 'instant', 'duration': 300, 'easing': 'cubic-bezier(0.4, 0.0, 0.2, 1)'}, 'preserved_positions': {}, 'shared_selections': [], 'source_type': 'arc', 'target_type': 'arc'}
2025-02-20 18:36:06,822 - gui - DEBUG - Handling selection change: set()
2025-02-20 18:38:05,125 - gui - DEBUG - MainWindow initialized
2025-02-20 18:38:05,140 - gui - DEBUG - DataInterface initialized
2025-02-20 18:38:05,140 - gui - DEBUG - ViewManager initialized
2025-02-20 18:38:05,189 - gui - DEBUG - Resize event: PyQt6.QtCore.QSize(1200, 800)
2025-02-20 18:38:05,217 - gui - DEBUG - Resize event: PyQt6.QtCore.QSize(1200, 706)
2025-02-20 18:38:05,257 - gui - DEBUG - Resize event: PyQt6.QtCore.QSize(1200, 800)
2025-02-20 18:43:15,007 - gui - DEBUG - MainWindow initialized
2025-02-20 18:43:15,011 - gui - DEBUG - DataInterface initialized
2025-02-20 18:43:15,011 - gui - DEBUG - ViewManager initialized
2025-02-20 18:43:15,031 - gui - DEBUG - Resize event: PyQt6.QtCore.QSize(1200, 800)
2025-02-20 18:43:15,051 - gui - DEBUG - Resize event: PyQt6.QtCore.QSize(1200, 706)
2025-02-20 18:43:15,113 - gui - DEBUG - Resize event: PyQt6.QtCore.QSize(1200, 800)
2025-02-20 18:43:33,255 - gui - DEBUG - Key press event: 16777249
2025-02-20 18:43:33,488 - gui - DEBUG - Key press event: 65
2025-02-20 18:43:36,885 - gui - DEBUG - Key press event: 16777251
2025-02-20 18:54:39,776 - gui - DEBUG - MainWindow initialized
2025-02-20 18:54:39,781 - gui - DEBUG - DataInterface initialized
2025-02-20 18:54:39,781 - gui - DEBUG - ViewManager initialized
2025-02-20 18:54:39,790 - gui - DEBUG - Updating data from data interface
2025-02-20 18:54:39,791 - gui - DEBUG - Getting albums: page=0, filters=None
2025-02-20 18:54:39,903 - gui - DEBUG - Resize event: PyQt6.QtCore.QSize(1200, 800)
2025-02-20 18:54:39,921 - gui - DEBUG - Resize event: PyQt6.QtCore.QSize(1200, 706)
2025-02-20 18:54:39,951 - gui - DEBUG - Resize event: PyQt6.QtCore.QSize(1200, 800)
2025-02-20 18:55:12,331 - gui - DEBUG - MainWindow initialized
2025-02-20 18:55:12,342 - gui - DEBUG - DataInterface initialized
2025-02-20 18:55:12,343 - gui - DEBUG - ViewManager initialized
2025-02-20 18:55:12,369 - gui - DEBUG - Updating data from data interface
2025-02-20 18:55:12,370 - gui - DEBUG - Getting albums: page=0, filters=None
2025-02-20 18:55:12,469 - gui - DEBUG - Resize event: PyQt6.QtCore.QSize(1200, 800)
2025-02-20 18:55:12,486 - gui - DEBUG - Resize event: PyQt6.QtCore.QSize(1200, 706)
2025-02-20 18:55:12,514 - gui - DEBUG - Resize event: PyQt6.QtCore.QSize(1200, 800)
2025-02-20 19:03:11,306 - gui - [INFO] - Initializing application logging - {app.py:21}
2025-02-20 19:03:11,306 - gui.performance - [INFO] - Starting performance monitoring - {app.py:22}
2025-02-20 19:03:11,306 - gui.graphics - [INFO] - Configuring high DPI support - {app.py:37}
2025-02-20 19:03:11,327 - gui - [INFO] - Initializing database - {app.py:53}
2025-02-20 19:03:11,329 - gui - [INFO] - Creating QApplication instance - {app.py:59}
2025-02-20 19:03:11,512 - gui.graphics - [INFO] - Creating main window - {app.py:76}
2025-02-20 19:03:11,514 - gui - [DEBUG] - MainWindow initialized - {main_window.py:21}
2025-02-20 19:03:11,521 - gui - [DEBUG] - DataInterface initialized - {data_interface.py:13}
2025-02-20 19:03:11,521 - gui - [DEBUG] - ViewManager initialized - {view_manager.py:23}
2025-02-20 19:03:11,530 - gui - [DEBUG] - Updating data from data interface - {view_manager.py:221}
2025-02-20 19:03:11,530 - gui - [DEBUG] - Getting albums: page=0, filters=None - {data_interface.py:152}
2025-02-20 19:03:11,629 - gui.performance - [DEBUG] - Performance - Application - initialization_time: 0.32s - {gui_logging.py:63}
2025-02-20 19:03:11,629 - gui.graphics - [INFO] - Displaying main window - {app.py:84}
2025-02-20 19:03:11,636 - gui - [DEBUG] - Resize event: PyQt6.QtCore.QSize(1200, 800) - {main_window.py:250}
2025-02-20 19:03:11,638 - gui.graphics - [DEBUG] - Graphics Event - MainWindow: Window displayed - {gui_logging.py:60}
2025-02-20 19:03:11,655 - gui - [DEBUG] - Resize event: PyQt6.QtCore.QSize(1200, 706) - {main_window.py:250}
2025-02-20 19:03:11,687 - gui - [DEBUG] - Resize event: PyQt6.QtCore.QSize(1200, 800) - {main_window.py:250}
2025-02-20 19:03:35,704 - gui - [DEBUG] - Key press event: 16777251 - {main_window.py:269}
2025-02-20 19:05:01,766 - gui - [INFO] - Initializing application logging - {app.py:21}
2025-02-20 19:05:01,766 - gui.performance - [INFO] - Starting performance monitoring - {app.py:22}
2025-02-20 19:05:01,767 - gui.graphics - [INFO] - Configuring high DPI support - {app.py:37}
2025-02-20 19:05:01,790 - gui - [INFO] - Initializing database - {app.py:53}
2025-02-20 19:05:01,796 - gui - [INFO] - Creating QApplication instance - {app.py:59}
2025-02-20 19:05:01,987 - gui.graphics - [INFO] - Creating main window - {app.py:76}
2025-02-20 19:05:01,988 - gui - [DEBUG] - MainWindow initialized - {main_window.py:21}
2025-02-20 19:05:01,995 - gui - [DEBUG] - DataInterface initialized - {data_interface.py:13}
2025-02-20 19:05:01,997 - gui - [DEBUG] - ViewManager initialized - {view_manager.py:23}
2025-02-20 19:05:02,009 - gui - [DEBUG] - Updating data from data interface - {view_manager.py:221}
2025-02-20 19:05:02,009 - gui - [DEBUG] - Getting albums: page=0, filters=None - {data_interface.py:152}
2025-02-20 19:05:02,121 - gui - [DEBUG] - Initializing view: ViewType.TABLE - {view_manager.py:57}
2025-02-20 19:05:02,122 - gui.graphics - [INFO] - Initializing TableView - {base_view.py:23}
2025-02-20 19:05:02,141 - gui.graphics - [INFO] - Updating data in TableView: 100 nodes, 0 edges - {base_view.py:88}
2025-02-20 19:05:02,143 - gui.performance - [DEBUG] - Performance - TableView - data_update_time: 1.45ms - {gui_logging.py:63}
2025-02-20 19:05:02,143 - gui.graphics - [DEBUG] - Graphics Event - Update: TableView scheduled update - {gui_logging.py:60}
2025-02-20 19:05:02,145 - gui - [DEBUG] - Applying transition in TableView: {'transition': {'type': 'instant', 'duration': 300, 'easing': 'cubic-bezier(0.4, 0.0, 0.2, 1)'}, 'preserved_positions': {}, 'shared_selections': [], 'source_type': 'table', 'target_type': 'table'} - {base_view.py:104}
2025-02-20 19:05:02,146 - gui.interaction - [DEBUG] - User Interaction - TableView: Selection changed: 0 items - {gui_logging.py:66}
2025-02-20 19:05:02,146 - gui.interaction - [DEBUG] - User Interaction - TableView: Selection changed: 0 items - {gui_logging.py:66}
2025-02-20 19:05:02,151 - gui.graphics - [DEBUG] - Graphics Event - Visibility: TableView shown - {gui_logging.py:60}
2025-02-20 19:05:02,156 - gui.performance - [DEBUG] - Performance - Application - initialization_time: 0.39s - {gui_logging.py:63}
2025-02-20 19:05:02,157 - gui.graphics - [INFO] - Displaying main window - {app.py:84}
2025-02-20 19:05:02,160 - gui - [DEBUG] - Resize event: PyQt6.QtCore.QSize(1200, 800) - {main_window.py:250}
2025-02-20 19:05:02,160 - gui.graphics - [DEBUG] - Graphics Event - MainWindow: Window displayed - {gui_logging.py:60}
2025-02-20 19:05:02,180 - gui.graphics - [DEBUG] - Graphics Event - Paint: TableView paint event started - {gui_logging.py:60}
2025-02-20 19:05:02,189 - gui.performance - [DEBUG] - Performance - TableView - paint_time: 9.46ms - {gui_logging.py:63}
2025-02-20 19:05:02,207 - gui - [DEBUG] - Resize event: PyQt6.QtCore.QSize(1200, 713) - {main_window.py:250}
2025-02-20 19:05:02,222 - gui.graphics - [DEBUG] - Graphics Event - Paint: TableView paint event started - {gui_logging.py:60}
2025-02-20 19:05:02,223 - gui.performance - [DEBUG] - Performance - TableView - paint_time: 0.73ms - {gui_logging.py:63}
2025-02-20 19:05:02,288 - gui - [DEBUG] - Resize event: PyQt6.QtCore.QSize(1200, 800) - {main_window.py:250}
2025-02-20 19:05:07,020 - gui - [ERROR] - Uncaught exception - {app.py:29}
Traceback (most recent call last):
  File "/home/seth-n/PycharmProjects/AlbumExplore/src/albumexplore/gui/graphics_debug.py", line 67, in _check_frame_rate
    def _check_frame_rate(self):
    
KeyboardInterrupt
2025-02-20 19:05:14,128 - gui.graphics - [DEBUG] - Graphics Event - Paint: TableView paint event started - {gui_logging.py:60}
2025-02-20 19:05:14,128 - gui.performance - [DEBUG] - Performance - TableView - paint_time: 0.67ms - {gui_logging.py:63}
2025-02-20 19:05:14,134 - gui.graphics - [DEBUG] - Graphics Event - Paint: TableView paint event started - {gui_logging.py:60}
2025-02-20 19:05:14,134 - gui.performance - [DEBUG] - Performance - TableView - paint_time: 0.57ms - {gui_logging.py:63}
2025-02-20 19:05:19,507 - gui.graphics - [DEBUG] - Graphics Event - Visibility: TableView hidden - {gui_logging.py:60}
2025-02-20 19:05:21,287 - gui - [INFO] - Initializing application logging - {app.py:21}
2025-02-20 19:05:21,287 - gui.performance - [INFO] - Starting performance monitoring - {app.py:22}
2025-02-20 19:05:21,287 - gui.graphics - [INFO] - Configuring high DPI support - {app.py:37}
2025-02-20 19:05:21,318 - gui - [INFO] - Initializing database - {app.py:53}
2025-02-20 19:05:21,322 - gui - [INFO] - Creating QApplication instance - {app.py:59}
2025-02-20 19:05:21,473 - gui.graphics - [INFO] - Creating main window - {app.py:76}
2025-02-20 19:05:21,474 - gui - [DEBUG] - MainWindow initialized - {main_window.py:21}
2025-02-20 19:05:21,484 - gui - [DEBUG] - DataInterface initialized - {data_interface.py:13}
2025-02-20 19:05:21,484 - gui - [DEBUG] - ViewManager initialized - {view_manager.py:23}
2025-02-20 19:05:21,503 - gui - [DEBUG] - Updating data from data interface - {view_manager.py:221}
2025-02-20 19:05:21,503 - gui - [DEBUG] - Getting albums: page=0, filters=None - {data_interface.py:152}
2025-02-20 19:05:21,615 - gui - [DEBUG] - Initializing view: ViewType.TABLE - {view_manager.py:57}
2025-02-20 19:05:21,616 - gui.graphics - [INFO] - Initializing TableView - {base_view.py:23}
2025-02-20 19:05:21,625 - gui.graphics - [INFO] - Updating data in TableView: 100 nodes, 0 edges - {base_view.py:88}
2025-02-20 19:05:21,626 - gui.performance - [DEBUG] - Performance - TableView - data_update_time: 0.29ms - {gui_logging.py:63}
2025-02-20 19:05:21,626 - gui.graphics - [DEBUG] - Graphics Event - Update: TableView scheduled update - {gui_logging.py:60}
2025-02-20 19:05:21,627 - gui - [DEBUG] - Applying transition in TableView: {'transition': {'type': 'instant', 'duration': 300, 'easing': 'cubic-bezier(0.4, 0.0, 0.2, 1)'}, 'preserved_positions': {}, 'shared_selections': [], 'source_type': 'table', 'target_type': 'table'} - {base_view.py:104}
2025-02-20 19:05:21,627 - gui.interaction - [DEBUG] - User Interaction - TableView: Selection changed: 0 items - {gui_logging.py:66}
2025-02-20 19:05:21,627 - gui.interaction - [DEBUG] - User Interaction - TableView: Selection changed: 0 items - {gui_logging.py:66}
2025-02-20 19:05:21,630 - gui.graphics - [DEBUG] - Graphics Event - Visibility: TableView shown - {gui_logging.py:60}
2025-02-20 19:05:21,632 - gui.performance - [DEBUG] - Performance - Application - initialization_time: 0.35s - {gui_logging.py:63}
2025-02-20 19:05:21,633 - gui.graphics - [INFO] - Displaying main window - {app.py:84}
2025-02-20 19:05:21,636 - gui - [DEBUG] - Resize event: PyQt6.QtCore.QSize(1200, 800) - {main_window.py:250}
2025-02-20 19:05:21,636 - gui.graphics - [DEBUG] - Graphics Event - MainWindow: Window displayed - {gui_logging.py:60}
2025-02-20 19:05:21,656 - gui.graphics - [DEBUG] - Graphics Event - Paint: TableView paint event started - {gui_logging.py:60}
2025-02-20 19:05:21,660 - gui.performance - [DEBUG] - Performance - TableView - paint_time: 4.08ms - {gui_logging.py:63}
2025-02-20 19:05:21,674 - gui - [DEBUG] - Resize event: PyQt6.QtCore.QSize(1200, 713) - {main_window.py:250}
2025-02-20 19:05:21,694 - gui.graphics - [DEBUG] - Graphics Event - Paint: TableView paint event started - {gui_logging.py:60}
2025-02-20 19:05:21,694 - gui.performance - [DEBUG] - Performance - TableView - paint_time: 0.60ms - {gui_logging.py:63}
2025-02-20 19:05:21,734 - gui - [DEBUG] - Resize event: PyQt6.QtCore.QSize(1200, 800) - {main_window.py:250}
2025-02-20 19:06:06,520 - gui - [ERROR] - Uncaught exception - {app.py:29}
Traceback (most recent call last):
  File "/home/seth-n/PycharmProjects/AlbumExplore/src/albumexplore/gui/graphics_debug.py", line 67, in _check_frame_rate
KeyboardInterrupt
2025-02-20 19:06:15,379 - gui.graphics - [DEBUG] - Graphics Event - Paint: TableView paint event started - {gui_logging.py:60}
2025-02-20 19:06:15,381 - gui.performance - [DEBUG] - Performance - TableView - paint_time: 2.33ms - {gui_logging.py:63}
2025-02-20 19:06:15,391 - gui.graphics - [DEBUG] - Graphics Event - Paint: TableView paint event started - {gui_logging.py:60}
2025-02-20 19:06:15,393 - gui.performance - [DEBUG] - Performance - TableView - paint_time: 1.40ms - {gui_logging.py:63}
2025-02-20 19:06:16,658 - gui.graphics - [DEBUG] - Graphics Event - Paint: TableView paint event started - {gui_logging.py:60}
2025-02-20 19:06:16,659 - gui.performance - [DEBUG] - Performance - TableView - paint_time: 0.62ms - {gui_logging.py:63}
2025-02-20 19:06:16,673 - gui.graphics - [DEBUG] - Graphics Event - Paint: TableView paint event started - {gui_logging.py:60}
2025-02-20 19:06:16,674 - gui.performance - [DEBUG] - Performance - TableView - paint_time: 0.29ms - {gui_logging.py:63}
2025-02-20 19:06:16,825 - gui.graphics - [DEBUG] - Graphics Event - Paint: TableView paint event started - {gui_logging.py:60}
2025-02-20 19:06:16,825 - gui.performance - [DEBUG] - Performance - TableView - paint_time: 0.61ms - {gui_logging.py:63}
2025-02-20 19:06:16,830 - gui.graphics - [DEBUG] - Graphics Event - Paint: TableView paint event started - {gui_logging.py:60}
2025-02-20 19:06:16,830 - gui.performance - [DEBUG] - Performance - TableView - paint_time: 0.39ms - {gui_logging.py:63}
2025-02-20 19:06:17,335 - gui.graphics - [DEBUG] - Graphics Event - Visibility: TableView hidden - {gui_logging.py:60}
2025-02-20 19:06:19,164 - gui - [INFO] - Initializing application logging - {app.py:21}
2025-02-20 19:06:19,164 - gui.performance - [INFO] - Starting performance monitoring - {app.py:22}
2025-02-20 19:06:19,165 - gui.graphics - [INFO] - Configuring high DPI support - {app.py:37}
2025-02-20 19:06:19,203 - gui - [INFO] - Initializing database - {app.py:53}
2025-02-20 19:06:19,210 - gui - [INFO] - Creating QApplication instance - {app.py:59}
2025-02-20 19:06:19,372 - gui.graphics - [INFO] - Creating main window - {app.py:76}
2025-02-20 19:06:19,373 - gui - [DEBUG] - MainWindow initialized - {main_window.py:21}
2025-02-20 19:06:19,378 - gui - [DEBUG] - DataInterface initialized - {data_interface.py:13}
2025-02-20 19:06:19,379 - gui - [DEBUG] - ViewManager initialized - {view_manager.py:23}
2025-02-20 19:06:19,397 - gui - [DEBUG] - Updating data from data interface - {view_manager.py:221}
2025-02-20 19:06:19,397 - gui - [DEBUG] - Getting albums: page=0, filters=None - {data_interface.py:152}
2025-02-20 19:06:19,528 - gui - [DEBUG] - Initializing view: ViewType.TABLE - {view_manager.py:57}
2025-02-20 19:06:19,529 - gui.graphics - [INFO] - Initializing TableView - {base_view.py:23}
2025-02-20 19:06:19,548 - gui.graphics - [INFO] - Updating data in TableView: 100 nodes, 0 edges - {base_view.py:88}
2025-02-20 19:06:19,549 - gui.performance - [DEBUG] - Performance - TableView - data_update_time: 0.48ms - {gui_logging.py:63}
2025-02-20 19:06:19,549 - gui.graphics - [DEBUG] - Graphics Event - Update: TableView scheduled update - {gui_logging.py:60}
2025-02-20 19:06:19,550 - gui - [DEBUG] - Applying transition in TableView: {'transition': {'type': 'instant', 'duration': 300, 'easing': 'cubic-bezier(0.4, 0.0, 0.2, 1)'}, 'preserved_positions': {}, 'shared_selections': [], 'source_type': 'table', 'target_type': 'table'} - {base_view.py:104}
2025-02-20 19:06:19,550 - gui.interaction - [DEBUG] - User Interaction - TableView: Selection changed: 0 items - {gui_logging.py:66}
2025-02-20 19:06:19,550 - gui.interaction - [DEBUG] - User Interaction - TableView: Selection changed: 0 items - {gui_logging.py:66}
2025-02-20 19:06:19,555 - gui.graphics - [DEBUG] - Graphics Event - Visibility: TableView shown - {gui_logging.py:60}
2025-02-20 19:06:19,557 - gui.performance - [DEBUG] - Performance - Application - initialization_time: 0.39s - {gui_logging.py:63}
2025-02-20 19:06:19,558 - gui.graphics - [INFO] - Displaying main window - {app.py:84}
2025-02-20 19:06:19,564 - gui - [DEBUG] - Resize event: PyQt6.QtCore.QSize(1200, 800) - {main_window.py:250}
2025-02-20 19:06:19,565 - gui.graphics - [DEBUG] - Graphics Event - MainWindow: Window displayed - {gui_logging.py:60}
2025-02-20 19:06:19,588 - gui.graphics - [DEBUG] - Graphics Event - Paint: TableView paint event started - {gui_logging.py:60}
2025-02-20 19:06:19,591 - gui.performance - [DEBUG] - Performance - TableView - paint_time: 3.49ms - {gui_logging.py:63}
2025-02-20 19:06:19,604 - gui - [DEBUG] - Resize event: PyQt6.QtCore.QSize(1200, 713) - {main_window.py:250}
2025-02-20 19:06:19,623 - gui.graphics - [DEBUG] - Graphics Event - Paint: TableView paint event started - {gui_logging.py:60}
2025-02-20 19:06:19,624 - gui.performance - [DEBUG] - Performance - TableView - paint_time: 0.49ms - {gui_logging.py:63}
2025-02-20 19:06:19,666 - gui - [DEBUG] - Resize event: PyQt6.QtCore.QSize(1200, 800) - {main_window.py:250}
2025-02-20 19:06:34,236 - gui.graphics - [DEBUG] - Graphics Event - Paint: TableView paint event started - {gui_logging.py:60}
2025-02-20 19:06:34,241 - gui.performance - [DEBUG] - Performance - TableView - paint_time: 4.85ms - {gui_logging.py:63}
2025-02-20 19:06:34,249 - gui.graphics - [DEBUG] - Graphics Event - Paint: TableView paint event started - {gui_logging.py:60}
2025-02-20 19:06:34,250 - gui.performance - [DEBUG] - Performance - TableView - paint_time: 0.80ms - {gui_logging.py:63}
2025-02-20 19:06:35,193 - gui.graphics - [DEBUG] - Graphics Event - Paint: TableView paint event started - {gui_logging.py:60}
2025-02-20 19:06:35,193 - gui.performance - [DEBUG] - Performance - TableView - paint_time: 0.62ms - {gui_logging.py:63}
2025-02-20 19:06:35,235 - gui.graphics - [DEBUG] - Graphics Event - Paint: TableView paint event started - {gui_logging.py:60}
2025-02-20 19:06:35,236 - gui.performance - [DEBUG] - Performance - TableView - paint_time: 0.99ms - {gui_logging.py:63}
2025-02-20 19:06:35,683 - gui.graphics - [DEBUG] - Graphics Event - Visibility: TableView hidden - {gui_logging.py:60}
2025-02-20 19:07:01,869 - gui - [INFO] - Initializing application logging - {app.py:21}
2025-02-20 19:07:01,869 - gui.performance - [INFO] - Starting performance monitoring - {app.py:22}
2025-02-20 19:07:01,870 - gui.graphics - [INFO] - Configuring high DPI support - {app.py:37}
2025-02-20 19:07:01,921 - gui - [INFO] - Initializing database - {app.py:53}
2025-02-20 19:07:01,925 - gui - [INFO] - Creating QApplication instance - {app.py:59}
2025-02-20 19:07:02,096 - gui.graphics - [INFO] - Creating main window - {app.py:76}
2025-02-20 19:07:02,097 - gui - [DEBUG] - MainWindow initialized - {main_window.py:21}
2025-02-20 19:07:02,101 - gui - [DEBUG] - DataInterface initialized - {data_interface.py:13}
2025-02-20 19:07:02,101 - gui - [DEBUG] - ViewManager initialized - {view_manager.py:23}
2025-02-20 19:07:02,110 - gui - [DEBUG] - Updating data from data interface - {view_manager.py:221}
2025-02-20 19:07:02,110 - gui - [DEBUG] - Getting albums: page=0, filters=None - {data_interface.py:152}
2025-02-20 19:07:02,220 - gui - [DEBUG] - Initializing view: ViewType.TABLE - {view_manager.py:57}
2025-02-20 19:07:02,220 - gui.graphics - [INFO] - Initializing TableView - {base_view.py:23}
2025-02-20 19:07:02,231 - gui.graphics - [INFO] - Updating data in TableView: 100 nodes, 0 edges - {base_view.py:88}
2025-02-20 19:07:02,232 - gui.performance - [DEBUG] - Performance - TableView - data_update_time: 0.35ms - {gui_logging.py:63}
2025-02-20 19:07:02,232 - gui.graphics - [DEBUG] - Graphics Event - Update: TableView scheduled update - {gui_logging.py:60}
2025-02-20 19:07:02,233 - gui - [DEBUG] - Applying transition in TableView: {'transition': {'type': 'instant', 'duration': 300, 'easing': 'cubic-bezier(0.4, 0.0, 0.2, 1)'}, 'preserved_positions': {}, 'shared_selections': [], 'source_type': 'table', 'target_type': 'table'} - {base_view.py:104}
2025-02-20 19:07:02,234 - gui.interaction - [DEBUG] - User Interaction - TableView: Selection changed: 0 items - {gui_logging.py:66}
2025-02-20 19:07:02,234 - gui.interaction - [DEBUG] - User Interaction - TableView: Selection changed: 0 items - {gui_logging.py:66}
2025-02-20 19:07:02,243 - gui.graphics - [DEBUG] - Graphics Event - Visibility: TableView shown - {gui_logging.py:60}
2025-02-20 19:07:02,245 - gui.performance - [DEBUG] - Performance - Application - initialization_time: 0.38s - {gui_logging.py:63}
2025-02-20 19:07:02,245 - gui.graphics - [INFO] - Displaying main window - {app.py:84}
2025-02-20 19:07:02,248 - gui - [DEBUG] - Resize event: PyQt6.QtCore.QSize(1200, 800) - {main_window.py:250}
2025-02-20 19:07:02,249 - gui.graphics - [DEBUG] - Graphics Event - MainWindow: Window displayed - {gui_logging.py:60}
2025-02-20 19:07:02,274 - gui.graphics - [DEBUG] - Graphics Event - Paint: TableView paint event started - {gui_logging.py:60}
2025-02-20 19:07:02,276 - gui.performance - [DEBUG] - Performance - TableView - paint_time: 2.56ms - {gui_logging.py:63}
2025-02-20 19:07:02,290 - gui - [DEBUG] - Resize event: PyQt6.QtCore.QSize(1200, 713) - {main_window.py:250}
2025-02-20 19:07:02,305 - gui.graphics - [DEBUG] - Graphics Event - Paint: TableView paint event started - {gui_logging.py:60}
2025-02-20 19:07:02,306 - gui.performance - [DEBUG] - Performance - TableView - paint_time: 0.45ms - {gui_logging.py:63}
2025-02-20 19:07:02,357 - gui - [DEBUG] - Resize event: PyQt6.QtCore.QSize(1200, 800) - {main_window.py:250}
2025-02-20 19:07:05,257 - gui.graphics - [DEBUG] - Graphics Event - Paint: TableView paint event started - {gui_logging.py:60}
2025-02-20 19:07:05,258 - gui.performance - [DEBUG] - Performance - TableView - paint_time: 0.67ms - {gui_logging.py:63}
2025-02-20 19:07:05,267 - gui.graphics - [DEBUG] - Graphics Event - Paint: TableView paint event started - {gui_logging.py:60}
2025-02-20 19:07:05,268 - gui.performance - [DEBUG] - Performance - TableView - paint_time: 0.76ms - {gui_logging.py:63}
2025-02-20 19:07:06,217 - gui.graphics - [DEBUG] - Graphics Event - Paint: TableView paint event started - {gui_logging.py:60}
2025-02-20 19:07:06,217 - gui.performance - [DEBUG] - Performance - TableView - paint_time: 0.34ms - {gui_logging.py:63}
2025-02-20 19:07:06,258 - gui.graphics - [DEBUG] - Graphics Event - Paint: TableView paint event started - {gui_logging.py:60}
2025-02-20 19:07:06,260 - gui.performance - [DEBUG] - Performance - TableView - paint_time: 2.24ms - {gui_logging.py:63}
2025-02-20 19:07:06,666 - gui.graphics - [DEBUG] - Graphics Event - Visibility: TableView hidden - {gui_logging.py:60}
2025-02-20 19:07:21,028 - gui - [INFO] - Initializing application logging - {app.py:21}
2025-02-20 19:07:21,028 - gui.performance - [INFO] - Starting performance monitoring - {app.py:22}
2025-02-20 19:07:21,028 - gui.graphics - [INFO] - Configuring high DPI support - {app.py:37}
2025-02-20 19:07:21,054 - gui - [INFO] - Initializing database - {app.py:53}
2025-02-20 19:07:21,056 - gui - [INFO] - Creating QApplication instance - {app.py:59}
2025-02-20 19:07:21,230 - gui.graphics - [INFO] - Creating main window - {app.py:76}
2025-02-20 19:07:21,231 - gui - [DEBUG] - MainWindow initialized - {main_window.py:21}
2025-02-20 19:07:21,236 - gui - [DEBUG] - DataInterface initialized - {data_interface.py:13}
2025-02-20 19:07:21,236 - gui - [DEBUG] - ViewManager initialized - {view_manager.py:23}
2025-02-20 19:07:21,250 - gui - [DEBUG] - Updating data from data interface - {view_manager.py:221}
2025-02-20 19:07:21,250 - gui - [DEBUG] - Getting albums: page=0, filters=None - {data_interface.py:152}
2025-02-20 19:07:21,347 - gui - [DEBUG] - Initializing view: ViewType.TABLE - {view_manager.py:57}
2025-02-20 19:07:21,347 - gui.graphics - [INFO] - Initializing TableView - {base_view.py:23}
2025-02-20 19:07:21,356 - gui.graphics - [INFO] - Updating data in TableView: 100 nodes, 0 edges - {base_view.py:88}
2025-02-20 19:07:21,356 - gui.performance - [DEBUG] - Performance - TableView - data_update_time: 0.23ms - {gui_logging.py:63}
2025-02-20 19:07:21,356 - gui.graphics - [DEBUG] - Graphics Event - Update: TableView scheduled update - {gui_logging.py:60}
2025-02-20 19:07:21,357 - gui - [DEBUG] - Applying transition in TableView: {'transition': {'type': 'instant', 'duration': 300, 'easing': 'cubic-bezier(0.4, 0.0, 0.2, 1)'}, 'preserved_positions': {}, 'shared_selections': [], 'source_type': 'table', 'target_type': 'table'} - {base_view.py:104}
2025-02-20 19:07:21,357 - gui.interaction - [DEBUG] - User Interaction - TableView: Selection changed: 0 items - {gui_logging.py:66}
2025-02-20 19:07:21,357 - gui.interaction - [DEBUG] - User Interaction - TableView: Selection changed: 0 items - {gui_logging.py:66}
2025-02-20 19:07:21,360 - gui.graphics - [DEBUG] - Graphics Event - Visibility: TableView shown - {gui_logging.py:60}
2025-02-20 19:07:21,361 - gui.performance - [DEBUG] - Performance - Application - initialization_time: 0.33s - {gui_logging.py:63}
2025-02-20 19:07:21,361 - gui.graphics - [INFO] - Displaying main window - {app.py:84}
2025-02-20 19:07:21,363 - gui - [DEBUG] - Resize event: PyQt6.QtCore.QSize(1200, 800) - {main_window.py:250}
2025-02-20 19:07:21,363 - gui.graphics - [DEBUG] - Graphics Event - MainWindow: Window displayed - {gui_logging.py:60}
2025-02-20 19:07:21,394 - gui.graphics - [DEBUG] - Graphics Event - Paint: TableView paint event started - {gui_logging.py:60}
2025-02-20 19:07:21,396 - gui.performance - [DEBUG] - Performance - TableView - paint_time: 1.63ms - {gui_logging.py:63}
2025-02-20 19:07:21,402 - gui - [DEBUG] - Resize event: PyQt6.QtCore.QSize(1200, 706) - {main_window.py:250}
2025-02-20 19:07:21,414 - gui.graphics - [DEBUG] - Graphics Event - Paint: TableView paint event started - {gui_logging.py:60}
2025-02-20 19:07:21,414 - gui.performance - [DEBUG] - Performance - TableView - paint_time: 0.49ms - {gui_logging.py:63}
2025-02-20 19:07:21,440 - gui.graphics - [DEBUG] - Graphics Event - Paint: TableView paint event started - {gui_logging.py:60}
2025-02-20 19:07:21,440 - gui.performance - [DEBUG] - Performance - TableView - paint_time: 0.37ms - {gui_logging.py:63}
2025-02-20 19:07:21,444 - gui - [DEBUG] - Resize event: PyQt6.QtCore.QSize(1200, 800) - {main_window.py:250}
2025-02-20 19:07:27,478 - gui.graphics - [DEBUG] - Graphics Event - Paint: TableView paint event started - {gui_logging.py:60}
2025-02-20 19:07:27,479 - gui.performance - [DEBUG] - Performance - TableView - paint_time: 0.56ms - {gui_logging.py:63}
2025-02-20 19:07:27,485 - gui.graphics - [DEBUG] - Graphics Event - Paint: TableView paint event started - {gui_logging.py:60}
2025-02-20 19:07:27,485 - gui.performance - [DEBUG] - Performance - TableView - paint_time: 0.39ms - {gui_logging.py:63}
2025-02-20 19:07:27,493 - gui.graphics - [DEBUG] - Graphics Event - Paint: TableView paint event started - {gui_logging.py:60}
2025-02-20 19:07:27,494 - gui.performance - [DEBUG] - Performance - TableView - paint_time: 0.30ms - {gui_logging.py:63}
2025-02-20 19:07:27,495 - gui.graphics - [DEBUG] - Graphics Event - Paint: TableView paint event started - {gui_logging.py:60}
2025-02-20 19:07:27,496 - gui.performance - [DEBUG] - Performance - TableView - paint_time: 0.63ms - {gui_logging.py:63}
2025-02-20 19:07:27,502 - gui.graphics - [DEBUG] - Graphics Event - Paint: TableView paint event started - {gui_logging.py:60}
2025-02-20 19:07:27,503 - gui.performance - [DEBUG] - Performance - TableView - paint_time: 0.49ms - {gui_logging.py:63}
2025-02-20 19:07:28,109 - gui.graphics - [DEBUG] - Graphics Event - Paint: TableView paint event started - {gui_logging.py:60}
2025-02-20 19:07:28,110 - gui.performance - [DEBUG] - Performance - TableView - paint_time: 0.76ms - {gui_logging.py:63}
2025-02-20 19:07:28,116 - gui.graphics - [DEBUG] - Graphics Event - Paint: TableView paint event started - {gui_logging.py:60}
2025-02-20 19:07:28,116 - gui.performance - [DEBUG] - Performance - TableView - paint_time: 0.31ms - {gui_logging.py:63}
2025-02-20 19:07:29,698 - gui.graphics - [DEBUG] - Graphics Event - Paint: TableView paint event started - {gui_logging.py:60}
2025-02-20 19:07:29,698 - gui.performance - [DEBUG] - Performance - TableView - paint_time: 0.61ms - {gui_logging.py:63}
2025-02-20 19:07:29,704 - gui.graphics - [DEBUG] - Graphics Event - Paint: TableView paint event started - {gui_logging.py:60}
2025-02-20 19:07:29,704 - gui.performance - [DEBUG] - Performance - TableView - paint_time: 0.36ms - {gui_logging.py:63}
2025-02-20 19:07:31,213 - gui.graphics - [DEBUG] - Graphics Event - Paint: TableView paint event started - {gui_logging.py:60}
2025-02-20 19:07:31,213 - gui.performance - [DEBUG] - Performance - TableView - paint_time: 0.47ms - {gui_logging.py:63}
2025-02-20 19:07:31,219 - gui.graphics - [DEBUG] - Graphics Event - Paint: TableView paint event started - {gui_logging.py:60}
2025-02-20 19:07:31,220 - gui.performance - [DEBUG] - Performance - TableView - paint_time: 0.72ms - {gui_logging.py:63}
2025-02-20 19:07:31,819 - gui.graphics - [DEBUG] - Graphics Event - Paint: TableView paint event started - {gui_logging.py:60}
2025-02-20 19:07:31,819 - gui.performance - [DEBUG] - Performance - TableView - paint_time: 0.33ms - {gui_logging.py:63}
2025-02-20 19:07:31,829 - gui.graphics - [DEBUG] - Graphics Event - Paint: TableView paint event started - {gui_logging.py:60}
2025-02-20 19:07:31,829 - gui.performance - [DEBUG] - Performance - TableView - paint_time: 0.29ms - {gui_logging.py:63}
2025-02-20 19:07:31,840 - gui.graphics - [DEBUG] - Graphics Event - Paint: TableView paint event started - {gui_logging.py:60}
2025-02-20 19:07:31,840 - gui.performance - [DEBUG] - Performance - TableView - paint_time: 0.33ms - {gui_logging.py:63}
2025-02-20 19:07:31,856 - gui.graphics - [DEBUG] - Graphics Event - Paint: TableView paint event started - {gui_logging.py:60}
2025-02-20 19:07:31,856 - gui.performance - [DEBUG] - Performance - TableView - paint_time: 0.37ms - {gui_logging.py:63}
2025-02-20 19:07:31,873 - gui.graphics - [DEBUG] - Graphics Event - Paint: TableView paint event started - {gui_logging.py:60}
2025-02-20 19:07:31,873 - gui.performance - [DEBUG] - Performance - TableView - paint_time: 0.40ms - {gui_logging.py:63}
2025-02-20 19:07:31,908 - gui.graphics - [DEBUG] - Graphics Event - Paint: TableView paint event started - {gui_logging.py:60}
2025-02-20 19:07:31,908 - gui.performance - [DEBUG] - Performance - TableView - paint_time: 0.25ms - {gui_logging.py:63}
2025-02-20 19:07:31,923 - gui.graphics - [DEBUG] - Graphics Event - Paint: TableView paint event started - {gui_logging.py:60}
2025-02-20 19:07:31,923 - gui.performance - [DEBUG] - Performance - TableView - paint_time: 0.29ms - {gui_logging.py:63}
2025-02-20 19:07:31,940 - gui.graphics - [DEBUG] - Graphics Event - Paint: TableView paint event started - {gui_logging.py:60}
2025-02-20 19:07:31,940 - gui.performance - [DEBUG] - Performance - TableView - paint_time: 0.25ms - {gui_logging.py:63}
2025-02-20 19:07:31,956 - gui.graphics - [DEBUG] - Graphics Event - Paint: TableView paint event started - {gui_logging.py:60}
2025-02-20 19:07:31,957 - gui.performance - [DEBUG] - Performance - TableView - paint_time: 0.54ms - {gui_logging.py:63}
2025-02-20 19:07:31,976 - gui.graphics - [DEBUG] - Graphics Event - Paint: TableView paint event started - {gui_logging.py:60}
2025-02-20 19:07:31,976 - gui.performance - [DEBUG] - Performance - TableView - paint_time: 0.65ms - {gui_logging.py:63}
2025-02-20 19:07:32,044 - gui.graphics - [DEBUG] - Graphics Event - Paint: TableView paint event started - {gui_logging.py:60}
2025-02-20 19:07:32,045 - gui.performance - [DEBUG] - Performance - TableView - paint_time: 0.41ms - {gui_logging.py:63}
2025-02-20 19:07:32,133 - gui.graphics - [DEBUG] - Graphics Event - Paint: TableView paint event started - {gui_logging.py:60}
2025-02-20 19:07:32,133 - gui.performance - [DEBUG] - Performance - TableView - paint_time: 0.75ms - {gui_logging.py:63}
2025-02-20 19:07:32,141 - gui.graphics - [DEBUG] - Graphics Event - Paint: TableView paint event started - {gui_logging.py:60}
2025-02-20 19:07:32,141 - gui.performance - [DEBUG] - Performance - TableView - paint_time: 0.34ms - {gui_logging.py:63}
2025-02-20 19:07:32,156 - gui.graphics - [DEBUG] - Graphics Event - Paint: TableView paint event started - {gui_logging.py:60}
2025-02-20 19:07:32,157 - gui.performance - [DEBUG] - Performance - TableView - paint_time: 0.31ms - {gui_logging.py:63}
2025-02-20 19:07:32,173 - gui.graphics - [DEBUG] - Graphics Event - Paint: TableView paint event started - {gui_logging.py:60}
2025-02-20 19:07:32,173 - gui.performance - [DEBUG] - Performance - TableView - paint_time: 0.24ms - {gui_logging.py:63}
2025-02-20 19:07:32,190 - gui.graphics - [DEBUG] - Graphics Event - Paint: TableView paint event started - {gui_logging.py:60}
2025-02-20 19:07:32,190 - gui.performance - [DEBUG] - Performance - TableView - paint_time: 0.29ms - {gui_logging.py:63}
2025-02-20 19:07:32,206 - gui.graphics - [DEBUG] - Graphics Event - Paint: TableView paint event started - {gui_logging.py:60}
2025-02-20 19:07:32,207 - gui.performance - [DEBUG] - Performance - TableView - paint_time: 0.28ms - {gui_logging.py:63}
2025-02-20 19:07:32,229 - gui.graphics - [DEBUG] - Graphics Event - Paint: TableView paint event started - {gui_logging.py:60}
2025-02-20 19:07:32,229 - gui.performance - [DEBUG] - Performance - TableView - paint_time: 0.33ms - {gui_logging.py:63}
2025-02-20 19:07:32,248 - gui.graphics - [DEBUG] - Graphics Event - Paint: TableView paint event started - {gui_logging.py:60}
2025-02-20 19:07:32,248 - gui.performance - [DEBUG] - Performance - TableView - paint_time: 0.33ms - {gui_logging.py:63}
2025-02-20 19:07:32,367 - gui.graphics - [DEBUG] - Graphics Event - Visibility: TableView hidden - {gui_logging.py:60}
2025-02-20 19:14:30,436 - gui - [INFO] - Initializing application logging - {app.py:21}
2025-02-20 19:14:30,437 - gui.performance - [INFO] - Starting performance monitoring - {app.py:22}
2025-02-20 19:14:30,437 - gui.graphics - [INFO] - Configuring high DPI support - {app.py:37}
2025-02-20 19:14:30,474 - gui - [INFO] - Initializing database - {app.py:53}
2025-02-20 19:14:30,481 - gui - [INFO] - Creating QApplication instance - {app.py:59}
2025-02-20 19:14:30,650 - gui.graphics - [INFO] - Creating main window - {app.py:76}
2025-02-20 19:14:30,651 - gui - [DEBUG] - MainWindow initialized - {main_window.py:21}
2025-02-20 19:14:30,655 - gui - [DEBUG] - DataInterface initialized - {data_interface.py:13}
2025-02-20 19:14:30,655 - gui - [DEBUG] - ViewManager initialized - {view_manager.py:23}
2025-02-20 19:14:30,667 - gui - [DEBUG] - Updating data from data interface - {view_manager.py:229}
2025-02-20 19:14:30,668 - gui - [DEBUG] - Getting albums: page=0, filters=None - {data_interface.py:152}
2025-02-20 19:14:30,789 - gui - [DEBUG] - Initializing view: ViewType.TABLE - {view_manager.py:58}
2025-02-20 19:14:30,789 - gui.graphics - [INFO] - Initializing TableView - {base_view.py:23}
2025-02-20 19:14:30,801 - gui.graphics - [INFO] - Updating data in TableView: 100 nodes, 0 edges - {base_view.py:94}
2025-02-20 19:14:30,801 - gui.performance - [DEBUG] - Performance - TableView - data_update_time: 0.40ms - {gui_logging.py:63}
2025-02-20 19:14:30,801 - gui.graphics - [DEBUG] - Graphics Event - Update: TableView scheduled update - {gui_logging.py:60}
2025-02-20 19:14:30,802 - gui - [DEBUG] - Applying transition in TableView: {'transition': {'type': 'instant', 'duration': 300, 'easing': 'cubic-bezier(0.4, 0.0, 0.2, 1)'}, 'preserved_positions': {}, 'shared_selections': [], 'source_type': 'table', 'target_type': 'table'} - {base_view.py:110}
2025-02-20 19:14:30,802 - gui.interaction - [DEBUG] - User Interaction - TableView: Selection changed: 0 items - {gui_logging.py:66}
2025-02-20 19:14:30,802 - gui.interaction - [DEBUG] - User Interaction - TableView: Selection changed: 0 items - {gui_logging.py:66}
2025-02-20 19:14:30,803 - gui.performance - [DEBUG] - Performance - Application - initialization_time: 0.37s - {gui_logging.py:63}
2025-02-20 19:14:30,803 - gui.graphics - [INFO] - Displaying main window - {app.py:84}
2025-02-20 19:14:30,807 - gui - [DEBUG] - Resize event: PyQt6.QtCore.QSize(1200, 800) - {main_window.py:206}
2025-02-20 19:14:30,808 - gui.graphics - [DEBUG] - Graphics Event - Visibility: TableView shown - {gui_logging.py:60}
2025-02-20 19:14:30,810 - gui.graphics - [DEBUG] - Graphics Event - MainWindow: Window displayed - {gui_logging.py:60}
2025-02-20 19:14:30,836 - gui - [DEBUG] - Resize event: PyQt6.QtCore.QSize(1200, 713) - {main_window.py:206}
2025-02-20 19:14:30,838 - gui.graphics - [DEBUG] - Graphics Event - Paint: TableView paint event started - {gui_logging.py:60}
2025-02-20 19:14:30,845 - gui.performance - [DEBUG] - Performance - TableView - paint_time: 6.73ms - {gui_logging.py:63}
2025-02-20 19:14:30,897 - gui.graphics - [DEBUG] - Graphics Event - Paint: TableView paint event started - {gui_logging.py:60}
2025-02-20 19:14:30,897 - gui.performance - [DEBUG] - Performance - TableView - paint_time: 0.46ms - {gui_logging.py:63}
2025-02-20 19:14:30,931 - gui - [DEBUG] - Resize event: PyQt6.QtCore.QSize(1200, 800) - {main_window.py:206}
2025-02-20 19:14:30,935 - gui.graphics - [DEBUG] - Graphics Event - Paint: TableView paint event started - {gui_logging.py:60}
2025-02-20 19:14:30,940 - gui.performance - [DEBUG] - Performance - TableView - paint_time: 5.06ms - {gui_logging.py:63}
2025-02-20 19:14:30,977 - gui.graphics - [DEBUG] - Graphics Event - Paint: TableView paint event started - {gui_logging.py:60}
2025-02-20 19:14:30,978 - gui.performance - [DEBUG] - Performance - TableView - paint_time: 1.50ms - {gui_logging.py:63}
2025-02-20 19:14:31,004 - gui.graphics - [DEBUG] - Graphics Event - Paint: TableView paint event started - {gui_logging.py:60}
2025-02-20 19:14:31,005 - gui.performance - [DEBUG] - Performance - TableView - paint_time: 1.82ms - {gui_logging.py:63}
2025-02-20 19:15:11,260 - gui.graphics - [DEBUG] - Graphics Event - Paint: TableView paint event started - {gui_logging.py:60}
2025-02-20 19:15:11,261 - gui.performance - [DEBUG] - Performance - TableView - paint_time: 0.59ms - {gui_logging.py:63}
2025-02-20 19:15:11,279 - gui.graphics - [DEBUG] - Graphics Event - Paint: TableView paint event started - {gui_logging.py:60}
2025-02-20 19:15:11,280 - gui.performance - [DEBUG] - Performance - TableView - paint_time: 0.50ms - {gui_logging.py:63}
2025-02-20 19:15:13,665 - gui.graphics - [DEBUG] - Graphics Event - Paint: TableView paint event started - {gui_logging.py:60}
2025-02-20 19:15:13,691 - gui.performance - [DEBUG] - Performance - TableView - paint_time: 25.64ms - {gui_logging.py:63}
2025-02-20 19:15:13,709 - gui.graphics - [DEBUG] - Graphics Event - Paint: TableView paint event started - {gui_logging.py:60}
2025-02-20 19:15:13,710 - gui.performance - [DEBUG] - Performance - TableView - paint_time: 0.36ms - {gui_logging.py:63}
2025-02-20 19:15:13,725 - gui.graphics - [DEBUG] - Graphics Event - Paint: TableView paint event started - {gui_logging.py:60}
2025-02-20 19:15:13,726 - gui.performance - [DEBUG] - Performance - TableView - paint_time: 0.58ms - {gui_logging.py:63}
2025-02-20 19:15:13,759 - gui.graphics - [DEBUG] - Graphics Event - Paint: TableView paint event started - {gui_logging.py:60}
2025-02-20 19:15:13,760 - gui.performance - [DEBUG] - Performance - TableView - paint_time: 0.97ms - {gui_logging.py:63}
2025-02-20 19:15:15,266 - gui.graphics - [DEBUG] - Graphics Event - Visibility: TableView hidden - {gui_logging.py:60}
2025-02-20 19:16:02,873 - gui - [INFO] - Initializing application logging - {app.py:21}
2025-02-20 19:16:02,873 - gui.performance - [INFO] - Starting performance monitoring - {app.py:22}
2025-02-20 19:16:02,873 - gui.graphics - [INFO] - Configuring high DPI support - {app.py:37}
2025-02-20 19:16:02,924 - gui - [INFO] - Initializing database - {app.py:53}
2025-02-20 19:16:02,927 - gui - [INFO] - Creating QApplication instance - {app.py:59}
2025-02-20 19:16:03,121 - gui.graphics - [INFO] - Creating main window - {app.py:76}
2025-02-20 19:16:03,122 - gui - [DEBUG] - MainWindow initialized - {main_window.py:21}
2025-02-20 19:16:03,125 - gui - [DEBUG] - DataInterface initialized - {data_interface.py:13}
2025-02-20 19:16:03,126 - gui - [DEBUG] - ViewManager initialized - {view_manager.py:23}
2025-02-20 19:16:03,142 - gui - [DEBUG] - Updating data from data interface - {view_manager.py:229}
2025-02-20 19:16:03,142 - gui - [DEBUG] - Getting albums: page=0, filters=None - {data_interface.py:152}
2025-02-20 19:16:03,261 - gui - [DEBUG] - Initializing view: ViewType.TABLE - {view_manager.py:58}
2025-02-20 19:16:03,261 - gui.graphics - [INFO] - Initializing TableView - {base_view.py:23}
2025-02-20 19:16:03,272 - gui.graphics - [INFO] - Updating data in TableView: 100 nodes, 0 edges - {base_view.py:94}
2025-02-20 19:16:03,272 - gui.performance - [DEBUG] - Performance - TableView - data_update_time: 0.42ms - {gui_logging.py:63}
2025-02-20 19:16:03,273 - gui.graphics - [DEBUG] - Graphics Event - Update: TableView scheduled update - {gui_logging.py:60}
2025-02-20 19:16:03,274 - gui - [DEBUG] - Applying transition in TableView: {'transition': {'type': 'instant', 'duration': 300, 'easing': 'cubic-bezier(0.4, 0.0, 0.2, 1)'}, 'preserved_positions': {}, 'shared_selections': [], 'source_type': 'table', 'target_type': 'table'} - {base_view.py:110}
2025-02-20 19:16:03,274 - gui.interaction - [DEBUG] - User Interaction - TableView: Selection changed: 0 items - {gui_logging.py:66}
2025-02-20 19:16:03,274 - gui.interaction - [DEBUG] - User Interaction - TableView: Selection changed: 0 items - {gui_logging.py:66}
2025-02-20 19:16:03,275 - gui.performance - [DEBUG] - Performance - Application - initialization_time: 0.40s - {gui_logging.py:63}
2025-02-20 19:16:03,276 - gui.graphics - [INFO] - Displaying main window - {app.py:84}
2025-02-20 19:16:03,286 - gui - [DEBUG] - Resize event: PyQt6.QtCore.QSize(1200, 800) - {main_window.py:206}
2025-02-20 19:16:03,287 - gui.graphics - [DEBUG] - Graphics Event - Visibility: TableView shown - {gui_logging.py:60}
2025-02-20 19:16:03,288 - gui.graphics - [DEBUG] - Graphics Event - MainWindow: Window displayed - {gui_logging.py:60}
2025-02-20 19:16:03,302 - gui - [DEBUG] - Resize event: PyQt6.QtCore.QSize(1200, 713) - {main_window.py:206}
2025-02-20 19:16:03,304 - gui.graphics - [DEBUG] - Graphics Event - Paint: TableView paint event started - {gui_logging.py:60}
2025-02-20 19:16:03,308 - gui.performance - [DEBUG] - Performance - TableView - paint_time: 3.83ms - {gui_logging.py:63}
2025-02-20 19:16:03,357 - gui.graphics - [DEBUG] - Graphics Event - Paint: TableView paint event started - {gui_logging.py:60}
2025-02-20 19:16:03,358 - gui.performance - [DEBUG] - Performance - TableView - paint_time: 0.48ms - {gui_logging.py:63}
2025-02-20 19:16:03,396 - gui - [DEBUG] - Resize event: PyQt6.QtCore.QSize(1200, 800) - {main_window.py:206}
2025-02-20 19:16:03,397 - gui.graphics - [DEBUG] - Graphics Event - Paint: TableView paint event started - {gui_logging.py:60}
2025-02-20 19:16:03,403 - gui.performance - [DEBUG] - Performance - TableView - paint_time: 6.12ms - {gui_logging.py:63}
2025-02-20 19:16:03,440 - gui.graphics - [DEBUG] - Graphics Event - Paint: TableView paint event started - {gui_logging.py:60}
2025-02-20 19:16:03,441 - gui.performance - [DEBUG] - Performance - TableView - paint_time: 0.42ms - {gui_logging.py:63}
2025-02-20 19:16:03,451 - gui.graphics - [DEBUG] - Graphics Event - Paint: TableView paint event started - {gui_logging.py:60}
2025-02-20 19:16:03,452 - gui.performance - [DEBUG] - Performance - TableView - paint_time: 0.72ms - {gui_logging.py:63}
2025-02-20 19:16:03,489 - gui.graphics - [DEBUG] - Graphics Event - Paint: TableView paint event started - {gui_logging.py:60}
2025-02-20 19:16:03,490 - gui.performance - [DEBUG] - Performance - TableView - paint_time: 1.13ms - {gui_logging.py:63}
2025-02-20 19:16:05,462 - gui.graphics - [DEBUG] - Graphics Event - Paint: TableView paint event started - {gui_logging.py:60}
2025-02-20 19:16:05,462 - gui.performance - [DEBUG] - Performance - TableView - paint_time: 0.36ms - {gui_logging.py:63}
2025-02-20 19:16:07,478 - gui - [DEBUG] - Handling view change: network - {main_window.py:142}
2025-02-20 19:16:07,478 - gui - [DEBUG] - Initializing view: ViewType.NETWORK - {view_manager.py:58}
2025-02-20 19:16:07,479 - gui.graphics - [INFO] - Initializing EnhancedNetworkView - {base_view.py:23}
2025-02-20 19:16:07,482 - gui.graphics - [INFO] - Initializing EnhancedNetworkView - {enhanced_network_view.py:53}
2025-02-20 19:16:07,490 - gui - [DEBUG] - Updating data: 100 nodes, 0 edges - {enhanced_network_view.py:122}
2025-02-20 19:16:07,490 - gui.graphics - [INFO] - Updating data in EnhancedNetworkView: 100 nodes, 0 edges - {base_view.py:94}
2025-02-20 19:16:07,490 - gui.performance - [DEBUG] - Performance - EnhancedNetworkView - data_update_time: 0.26ms - {gui_logging.py:63}
2025-02-20 19:16:07,490 - gui - [ERROR] - Error in update_data: 'ClusterEngine' object has no attribute 'create_hierarchical_clusters' - {enhanced_network_view.py:140}
2025-02-20 19:16:07,492 - gui - [DEBUG] - Applying transition in EnhancedNetworkView: {'transition': {'type': 'instant', 'duration': 300, 'easing': 'cubic-bezier(0.4, 0.0, 0.2, 1)'}, 'preserved_positions': {}, 'shared_selections': [], 'source_type': 'network', 'target_type': 'network'} - {base_view.py:110}
2025-02-20 19:16:07,493 - gui.interaction - [DEBUG] - User Interaction - EnhancedNetworkView: Selection changed: 0 items - {gui_logging.py:66}
2025-02-20 19:16:07,493 - gui.interaction - [DEBUG] - User Interaction - EnhancedNetworkView: Selection changed: 0 items - {gui_logging.py:66}
2025-02-20 19:16:07,493 - gui.graphics - [DEBUG] - Graphics Event - Visibility: TableView hidden - {gui_logging.py:60}
2025-02-20 19:16:07,494 - gui.graphics - [DEBUG] - Graphics Event - Visibility: EnhancedNetworkView shown - {gui_logging.py:60}
2025-02-20 19:16:07,495 - gui - [DEBUG] - Initializing view: ViewType.NETWORK - {main_window.py:108}
2025-02-20 19:16:07,499 - gui - [WARNING] - Possible uncleared buffer in EnhancedNetworkView. May cause 'Hall of Mirrors' effect. - {graphics_debug.py:70}
2025-02-20 19:16:07,503 - gui.graphics - [DEBUG] - Starting buffer paint - {enhanced_network_view.py:257}
2025-02-20 19:16:07,505 - gui.performance - [DEBUG] - Performance - Rendering - edge_paint_time: 0.01ms - {gui_logging.py:63}
2025-02-20 19:16:09,893 - gui.graphics - [DEBUG] - Graphics Event - Visibility: EnhancedNetworkView hidden - {gui_logging.py:60}
2025-02-20 19:22:13,506 - gui - [INFO] - Initializing application logging - {app.py:21}
2025-02-20 19:22:13,506 - gui.performance - [INFO] - Starting performance monitoring - {app.py:22}
2025-02-20 19:22:13,507 - gui.graphics - [INFO] - Configuring high DPI support - {app.py:37}
2025-02-20 19:22:13,543 - gui - [INFO] - Initializing database - {app.py:53}
2025-02-20 19:22:13,546 - gui - [INFO] - Creating QApplication instance - {app.py:59}
2025-02-20 19:22:13,708 - gui.graphics - [INFO] - Creating main window - {app.py:76}
2025-02-20 19:22:13,709 - gui - [DEBUG] - MainWindow initialized - {main_window.py:21}
2025-02-20 19:22:13,713 - gui - [DEBUG] - DataInterface initialized - {data_interface.py:13}
2025-02-20 19:22:13,713 - gui - [DEBUG] - ViewManager initialized - {view_manager.py:23}
2025-02-20 19:22:13,731 - gui - [DEBUG] - Updating data from data interface - {view_manager.py:229}
2025-02-20 19:22:13,731 - gui - [DEBUG] - Getting albums: page=0, filters=None - {data_interface.py:152}
2025-02-20 19:22:13,837 - gui - [DEBUG] - Initializing view: ViewType.TABLE - {view_manager.py:58}
2025-02-20 19:22:13,837 - gui.graphics - [INFO] - Initializing TableView - {base_view.py:23}
2025-02-20 19:22:13,847 - gui.graphics - [INFO] - Updating data in TableView: 100 nodes, 0 edges - {base_view.py:94}
2025-02-20 19:22:13,847 - gui.performance - [DEBUG] - Performance - TableView - data_update_time: 0.30ms - {gui_logging.py:63}
2025-02-20 19:22:13,847 - gui.graphics - [DEBUG] - Graphics Event - Update: TableView scheduled update - {gui_logging.py:60}
2025-02-20 19:22:13,848 - gui - [DEBUG] - Applying transition in TableView: {'transition': {'type': 'instant', 'duration': 300, 'easing': 'cubic-bezier(0.4, 0.0, 0.2, 1)'}, 'preserved_positions': {}, 'shared_selections': [], 'source_type': 'table', 'target_type': 'table'} - {base_view.py:110}
2025-02-20 19:22:13,848 - gui.interaction - [DEBUG] - User Interaction - TableView: Selection changed: 0 items - {gui_logging.py:66}
2025-02-20 19:22:13,848 - gui.interaction - [DEBUG] - User Interaction - TableView: Selection changed: 0 items - {gui_logging.py:66}
2025-02-20 19:22:13,849 - gui.performance - [DEBUG] - Performance - Application - initialization_time: 0.34s - {gui_logging.py:63}
2025-02-20 19:22:13,849 - gui.graphics - [INFO] - Displaying main window - {app.py:84}
2025-02-20 19:22:13,853 - gui - [DEBUG] - Resize event: PyQt6.QtCore.QSize(1200, 800) - {main_window.py:206}
2025-02-20 19:22:13,854 - gui.graphics - [DEBUG] - Graphics Event - Visibility: TableView shown - {gui_logging.py:60}
2025-02-20 19:22:13,856 - gui.graphics - [DEBUG] - Graphics Event - MainWindow: Window displayed - {gui_logging.py:60}
2025-02-20 19:22:13,872 - gui - [DEBUG] - Resize event: PyQt6.QtCore.QSize(1200, 713) - {main_window.py:206}
2025-02-20 19:22:13,874 - gui.graphics - [DEBUG] - Graphics Event - Paint: TableView paint event started - {gui_logging.py:60}
2025-02-20 19:22:13,884 - gui.performance - [DEBUG] - Performance - TableView - paint_time: 9.68ms - {gui_logging.py:63}
2025-02-20 19:22:13,948 - gui.graphics - [DEBUG] - Graphics Event - Paint: TableView paint event started - {gui_logging.py:60}
2025-02-20 19:22:13,948 - gui.performance - [DEBUG] - Performance - TableView - paint_time: 0.49ms - {gui_logging.py:63}
2025-02-20 19:22:13,969 - gui - [DEBUG] - Resize event: PyQt6.QtCore.QSize(1200, 800) - {main_window.py:206}
2025-02-20 19:22:13,972 - gui.graphics - [DEBUG] - Graphics Event - Paint: TableView paint event started - {gui_logging.py:60}
2025-02-20 19:22:13,976 - gui.performance - [DEBUG] - Performance - TableView - paint_time: 4.02ms - {gui_logging.py:63}
2025-02-20 19:22:14,014 - gui.graphics - [DEBUG] - Graphics Event - Paint: TableView paint event started - {gui_logging.py:60}
2025-02-20 19:22:14,014 - gui.performance - [DEBUG] - Performance - TableView - paint_time: 0.52ms - {gui_logging.py:63}
2025-02-20 19:22:14,030 - gui.graphics - [DEBUG] - Graphics Event - Paint: TableView paint event started - {gui_logging.py:60}
2025-02-20 19:22:14,030 - gui.performance - [DEBUG] - Performance - TableView - paint_time: 0.39ms - {gui_logging.py:63}
2025-02-20 19:22:14,070 - gui.graphics - [DEBUG] - Graphics Event - Paint: TableView paint event started - {gui_logging.py:60}
2025-02-20 19:22:14,070 - gui.performance - [DEBUG] - Performance - TableView - paint_time: 0.57ms - {gui_logging.py:63}
2025-02-20 19:22:17,290 - gui.graphics - [DEBUG] - Graphics Event - Paint: TableView paint event started - {gui_logging.py:60}
2025-02-20 19:22:17,290 - gui.performance - [DEBUG] - Performance - TableView - paint_time: 0.53ms - {gui_logging.py:63}
2025-02-20 19:22:18,112 - gui.graphics - [DEBUG] - Graphics Event - Paint: TableView paint event started - {gui_logging.py:60}
2025-02-20 19:22:18,113 - gui.performance - [DEBUG] - Performance - TableView - paint_time: 0.48ms - {gui_logging.py:63}
2025-02-20 19:22:18,130 - gui.graphics - [DEBUG] - Graphics Event - Paint: TableView paint event started - {gui_logging.py:60}
2025-02-20 19:22:18,130 - gui.performance - [DEBUG] - Performance - TableView - paint_time: 0.52ms - {gui_logging.py:63}
2025-02-20 19:22:18,288 - gui.graphics - [DEBUG] - Graphics Event - Paint: TableView paint event started - {gui_logging.py:60}
2025-02-20 19:22:18,289 - gui.performance - [DEBUG] - Performance - TableView - paint_time: 0.60ms - {gui_logging.py:63}
2025-02-20 19:22:18,305 - gui.graphics - [DEBUG] - Graphics Event - Paint: TableView paint event started - {gui_logging.py:60}
2025-02-20 19:22:18,306 - gui.performance - [DEBUG] - Performance - TableView - paint_time: 0.64ms - {gui_logging.py:63}
2025-02-20 19:22:18,971 - gui.graphics - [DEBUG] - Graphics Event - Visibility: TableView hidden - {gui_logging.py:60}
2025-02-20 19:47:49,569 - gui - [INFO] - Initializing application logging - {app.py:21}
2025-02-20 19:47:49,569 - gui.performance - [INFO] - Starting performance monitoring - {app.py:22}
2025-02-20 19:47:49,570 - gui.graphics - [INFO] - Configuring high DPI support - {app.py:37}
2025-02-20 19:47:49,632 - gui - [INFO] - Initializing database - {app.py:53}
2025-02-20 19:47:49,637 - gui - [INFO] - Creating QApplication instance - {app.py:59}
2025-02-20 19:47:49,986 - gui.graphics - [INFO] - Creating main window - {app.py:76}
2025-02-20 19:47:49,988 - gui - [DEBUG] - MainWindow initialized - {main_window.py:21}
2025-02-20 19:47:50,002 - gui - [DEBUG] - DataInterface initialized - {data_interface.py:13}
2025-02-20 19:47:50,002 - gui - [DEBUG] - ViewManager initialized - {view_manager.py:23}
2025-02-20 19:47:50,019 - gui - [DEBUG] - Updating data from data interface - {view_manager.py:229}
2025-02-20 19:47:50,019 - gui - [DEBUG] - Getting albums: page=0, filters=None - {data_interface.py:152}
2025-02-20 19:47:50,156 - gui - [DEBUG] - Initializing view: ViewType.TABLE - {view_manager.py:58}
2025-02-20 19:47:50,157 - gui.graphics - [INFO] - Initializing TableView - {base_view.py:23}
2025-02-20 19:47:50,174 - gui.graphics - [INFO] - Updating data in TableView: 100 nodes, 0 edges - {base_view.py:94}
2025-02-20 19:47:50,175 - gui.performance - [DEBUG] - Performance - TableView - data_update_time: 1.00ms - {gui_logging.py:63}
2025-02-20 19:47:50,175 - gui.graphics - [DEBUG] - Graphics Event - Update: TableView scheduled update - {gui_logging.py:60}
2025-02-20 19:47:50,177 - gui - [DEBUG] - Applying transition in TableView: {'transition': {'type': 'instant', 'duration': 300, 'easing': 'cubic-bezier(0.4, 0.0, 0.2, 1)'}, 'preserved_positions': {}, 'shared_selections': [], 'source_type': 'table', 'target_type': 'table'} - {base_view.py:110}
2025-02-20 19:47:50,177 - gui.interaction - [DEBUG] - User Interaction - TableView: Selection changed: 0 items - {gui_logging.py:66}
2025-02-20 19:47:50,177 - gui.interaction - [DEBUG] - User Interaction - TableView: Selection changed: 0 items - {gui_logging.py:66}
2025-02-20 19:47:50,178 - gui.performance - [DEBUG] - Performance - Application - initialization_time: 0.61s - {gui_logging.py:63}
2025-02-20 19:47:50,180 - gui.graphics - [INFO] - Displaying main window - {app.py:84}
2025-02-20 19:47:50,193 - gui - [DEBUG] - Resize event: PyQt6.QtCore.QSize(1200, 800) - {main_window.py:206}
2025-02-20 19:47:50,195 - gui.graphics - [DEBUG] - Graphics Event - Update: TableView scheduled update - {gui_logging.py:60}
2025-02-20 19:47:50,201 - gui.graphics - [DEBUG] - Graphics Event - Visibility: TableView shown - {gui_logging.py:60}
2025-02-20 19:47:50,207 - gui.graphics - [DEBUG] - Graphics Event - MainWindow: Window displayed - {gui_logging.py:60}
2025-02-20 19:47:50,229 - gui - [DEBUG] - Resize event: PyQt6.QtCore.QSize(1200, 713) - {main_window.py:206}
2025-02-20 19:47:50,231 - gui.graphics - [DEBUG] - Graphics Event - Paint: TableView paint event started - {gui_logging.py:60}
2025-02-20 19:47:50,238 - gui.performance - [DEBUG] - Performance - TableView - paint_time: 6.54ms - {gui_logging.py:63}
2025-02-20 19:47:50,296 - gui.graphics - [DEBUG] - Graphics Event - Paint: TableView paint event started - {gui_logging.py:60}
2025-02-20 19:47:50,298 - gui.performance - [DEBUG] - Performance - TableView - paint_time: 1.50ms - {gui_logging.py:63}
2025-02-20 19:47:50,325 - gui - [DEBUG] - Resize event: PyQt6.QtCore.QSize(1200, 800) - {main_window.py:206}
2025-02-20 19:47:50,328 - gui.graphics - [DEBUG] - Graphics Event - Paint: TableView paint event started - {gui_logging.py:60}
2025-02-20 19:47:50,335 - gui.performance - [DEBUG] - Performance - TableView - paint_time: 6.49ms - {gui_logging.py:63}
2025-02-20 19:47:50,373 - gui.graphics - [DEBUG] - Graphics Event - Paint: TableView paint event started - {gui_logging.py:60}
2025-02-20 19:47:50,373 - gui.performance - [DEBUG] - Performance - TableView - paint_time: 0.69ms - {gui_logging.py:63}
2025-02-20 19:47:50,391 - gui.graphics - [DEBUG] - Graphics Event - Paint: TableView paint event started - {gui_logging.py:60}
2025-02-20 19:47:50,393 - gui.performance - [DEBUG] - Performance - TableView - paint_time: 0.98ms - {gui_logging.py:63}
2025-02-20 19:54:02,864 - gui.graphics - [DEBUG] - Graphics Event - Paint: TableView paint event started - {gui_logging.py:60}
2025-02-20 19:54:02,865 - gui.performance - [DEBUG] - Performance - TableView - paint_time: 0.62ms - {gui_logging.py:63}
2025-02-20 19:54:02,876 - gui.graphics - [DEBUG] - Graphics Event - Paint: TableView paint event started - {gui_logging.py:60}
2025-02-20 19:54:02,877 - gui.performance - [DEBUG] - Performance - TableView - paint_time: 0.60ms - {gui_logging.py:63}
2025-02-20 20:36:29,242 - gui.graphics - [DEBUG] - Graphics Event - Paint: TableView paint event started - {gui_logging.py:60}
2025-02-20 20:36:29,243 - gui.performance - [DEBUG] - Performance - TableView - paint_time: 1.06ms - {gui_logging.py:63}
2025-02-20 20:36:29,265 - gui.graphics - [DEBUG] - Graphics Event - Paint: TableView paint event started - {gui_logging.py:60}
2025-02-20 20:36:29,265 - gui.performance - [DEBUG] - Performance - TableView - paint_time: 0.45ms - {gui_logging.py:63}
2025-02-20 20:36:31,715 - gui.graphics - [DEBUG] - Graphics Event - Paint: TableView paint event started - {gui_logging.py:60}
2025-02-20 20:36:31,716 - gui.performance - [DEBUG] - Performance - TableView - paint_time: 0.99ms - {gui_logging.py:63}
2025-02-20 20:36:31,750 - gui.graphics - [DEBUG] - Graphics Event - Paint: TableView paint event started - {gui_logging.py:60}
2025-02-20 20:36:31,752 - gui.performance - [DEBUG] - Performance - TableView - paint_time: 1.41ms - {gui_logging.py:63}
2025-02-20 20:36:32,074 - gui.graphics - [DEBUG] - Graphics Event - Paint: TableView paint event started - {gui_logging.py:60}
2025-02-20 20:36:32,075 - gui.performance - [DEBUG] - Performance - TableView - paint_time: 0.64ms - {gui_logging.py:63}
2025-02-20 20:36:32,097 - gui.graphics - [DEBUG] - Graphics Event - Paint: TableView paint event started - {gui_logging.py:60}
2025-02-20 20:36:32,098 - gui.performance - [DEBUG] - Performance - TableView - paint_time: 0.77ms - {gui_logging.py:63}
2025-02-20 20:36:33,295 - gui.graphics - [DEBUG] - Graphics Event - Visibility: TableView hidden - {gui_logging.py:60}
