2025-03-09 04:08:20,511 - albumexplore.gui - INFO - Logging system initialized - {gui_logging.py:57}
2025-03-09 04:08:20,514 - albumexplore.gui - INFO - Starting application - {app.py:96}
2025-03-09 04:08:20,753 - albumexplore.gui - INFO - Creating QApplication instance - {app.py:103}
2025-03-09 04:08:21,148 - albumexplore.gui - INFO - Initializing database connection - {app.py:112}
2025-03-09 04:08:21,148 - albumexplore.gui - INFO - Initializing database - {app.py:21}
2025-03-09 04:08:21,148 - albumexplore.gui - DEBUG - Using database: sqlite:///albumexplore.db - {app.py:25}
2025-03-09 04:08:21,299 - albumexplore.gui - DEBUG - Current album count: 11752 - {app.py:35}
2025-03-09 04:08:21,299 - albumexplore.gui - INFO - Database already contains 11752 albums - {app.py:48}
2025-03-09 04:08:21,300 - albumexplore.gui - INFO - Creating main window - {app.py:116}
2025-03-09 04:08:21,308 - albumexplore.gui - DEBUG - MainWindow initialized - {main_window.py:21}
2025-03-09 04:08:21,325 - albumexplore.gui - DEBUG - Visualization container setup complete - {main_window.py:106}
2025-03-09 04:08:21,325 - albumexplore.gui - DEBUG - DataInterface initialized - {data_interface.py:14}
2025-03-09 04:08:21,327 - albumexplore.gui - DEBUG - Updating visualization data - {view_manager.py:136}
2025-03-09 04:08:21,327 - albumexplore.gui - DEBUG - Getting visible data... - {data_interface.py:113}
2025-03-09 04:08:23,583 - albumexplore.gui - DEBUG - Retrieved 11752 albums from database - {data_interface.py:120}
2025-03-09 04:08:23,910 - albumexplore.gui - DEBUG - Created 11752 visual nodes - {data_interface.py:153}
2025-03-09 04:08:23,925 - albumexplore.gui - DEBUG - View controls setup complete - {main_window.py:254}
2025-03-09 04:08:23,971 - albumexplore.gui - DEBUG - Window resized to 1200x800 - {main_window.py:215}
2025-03-09 04:08:23,981 - albumexplore.gui - DEBUG - MainWindow created. Visible: True, Active: False - {main_window.py:80}
2025-03-09 04:08:23,981 - albumexplore.gui - DEBUG - Window geometry: PyQt6.QtCore.QRect(0, 0, 1200, 800) - {main_window.py:81}
2025-03-09 04:08:23,983 - albumexplore.gui - DEBUG - Primary screen available: eDP-1 - {app.py:122}
2025-03-09 04:08:23,983 - albumexplore.gui - DEBUG - Window positioned at 80, -33 - {app.py:128}
2025-03-09 04:08:23,983 - albumexplore.gui - INFO - Forcing window to show - {app.py:133}
2025-03-09 04:08:23,983 - albumexplore.gui - DEBUG - After show: Window visible=True, active=False - {app.py:139}
2025-03-09 04:08:23,985 - albumexplore.gui - DEBUG - Starting application initialization - {main_window.py:111}
2025-03-09 04:08:23,985 - albumexplore.gui - DEBUG - Widget hierarchy: - {main_window.py:167}
2025-03-09 04:08:23,986 - albumexplore.gui - DEBUG - MainWindow:  - {main_window.py:162}
2025-03-09 04:08:23,987 - albumexplore.gui - DEBUG -   QLayout: _layout - {main_window.py:162}
2025-03-09 04:08:23,987 - albumexplore.gui - DEBUG -   GraphicsDebugMonitor:  - {main_window.py:162}
2025-03-09 04:08:23,987 - albumexplore.gui - DEBUG -   QWidget:  - {main_window.py:162}
2025-03-09 04:08:23,989 - albumexplore.gui - DEBUG -     QVBoxLayout:  - {main_window.py:162}
2025-03-09 04:08:23,989 - albumexplore.gui - DEBUG -     QFrame: visualizationContainer - {main_window.py:162}
2025-03-09 04:08:23,989 - albumexplore.gui - DEBUG -       QVBoxLayout:  - {main_window.py:162}
2025-03-09 04:08:23,989 - albumexplore.gui - DEBUG -     QWidget:  - {main_window.py:162}
2025-03-09 04:08:23,989 - albumexplore.gui - DEBUG -       QHBoxLayout:  - {main_window.py:162}
2025-03-09 04:08:23,989 - albumexplore.gui - DEBUG -       QLabel:  - {main_window.py:162}
2025-03-09 04:08:23,990 - albumexplore.gui - DEBUG -       QComboBox:  - {main_window.py:162}
2025-03-09 04:08:23,992 - albumexplore.gui - DEBUG -         QStandardItemModel:  - {main_window.py:162}
2025-03-09 04:08:23,993 - albumexplore.gui - DEBUG -         QFrame:  - {main_window.py:162}
2025-03-09 04:08:23,997 - albumexplore.gui - DEBUG -           QBoxLayout:  - {main_window.py:162}
2025-03-09 04:08:23,998 - albumexplore.gui - DEBUG -           QListView:  - {main_window.py:162}
2025-03-09 04:08:23,999 - albumexplore.gui - DEBUG -             QWidget: qt_scrollarea_viewport - {main_window.py:162}
2025-03-09 04:08:23,999 - albumexplore.gui - DEBUG -             QWidget: qt_scrollarea_hcontainer - {main_window.py:162}
2025-03-09 04:08:24,000 - albumexplore.gui - DEBUG -               QScrollBar:  - {main_window.py:162}
2025-03-09 04:08:24,001 - albumexplore.gui - DEBUG -               QBoxLayout:  - {main_window.py:162}
2025-03-09 04:08:24,001 - albumexplore.gui - DEBUG -             QWidget: qt_scrollarea_vcontainer - {main_window.py:162}
2025-03-09 04:08:24,001 - albumexplore.gui - DEBUG -               QScrollBar:  - {main_window.py:162}
2025-03-09 04:08:24,001 - albumexplore.gui - DEBUG -               QBoxLayout:  - {main_window.py:162}
2025-03-09 04:08:24,001 - albumexplore.gui - DEBUG -             QStyledItemDelegate:  - {main_window.py:162}
2025-03-09 04:08:24,001 - albumexplore.gui - DEBUG -             QItemSelectionModel:  - {main_window.py:162}
2025-03-09 04:08:24,001 - albumexplore.gui - DEBUG -             QAbstractItemDelegate:  - {main_window.py:162}
2025-03-09 04:08:24,002 - albumexplore.gui - DEBUG -           QWidget:  - {main_window.py:162}
2025-03-09 04:08:24,002 - albumexplore.gui - DEBUG -           QWidget:  - {main_window.py:162}
2025-03-09 04:08:24,002 - albumexplore.gui - DEBUG -     QPropertyAnimation:  - {main_window.py:162}
2025-03-09 04:08:24,002 - albumexplore.gui - DEBUG -     QPropertyAnimation:  - {main_window.py:162}
2025-03-09 04:08:24,002 - albumexplore.gui - DEBUG -   QStatusBar:  - {main_window.py:162}
2025-03-09 04:08:24,002 - albumexplore.gui - DEBUG -     QSizeGrip:  - {main_window.py:162}
2025-03-09 04:08:24,002 - albumexplore.gui - DEBUG -     QHBoxLayout:  - {main_window.py:162}
2025-03-09 04:08:24,003 - albumexplore.gui - DEBUG -       QVBoxLayout:  - {main_window.py:162}
2025-03-09 04:08:24,003 - albumexplore.gui - DEBUG -         QHBoxLayout:  - {main_window.py:162}
2025-03-09 04:08:24,003 - albumexplore.gui - DEBUG - Loading initial data - {main_window.py:117}
2025-03-09 04:08:24,003 - albumexplore.gui - DEBUG - Updating visualization data - {view_manager.py:136}
2025-03-09 04:08:24,003 - albumexplore.gui - DEBUG - Getting visible data... - {data_interface.py:113}
2025-03-09 04:08:25,710 - albumexplore.gui - DEBUG - Retrieved 11752 albums from database - {data_interface.py:120}
2025-03-09 04:08:26,299 - albumexplore.gui - DEBUG - Created 11752 visual nodes - {data_interface.py:153}
2025-03-09 04:08:26,320 - albumexplore.gui - INFO - Loaded 11752 nodes - {main_window.py:119}
2025-03-09 04:08:26,320 - albumexplore.gui - DEBUG - Switching to initial view - {main_window.py:122}
2025-03-09 04:08:26,320 - albumexplore.gui - DEBUG - Switching to view type: ViewType.TABLE - {view_manager.py:64}
2025-03-09 04:08:26,327 - albumexplore.gui - DEBUG - TableViewWidget initialized with size PyQt6.QtCore.QSize(100, 100) - {views.py:47}
2025-03-09 04:08:26,328 - albumexplore.gui - DEBUG - Initializing TableViewWidget - {views.py:122}
2025-03-09 04:08:26,360 - albumexplore.gui - DEBUG - TableViewWidget initialized with size PyQt6.QtCore.QSize(100, 100) - {views.py:200}
2025-03-09 04:08:26,362 - albumexplore.gui - DEBUG - Created view of type: ViewType.TABLE - {__init__.py:46}
2025-03-09 04:08:26,362 - albumexplore.gui - DEBUG - Initializing table view data - {view_manager.py:85}
2025-03-09 04:08:26,374 - albumexplore.gui - DEBUG - Found 11752 valid row nodes - {view_manager.py:87}
2025-03-09 04:08:26,375 - albumexplore.gui - DEBUG - Updating table data with 11752 nodes - {views.py:204}
2025-03-09 04:08:26,375 - albumexplore.gui - DEBUG - Filtering 11752 nodes for row type - {views.py:210}
2025-03-09 04:08:26,377 - albumexplore.gui - DEBUG - Found 11752 valid row nodes - {views.py:212}
2025-03-09 04:08:27,844 - albumexplore.gui - DEBUG - Table updated with 11752 rows - {views.py:252}
2025-03-09 04:08:27,845 - albumexplore.gui - DEBUG - TableViewWidget resized to PyQt6.QtCore.QSize(1200, 743) - {views.py:70}
2025-03-09 04:08:27,845 - albumexplore.gui - DEBUG - Table resized to PyQt6.QtCore.QSize(1200, 743) - {views.py:295}
2025-03-09 04:08:27,846 - albumexplore.gui - DEBUG - TableViewWidget shown - {views.py:89}
2025-03-09 04:08:27,847 - albumexplore.gui - DEBUG - Table view shown - {views.py:287}
2025-03-09 04:08:27,848 - albumexplore.gui - DEBUG - Widget hierarchy: - {main_window.py:167}
2025-03-09 04:08:27,848 - albumexplore.gui - DEBUG - MainWindow:  - {main_window.py:162}
2025-03-09 04:08:27,849 - albumexplore.gui - DEBUG -   QLayout: _layout - {main_window.py:162}
2025-03-09 04:08:27,850 - albumexplore.gui - DEBUG -   GraphicsDebugMonitor:  - {main_window.py:162}
2025-03-09 04:08:27,854 - albumexplore.gui - DEBUG -   QWidget:  - {main_window.py:162}
2025-03-09 04:08:27,861 - albumexplore.gui - DEBUG -     QVBoxLayout:  - {main_window.py:162}
2025-03-09 04:08:27,862 - albumexplore.gui - DEBUG -     QFrame: visualizationContainer - {main_window.py:162}
2025-03-09 04:08:27,862 - albumexplore.gui - DEBUG -       QVBoxLayout:  - {main_window.py:162}
2025-03-09 04:08:27,862 - albumexplore.gui - DEBUG -       TableViewWidget: TableViewWidget - {main_window.py:162}
2025-03-09 04:08:27,862 - albumexplore.gui - DEBUG -         GraphicsDebugMonitor:  - {main_window.py:162}
2025-03-09 04:08:27,862 - albumexplore.gui - DEBUG -         QVBoxLayout:  - {main_window.py:162}
2025-03-09 04:08:27,862 - albumexplore.gui - DEBUG -         QTableWidget: albumTable - {main_window.py:162}
2025-03-09 04:08:27,863 - albumexplore.gui - DEBUG -           QWidget: qt_scrollarea_viewport - {main_window.py:162}
2025-03-09 04:08:27,864 - albumexplore.gui - DEBUG -           QStyledItemDelegate:  - {main_window.py:162}
2025-03-09 04:08:27,864 - albumexplore.gui - DEBUG -           QHeaderView:  - {main_window.py:162}
2025-03-09 04:08:27,864 - albumexplore.gui - DEBUG -             QWidget: qt_scrollarea_viewport - {main_window.py:162}
2025-03-09 04:08:27,864 - albumexplore.gui - DEBUG -             QWidget: qt_scrollarea_hcontainer - {main_window.py:162}
2025-03-09 04:08:27,865 - albumexplore.gui - DEBUG -               QScrollBar:  - {main_window.py:162}
2025-03-09 04:08:27,865 - albumexplore.gui - DEBUG -               QBoxLayout:  - {main_window.py:162}
2025-03-09 04:08:27,865 - albumexplore.gui - DEBUG -             QWidget: qt_scrollarea_vcontainer - {main_window.py:162}
2025-03-09 04:08:27,866 - albumexplore.gui - DEBUG -               QScrollBar:  - {main_window.py:162}
2025-03-09 04:08:27,866 - albumexplore.gui - DEBUG -               QBoxLayout:  - {main_window.py:162}
2025-03-09 04:08:27,866 - albumexplore.gui - DEBUG -             QItemSelectionModel:  - {main_window.py:162}
2025-03-09 04:08:27,867 - albumexplore.gui - DEBUG -           QHeaderView:  - {main_window.py:162}
2025-03-09 04:08:27,867 - albumexplore.gui - DEBUG -             QWidget: qt_scrollarea_viewport - {main_window.py:162}
2025-03-09 04:08:27,867 - albumexplore.gui - DEBUG -             QWidget: qt_scrollarea_hcontainer - {main_window.py:162}
2025-03-09 04:08:27,867 - albumexplore.gui - DEBUG -               QScrollBar:  - {main_window.py:162}
2025-03-09 04:08:27,867 - albumexplore.gui - DEBUG -               QBoxLayout:  - {main_window.py:162}
2025-03-09 04:08:27,867 - albumexplore.gui - DEBUG -             QWidget: qt_scrollarea_vcontainer - {main_window.py:162}
2025-03-09 04:08:27,868 - albumexplore.gui - DEBUG -               QScrollBar:  - {main_window.py:162}
2025-03-09 04:08:27,868 - albumexplore.gui - DEBUG -               QBoxLayout:  - {main_window.py:162}
2025-03-09 04:08:27,868 - albumexplore.gui - DEBUG -             QItemSelectionModel:  - {main_window.py:162}
2025-03-09 04:08:27,868 - albumexplore.gui - DEBUG -           QAbstractButton:  - {main_window.py:162}
2025-03-09 04:08:27,868 - albumexplore.gui - DEBUG -           QAbstractTableModel:  - {main_window.py:162}
2025-03-09 04:08:27,873 - albumexplore.gui - DEBUG -           QItemSelectionModel:  - {main_window.py:162}
2025-03-09 04:08:27,874 - albumexplore.gui - DEBUG -           QWidget: qt_scrollarea_hcontainer - {main_window.py:162}
2025-03-09 04:08:27,884 - albumexplore.gui - DEBUG -             QScrollBar:  - {main_window.py:162}
2025-03-09 04:08:27,884 - albumexplore.gui - DEBUG -             QBoxLayout:  - {main_window.py:162}
2025-03-09 04:08:27,884 - albumexplore.gui - DEBUG -           QWidget: qt_scrollarea_vcontainer - {main_window.py:162}
2025-03-09 04:08:27,884 - albumexplore.gui - DEBUG -             QScrollBar:  - {main_window.py:162}
2025-03-09 04:08:27,884 - albumexplore.gui - DEBUG -             QBoxLayout:  - {main_window.py:162}
2025-03-09 04:08:27,884 - albumexplore.gui - DEBUG -     QWidget:  - {main_window.py:162}
2025-03-09 04:08:27,885 - albumexplore.gui - DEBUG -       QHBoxLayout:  - {main_window.py:162}
2025-03-09 04:08:27,885 - albumexplore.gui - DEBUG -       QLabel:  - {main_window.py:162}
2025-03-09 04:08:27,885 - albumexplore.gui - DEBUG -       QComboBox:  - {main_window.py:162}
2025-03-09 04:08:27,885 - albumexplore.gui - DEBUG -         QStandardItemModel:  - {main_window.py:162}
2025-03-09 04:08:27,885 - albumexplore.gui - DEBUG -         QFrame:  - {main_window.py:162}
2025-03-09 04:08:27,885 - albumexplore.gui - DEBUG -           QBoxLayout:  - {main_window.py:162}
2025-03-09 04:08:27,885 - albumexplore.gui - DEBUG -           QListView:  - {main_window.py:162}
2025-03-09 04:08:27,885 - albumexplore.gui - DEBUG -             QWidget: qt_scrollarea_viewport - {main_window.py:162}
2025-03-09 04:08:27,886 - albumexplore.gui - DEBUG -             QWidget: qt_scrollarea_hcontainer - {main_window.py:162}
2025-03-09 04:08:27,886 - albumexplore.gui - DEBUG -               QScrollBar:  - {main_window.py:162}
2025-03-09 04:08:27,887 - albumexplore.gui - DEBUG -               QBoxLayout:  - {main_window.py:162}
2025-03-09 04:08:27,887 - albumexplore.gui - DEBUG -             QWidget: qt_scrollarea_vcontainer - {main_window.py:162}
2025-03-09 04:08:27,888 - albumexplore.gui - DEBUG -               QScrollBar:  - {main_window.py:162}
2025-03-09 04:08:27,888 - albumexplore.gui - DEBUG -               QBoxLayout:  - {main_window.py:162}
2025-03-09 04:08:27,888 - albumexplore.gui - DEBUG -             QStyledItemDelegate:  - {main_window.py:162}
2025-03-09 04:08:27,888 - albumexplore.gui - DEBUG -             QItemSelectionModel:  - {main_window.py:162}
2025-03-09 04:08:27,889 - albumexplore.gui - DEBUG -             QAbstractItemDelegate:  - {main_window.py:162}
2025-03-09 04:08:27,889 - albumexplore.gui - DEBUG -           QWidget:  - {main_window.py:162}
2025-03-09 04:08:27,890 - albumexplore.gui - DEBUG -           QWidget:  - {main_window.py:162}
2025-03-09 04:08:27,890 - albumexplore.gui - DEBUG -     QPropertyAnimation:  - {main_window.py:162}
2025-03-09 04:08:27,890 - albumexplore.gui - DEBUG -     QPropertyAnimation:  - {main_window.py:162}
2025-03-09 04:08:27,890 - albumexplore.gui - DEBUG -     QPropertyAnimation:  - {main_window.py:162}
2025-03-09 04:08:27,890 - albumexplore.gui - DEBUG -   QStatusBar:  - {main_window.py:162}
2025-03-09 04:08:27,891 - albumexplore.gui - DEBUG -     QSizeGrip:  - {main_window.py:162}
2025-03-09 04:08:27,891 - albumexplore.gui - DEBUG -     QHBoxLayout:  - {main_window.py:162}
2025-03-09 04:08:27,892 - albumexplore.gui - DEBUG -       QVBoxLayout:  - {main_window.py:162}
2025-03-09 04:08:27,892 - albumexplore.gui - DEBUG -         QHBoxLayout:  - {main_window.py:162}
2025-03-09 04:08:27,892 - albumexplore.gui - DEBUG - Application initialization complete - {main_window.py:142}
2025-03-09 04:08:27,898 - albumexplore.gui - DEBUG - After processEvents: Window visible=True, active=False - {app.py:148}
2025-03-09 04:08:27,908 - albumexplore.gui - INFO - Starting Qt event loop - {app.py:158}
2025-03-09 04:08:27,910 - albumexplore.gui - DEBUG - Window resized to 1200x713 - {main_window.py:215}
2025-03-09 04:08:27,911 - albumexplore.gui - DEBUG - TableViewWidget resized to PyQt6.QtCore.QSize(1200, 713) - {views.py:70}
2025-03-09 04:08:27,912 - albumexplore.gui - DEBUG - Table resized to PyQt6.QtCore.QSize(1200, 713) - {views.py:295}
2025-03-09 04:09:03,902 - albumexplore.gui - DEBUG - Cleaning up view manager resources - {view_manager.py:251}
2025-03-09 04:09:03,902 - albumexplore.gui - DEBUG - Cleaning up current view: ViewType.TABLE - {view_manager.py:259}
2025-03-09 04:09:03,903 - albumexplore.gui - DEBUG - TableViewWidget hidden - {views.py:299}
2025-03-09 04:09:03,903 - albumexplore.gui - DEBUG - TableViewWidget hidden - {views.py:109}
2025-03-09 04:09:03,947 - albumexplore.gui - DEBUG - View manager cleanup complete - {view_manager.py:276}
2025-03-09 04:09:03,947 - albumexplore.gui - INFO - Application shutdown complete - {main_window.py:267}
2025-03-09 04:09:04,006 - albumexplore.gui - INFO - Application exited with code 0 - {app.py:160}
2025-03-09 04:10:00,942 - albumexplore.gui - INFO - Logging system initialized - {gui_logging.py:57}
2025-03-09 04:10:00,942 - albumexplore.gui - INFO - Starting application - {app.py:96}
2025-03-09 04:10:00,991 - albumexplore.gui - INFO - Creating QApplication instance - {app.py:103}
2025-03-09 04:10:01,342 - albumexplore.gui - INFO - Initializing database connection - {app.py:112}
2025-03-09 04:10:01,343 - albumexplore.gui - INFO - Initializing database - {app.py:21}
2025-03-09 04:10:01,343 - albumexplore.gui - DEBUG - Using database: sqlite:///albumexplore.db - {app.py:25}
2025-03-09 04:10:01,543 - albumexplore.gui - DEBUG - Current album count: 11752 - {app.py:35}
2025-03-09 04:10:01,543 - albumexplore.gui - INFO - Database already contains 11752 albums - {app.py:48}
2025-03-09 04:10:01,543 - albumexplore.gui - INFO - Creating main window - {app.py:116}
2025-03-09 04:10:01,544 - albumexplore.gui - DEBUG - MainWindow initialized - {main_window.py:21}
2025-03-09 04:10:01,560 - albumexplore.gui - DEBUG - Visualization container setup complete - {main_window.py:106}
2025-03-09 04:10:01,560 - albumexplore.gui - DEBUG - DataInterface initialized - {data_interface.py:14}
2025-03-09 04:10:01,561 - albumexplore.gui - DEBUG - Updating visualization data - {view_manager.py:136}
2025-03-09 04:10:01,562 - albumexplore.gui - DEBUG - Getting visible data... - {data_interface.py:113}
2025-03-09 04:10:03,442 - albumexplore.gui - DEBUG - Retrieved 11752 albums from database - {data_interface.py:120}
2025-03-09 04:10:03,772 - albumexplore.gui - DEBUG - Created 11752 visual nodes - {data_interface.py:153}
2025-03-09 04:10:03,836 - albumexplore.gui - DEBUG - View controls setup complete - {main_window.py:254}
2025-03-09 04:10:03,864 - albumexplore.gui - DEBUG - Window resized to 1200x800 - {main_window.py:215}
2025-03-09 04:10:03,875 - albumexplore.gui - DEBUG - MainWindow created. Visible: True, Active: False - {main_window.py:80}
2025-03-09 04:10:03,876 - albumexplore.gui - DEBUG - Window geometry: PyQt6.QtCore.QRect(0, 0, 1200, 800) - {main_window.py:81}
2025-03-09 04:10:03,879 - albumexplore.gui - DEBUG - Primary screen available: eDP-1 - {app.py:122}
2025-03-09 04:10:03,880 - albumexplore.gui - DEBUG - Window positioned at 80, -33 - {app.py:128}
2025-03-09 04:10:03,881 - albumexplore.gui - INFO - Forcing window to show - {app.py:133}
2025-03-09 04:10:03,882 - albumexplore.gui - DEBUG - After show: Window visible=True, active=False - {app.py:139}
2025-03-09 04:10:03,886 - albumexplore.gui - DEBUG - Starting application initialization - {main_window.py:111}
2025-03-09 04:10:03,887 - albumexplore.gui - DEBUG - Widget hierarchy: - {main_window.py:167}
2025-03-09 04:10:03,890 - albumexplore.gui - DEBUG - MainWindow:  - {main_window.py:162}
2025-03-09 04:10:03,890 - albumexplore.gui - DEBUG -   QLayout: _layout - {main_window.py:162}
2025-03-09 04:10:03,891 - albumexplore.gui - DEBUG -   GraphicsDebugMonitor:  - {main_window.py:162}
2025-03-09 04:10:03,891 - albumexplore.gui - DEBUG -   QWidget:  - {main_window.py:162}
2025-03-09 04:10:03,893 - albumexplore.gui - DEBUG -     QVBoxLayout:  - {main_window.py:162}
2025-03-09 04:10:03,893 - albumexplore.gui - DEBUG -     QFrame: visualizationContainer - {main_window.py:162}
2025-03-09 04:10:03,894 - albumexplore.gui - DEBUG -       QVBoxLayout:  - {main_window.py:162}
2025-03-09 04:10:03,894 - albumexplore.gui - DEBUG -     QWidget:  - {main_window.py:162}
2025-03-09 04:10:03,894 - albumexplore.gui - DEBUG -       QHBoxLayout:  - {main_window.py:162}
2025-03-09 04:10:03,894 - albumexplore.gui - DEBUG -       QLabel:  - {main_window.py:162}
2025-03-09 04:10:03,894 - albumexplore.gui - DEBUG -       QComboBox:  - {main_window.py:162}
2025-03-09 04:10:03,896 - albumexplore.gui - DEBUG -         QStandardItemModel:  - {main_window.py:162}
2025-03-09 04:10:03,897 - albumexplore.gui - DEBUG -         QFrame:  - {main_window.py:162}
2025-03-09 04:10:03,901 - albumexplore.gui - DEBUG -           QBoxLayout:  - {main_window.py:162}
2025-03-09 04:10:03,902 - albumexplore.gui - DEBUG -           QListView:  - {main_window.py:162}
2025-03-09 04:10:03,904 - albumexplore.gui - DEBUG -             QWidget: qt_scrollarea_viewport - {main_window.py:162}
2025-03-09 04:10:03,904 - albumexplore.gui - DEBUG -             QWidget: qt_scrollarea_hcontainer - {main_window.py:162}
2025-03-09 04:10:03,909 - albumexplore.gui - DEBUG -               QScrollBar:  - {main_window.py:162}
2025-03-09 04:10:03,910 - albumexplore.gui - DEBUG -               QBoxLayout:  - {main_window.py:162}
2025-03-09 04:10:03,911 - albumexplore.gui - DEBUG -             QWidget: qt_scrollarea_vcontainer - {main_window.py:162}
2025-03-09 04:10:03,912 - albumexplore.gui - DEBUG -               QScrollBar:  - {main_window.py:162}
2025-03-09 04:10:03,912 - albumexplore.gui - DEBUG -               QBoxLayout:  - {main_window.py:162}
2025-03-09 04:10:03,913 - albumexplore.gui - DEBUG -             QStyledItemDelegate:  - {main_window.py:162}
2025-03-09 04:10:03,913 - albumexplore.gui - DEBUG -             QItemSelectionModel:  - {main_window.py:162}
2025-03-09 04:10:03,914 - albumexplore.gui - DEBUG -             QAbstractItemDelegate:  - {main_window.py:162}
2025-03-09 04:10:03,914 - albumexplore.gui - DEBUG -           QWidget:  - {main_window.py:162}
2025-03-09 04:10:03,915 - albumexplore.gui - DEBUG -           QWidget:  - {main_window.py:162}
2025-03-09 04:10:03,916 - albumexplore.gui - DEBUG -     QPropertyAnimation:  - {main_window.py:162}
2025-03-09 04:10:03,917 - albumexplore.gui - DEBUG -     QPropertyAnimation:  - {main_window.py:162}
2025-03-09 04:10:03,917 - albumexplore.gui - DEBUG -   QStatusBar:  - {main_window.py:162}
2025-03-09 04:10:03,918 - albumexplore.gui - DEBUG -     QSizeGrip:  - {main_window.py:162}
2025-03-09 04:10:03,918 - albumexplore.gui - DEBUG -     QHBoxLayout:  - {main_window.py:162}
2025-03-09 04:10:03,919 - albumexplore.gui - DEBUG -       QVBoxLayout:  - {main_window.py:162}
2025-03-09 04:10:03,920 - albumexplore.gui - DEBUG -         QHBoxLayout:  - {main_window.py:162}
2025-03-09 04:10:03,921 - albumexplore.gui - DEBUG - Loading initial data - {main_window.py:117}
2025-03-09 04:10:03,923 - albumexplore.gui - DEBUG - Updating visualization data - {view_manager.py:136}
2025-03-09 04:10:03,924 - albumexplore.gui - DEBUG - Getting visible data... - {data_interface.py:113}
2025-03-09 04:10:05,633 - albumexplore.gui - DEBUG - Retrieved 11752 albums from database - {data_interface.py:120}
2025-03-09 04:10:05,907 - albumexplore.gui - DEBUG - Created 11752 visual nodes - {data_interface.py:153}
2025-03-09 04:10:05,989 - albumexplore.gui - INFO - Loaded 11752 nodes - {main_window.py:119}
2025-03-09 04:10:05,989 - albumexplore.gui - DEBUG - Switching to initial view - {main_window.py:122}
2025-03-09 04:10:05,989 - albumexplore.gui - DEBUG - Switching to view type: ViewType.TABLE - {view_manager.py:64}
2025-03-09 04:10:05,991 - albumexplore.gui - DEBUG - TableViewWidget initialized with size PyQt6.QtCore.QSize(100, 100) - {views.py:47}
2025-03-09 04:10:05,991 - albumexplore.gui - DEBUG - Initializing TableViewWidget - {views.py:122}
2025-03-09 04:10:06,006 - albumexplore.gui - DEBUG - TableViewWidget initialized with size PyQt6.QtCore.QSize(100, 100) - {views.py:200}
2025-03-09 04:10:06,008 - albumexplore.gui - DEBUG - Created view of type: ViewType.TABLE - {__init__.py:46}
2025-03-09 04:10:06,008 - albumexplore.gui - DEBUG - Initializing table view data - {view_manager.py:85}
2025-03-09 04:10:06,017 - albumexplore.gui - DEBUG - Found 11752 valid row nodes - {view_manager.py:87}
2025-03-09 04:10:06,017 - albumexplore.gui - DEBUG - Updating table data with 11752 nodes - {views.py:204}
2025-03-09 04:10:06,018 - albumexplore.gui - DEBUG - Filtering 11752 nodes for row type - {views.py:210}
2025-03-09 04:10:06,023 - albumexplore.gui - DEBUG - Found 11752 valid row nodes - {views.py:212}
2025-03-09 04:10:06,857 - albumexplore.gui - DEBUG - Table updated with 11752 rows - {views.py:252}
2025-03-09 04:10:06,858 - albumexplore.gui - DEBUG - TableViewWidget resized to PyQt6.QtCore.QSize(1200, 743) - {views.py:70}
2025-03-09 04:10:06,859 - albumexplore.gui - DEBUG - Table resized to PyQt6.QtCore.QSize(1200, 743) - {views.py:295}
2025-03-09 04:10:06,860 - albumexplore.gui - DEBUG - TableViewWidget shown - {views.py:89}
2025-03-09 04:10:06,860 - albumexplore.gui - DEBUG - Table view shown - {views.py:287}
2025-03-09 04:10:06,861 - albumexplore.gui - DEBUG - Widget hierarchy: - {main_window.py:167}
2025-03-09 04:10:06,862 - albumexplore.gui - DEBUG - MainWindow:  - {main_window.py:162}
2025-03-09 04:10:06,862 - albumexplore.gui - DEBUG -   QLayout: _layout - {main_window.py:162}
2025-03-09 04:10:06,866 - albumexplore.gui - DEBUG -   GraphicsDebugMonitor:  - {main_window.py:162}
2025-03-09 04:10:06,867 - albumexplore.gui - DEBUG -   QWidget:  - {main_window.py:162}
2025-03-09 04:10:06,868 - albumexplore.gui - DEBUG -     QVBoxLayout:  - {main_window.py:162}
2025-03-09 04:10:06,869 - albumexplore.gui - DEBUG -     QFrame: visualizationContainer - {main_window.py:162}
2025-03-09 04:10:06,869 - albumexplore.gui - DEBUG -       QVBoxLayout:  - {main_window.py:162}
2025-03-09 04:10:06,869 - albumexplore.gui - DEBUG -       TableViewWidget: TableViewWidget - {main_window.py:162}
2025-03-09 04:10:06,870 - albumexplore.gui - DEBUG -         GraphicsDebugMonitor:  - {main_window.py:162}
2025-03-09 04:10:06,870 - albumexplore.gui - DEBUG -         QVBoxLayout:  - {main_window.py:162}
2025-03-09 04:10:06,870 - albumexplore.gui - DEBUG -         QTableWidget: albumTable - {main_window.py:162}
2025-03-09 04:10:06,871 - albumexplore.gui - DEBUG -           QWidget: qt_scrollarea_viewport - {main_window.py:162}
2025-03-09 04:10:06,871 - albumexplore.gui - DEBUG -           QStyledItemDelegate:  - {main_window.py:162}
2025-03-09 04:10:06,872 - albumexplore.gui - DEBUG -           QHeaderView:  - {main_window.py:162}
2025-03-09 04:10:06,872 - albumexplore.gui - DEBUG -             QWidget: qt_scrollarea_viewport - {main_window.py:162}
2025-03-09 04:10:06,872 - albumexplore.gui - DEBUG -             QWidget: qt_scrollarea_hcontainer - {main_window.py:162}
2025-03-09 04:10:06,872 - albumexplore.gui - DEBUG -               QScrollBar:  - {main_window.py:162}
2025-03-09 04:10:06,872 - albumexplore.gui - DEBUG -               QBoxLayout:  - {main_window.py:162}
2025-03-09 04:10:06,872 - albumexplore.gui - DEBUG -             QWidget: qt_scrollarea_vcontainer - {main_window.py:162}
2025-03-09 04:10:06,873 - albumexplore.gui - DEBUG -               QScrollBar:  - {main_window.py:162}
2025-03-09 04:10:06,873 - albumexplore.gui - DEBUG -               QBoxLayout:  - {main_window.py:162}
2025-03-09 04:10:06,873 - albumexplore.gui - DEBUG -             QItemSelectionModel:  - {main_window.py:162}
2025-03-09 04:10:06,874 - albumexplore.gui - DEBUG -           QHeaderView:  - {main_window.py:162}
2025-03-09 04:10:06,874 - albumexplore.gui - DEBUG -             QWidget: qt_scrollarea_viewport - {main_window.py:162}
2025-03-09 04:10:06,874 - albumexplore.gui - DEBUG -             QWidget: qt_scrollarea_hcontainer - {main_window.py:162}
2025-03-09 04:10:06,874 - albumexplore.gui - DEBUG -               QScrollBar:  - {main_window.py:162}
2025-03-09 04:10:06,874 - albumexplore.gui - DEBUG -               QBoxLayout:  - {main_window.py:162}
2025-03-09 04:10:06,875 - albumexplore.gui - DEBUG -             QWidget: qt_scrollarea_vcontainer - {main_window.py:162}
2025-03-09 04:10:06,875 - albumexplore.gui - DEBUG -               QScrollBar:  - {main_window.py:162}
2025-03-09 04:10:06,875 - albumexplore.gui - DEBUG -               QBoxLayout:  - {main_window.py:162}
2025-03-09 04:10:06,875 - albumexplore.gui - DEBUG -             QItemSelectionModel:  - {main_window.py:162}
2025-03-09 04:10:06,875 - albumexplore.gui - DEBUG -           QAbstractButton:  - {main_window.py:162}
2025-03-09 04:10:06,875 - albumexplore.gui - DEBUG -           QAbstractTableModel:  - {main_window.py:162}
2025-03-09 04:10:06,876 - albumexplore.gui - DEBUG -           QItemSelectionModel:  - {main_window.py:162}
2025-03-09 04:10:06,876 - albumexplore.gui - DEBUG -           QWidget: qt_scrollarea_hcontainer - {main_window.py:162}
2025-03-09 04:10:06,876 - albumexplore.gui - DEBUG -             QScrollBar:  - {main_window.py:162}
2025-03-09 04:10:06,876 - albumexplore.gui - DEBUG -             QBoxLayout:  - {main_window.py:162}
2025-03-09 04:10:06,876 - albumexplore.gui - DEBUG -           QWidget: qt_scrollarea_vcontainer - {main_window.py:162}
2025-03-09 04:10:06,876 - albumexplore.gui - DEBUG -             QScrollBar:  - {main_window.py:162}
2025-03-09 04:10:06,876 - albumexplore.gui - DEBUG -             QBoxLayout:  - {main_window.py:162}
2025-03-09 04:10:06,876 - albumexplore.gui - DEBUG -     QWidget:  - {main_window.py:162}
2025-03-09 04:10:06,877 - albumexplore.gui - DEBUG -       QHBoxLayout:  - {main_window.py:162}
2025-03-09 04:10:06,877 - albumexplore.gui - DEBUG -       QLabel:  - {main_window.py:162}
2025-03-09 04:10:06,877 - albumexplore.gui - DEBUG -       QComboBox:  - {main_window.py:162}
2025-03-09 04:10:06,877 - albumexplore.gui - DEBUG -         QStandardItemModel:  - {main_window.py:162}
2025-03-09 04:10:06,877 - albumexplore.gui - DEBUG -         QFrame:  - {main_window.py:162}
2025-03-09 04:10:06,877 - albumexplore.gui - DEBUG -           QBoxLayout:  - {main_window.py:162}
2025-03-09 04:10:06,877 - albumexplore.gui - DEBUG -           QListView:  - {main_window.py:162}
2025-03-09 04:10:06,878 - albumexplore.gui - DEBUG -             QWidget: qt_scrollarea_viewport - {main_window.py:162}
2025-03-09 04:10:06,878 - albumexplore.gui - DEBUG -             QWidget: qt_scrollarea_hcontainer - {main_window.py:162}
2025-03-09 04:10:06,878 - albumexplore.gui - DEBUG -               QScrollBar:  - {main_window.py:162}
2025-03-09 04:10:06,878 - albumexplore.gui - DEBUG -               QBoxLayout:  - {main_window.py:162}
2025-03-09 04:10:06,878 - albumexplore.gui - DEBUG -             QWidget: qt_scrollarea_vcontainer - {main_window.py:162}
2025-03-09 04:10:06,885 - albumexplore.gui - DEBUG -               QScrollBar:  - {main_window.py:162}
2025-03-09 04:10:06,888 - albumexplore.gui - DEBUG -               QBoxLayout:  - {main_window.py:162}
2025-03-09 04:10:06,888 - albumexplore.gui - DEBUG -             QStyledItemDelegate:  - {main_window.py:162}
2025-03-09 04:10:06,888 - albumexplore.gui - DEBUG -             QItemSelectionModel:  - {main_window.py:162}
2025-03-09 04:10:06,889 - albumexplore.gui - DEBUG -             QAbstractItemDelegate:  - {main_window.py:162}
2025-03-09 04:10:06,889 - albumexplore.gui - DEBUG -           QWidget:  - {main_window.py:162}
2025-03-09 04:10:06,889 - albumexplore.gui - DEBUG -           QWidget:  - {main_window.py:162}
2025-03-09 04:10:06,889 - albumexplore.gui - DEBUG -     QPropertyAnimation:  - {main_window.py:162}
2025-03-09 04:10:06,889 - albumexplore.gui - DEBUG -     QPropertyAnimation:  - {main_window.py:162}
2025-03-09 04:10:06,889 - albumexplore.gui - DEBUG -     QPropertyAnimation:  - {main_window.py:162}
2025-03-09 04:10:06,889 - albumexplore.gui - DEBUG -   QStatusBar:  - {main_window.py:162}
2025-03-09 04:10:06,890 - albumexplore.gui - DEBUG -     QSizeGrip:  - {main_window.py:162}
2025-03-09 04:10:06,890 - albumexplore.gui - DEBUG -     QHBoxLayout:  - {main_window.py:162}
2025-03-09 04:10:06,890 - albumexplore.gui - DEBUG -       QVBoxLayout:  - {main_window.py:162}
2025-03-09 04:10:06,890 - albumexplore.gui - DEBUG -         QHBoxLayout:  - {main_window.py:162}
2025-03-09 04:10:06,890 - albumexplore.gui - DEBUG - Application initialization complete - {main_window.py:142}
2025-03-09 04:10:06,892 - albumexplore.gui - DEBUG - After processEvents: Window visible=True, active=False - {app.py:148}
2025-03-09 04:10:06,892 - albumexplore.gui - INFO - Starting Qt event loop - {app.py:158}
2025-03-09 04:10:06,893 - albumexplore.gui - DEBUG - Window resized to 1200x713 - {main_window.py:215}
2025-03-09 04:10:06,894 - albumexplore.gui - DEBUG - TableViewWidget resized to PyQt6.QtCore.QSize(1200, 713) - {views.py:70}
2025-03-09 04:10:06,894 - albumexplore.gui - DEBUG - Table resized to PyQt6.QtCore.QSize(1200, 713) - {views.py:295}
2025-03-09 04:10:07,040 - albumexplore.gui - DEBUG - Window resized to 1200x800 - {main_window.py:215}
2025-03-09 04:10:07,063 - albumexplore.gui - DEBUG - TableViewWidget resized to PyQt6.QtCore.QSize(1200, 800) - {views.py:70}
2025-03-09 04:10:07,069 - albumexplore.gui - DEBUG - Table resized to PyQt6.QtCore.QSize(1200, 800) - {views.py:295}
2025-03-09 04:10:09,918 - albumexplore.gui - DEBUG - Switching to view type: ViewType.TAG_EXPLORER - {view_manager.py:64}
2025-03-09 04:10:09,957 - albumexplore.gui - DEBUG - Created view of type: ViewType.TAG_EXPLORER - {__init__.py:46}
2025-03-09 04:10:09,957 - albumexplore.gui - DEBUG - Initializing tag explorer view data - {view_manager.py:90}
2025-03-09 04:10:10,517 - albumexplore.gui - ERROR - Error switching view: 'TagAnalyzer' object has no attribute 'calculate_relationships' - {view_manager.py:131}
2025-03-09 04:10:17,699 - albumexplore.gui - DEBUG - Window resized to 1215x810 - {main_window.py:215}
2025-03-09 04:10:20,906 - albumexplore.gui - DEBUG - Switching to view type: ViewType.TABLE - {view_manager.py:64}
2025-03-09 04:10:20,909 - albumexplore.gui - DEBUG - TableViewWidget initialized with size PyQt6.QtCore.QSize(100, 100) - {views.py:47}
2025-03-09 04:10:20,909 - albumexplore.gui - DEBUG - Initializing TableViewWidget - {views.py:122}
2025-03-09 04:10:20,912 - albumexplore.gui - DEBUG - TableViewWidget initialized with size PyQt6.QtCore.QSize(100, 100) - {views.py:200}
2025-03-09 04:10:20,912 - albumexplore.gui - DEBUG - Created view of type: ViewType.TABLE - {__init__.py:46}
2025-03-09 04:10:20,913 - albumexplore.gui - DEBUG - Initializing table view data - {view_manager.py:85}
2025-03-09 04:10:20,918 - albumexplore.gui - DEBUG - Found 11752 valid row nodes - {view_manager.py:87}
2025-03-09 04:10:20,918 - albumexplore.gui - DEBUG - Updating table data with 11752 nodes - {views.py:204}
2025-03-09 04:10:20,921 - albumexplore.gui - DEBUG - Filtering 11752 nodes for row type - {views.py:210}
2025-03-09 04:10:20,935 - albumexplore.gui - DEBUG - Found 11752 valid row nodes - {views.py:212}
2025-03-09 04:10:21,770 - albumexplore.gui - DEBUG - Table updated with 11752 rows - {views.py:252}
2025-03-09 04:10:21,772 - albumexplore.gui - DEBUG - TableViewWidget resized to PyQt6.QtCore.QSize(1215, 810) - {views.py:70}
2025-03-09 04:10:21,773 - albumexplore.gui - DEBUG - Table resized to PyQt6.QtCore.QSize(1215, 810) - {views.py:295}
2025-03-09 04:10:21,778 - albumexplore.gui - DEBUG - TableViewWidget shown - {views.py:89}
2025-03-09 04:10:21,778 - albumexplore.gui - DEBUG - Table view shown - {views.py:287}
2025-03-09 04:10:22,279 - albumexplore.gui - DEBUG - Cleaning up previous view: ViewType.TAG_EXPLORER - {view_manager.py:195}
2025-03-09 04:10:22,381 - albumexplore.gui - DEBUG - Switching to view type: ViewType.CHORD - {view_manager.py:64}
2025-03-09 04:10:22,384 - albumexplore.gui - DEBUG - Created view of type: ViewType.CHORD - {__init__.py:46}
2025-03-09 04:10:22,466 - albumexplore.gui - ERROR - Uncaught exception - {app.py:60}
Traceback (most recent call last):
  File "/home/seth-n/PycharmProjects/AlbumExplore/src/albumexplore/visualization/views/chord_view.py", line 60, in paintEvent
    painter.fillRect(self.rect(), self._background_color)
                                  ^^^^^^^^^^^^^^^^^^^^^^
AttributeError: 'ChordView' object has no attribute '_background_color'. Did you mean: 'backgroundRole'?
2025-03-09 04:10:22,887 - albumexplore.gui - DEBUG - Cleaning up previous view: ViewType.TABLE - {view_manager.py:195}
2025-03-09 04:10:22,888 - albumexplore.gui - DEBUG - TableViewWidget hidden - {views.py:299}
2025-03-09 04:10:22,888 - albumexplore.gui - DEBUG - TableViewWidget hidden - {views.py:109}
2025-03-09 04:10:22,983 - albumexplore.gui - ERROR - Uncaught exception - {app.py:60}
Traceback (most recent call last):
  File "/home/seth-n/PycharmProjects/AlbumExplore/src/albumexplore/visualization/views/chord_view.py", line 60, in paintEvent
    painter.fillRect(self.rect(), self._background_color)
                                  ^^^^^^^^^^^^^^^^^^^^^^
AttributeError: 'ChordView' object has no attribute '_background_color'. Did you mean: 'backgroundRole'?
2025-03-09 04:10:24,161 - albumexplore.gui - DEBUG - Switching to view type: ViewType.TAG_EXPLORER - {view_manager.py:64}
2025-03-09 04:10:24,185 - albumexplore.gui - DEBUG - Created view of type: ViewType.TAG_EXPLORER - {__init__.py:46}
2025-03-09 04:10:24,186 - albumexplore.gui - DEBUG - Initializing tag explorer view data - {view_manager.py:90}
2025-03-09 04:10:24,543 - albumexplore.gui - ERROR - Error switching view: 'TagAnalyzer' object has no attribute 'calculate_relationships' - {view_manager.py:131}
2025-03-09 04:10:28,529 - albumexplore.gui - DEBUG - Switching to view type: ViewType.TABLE - {view_manager.py:64}
2025-03-09 04:10:28,534 - albumexplore.gui - DEBUG - TableViewWidget initialized with size PyQt6.QtCore.QSize(100, 100) - {views.py:47}
2025-03-09 04:10:28,534 - albumexplore.gui - DEBUG - Initializing TableViewWidget - {views.py:122}
2025-03-09 04:10:28,541 - albumexplore.gui - DEBUG - TableViewWidget initialized with size PyQt6.QtCore.QSize(100, 100) - {views.py:200}
2025-03-09 04:10:28,541 - albumexplore.gui - DEBUG - Created view of type: ViewType.TABLE - {__init__.py:46}
2025-03-09 04:10:28,541 - albumexplore.gui - DEBUG - Initializing table view data - {view_manager.py:85}
2025-03-09 04:10:28,545 - albumexplore.gui - DEBUG - Found 11752 valid row nodes - {view_manager.py:87}
2025-03-09 04:10:28,545 - albumexplore.gui - DEBUG - Updating table data with 11752 nodes - {views.py:204}
2025-03-09 04:10:28,545 - albumexplore.gui - DEBUG - Filtering 11752 nodes for row type - {views.py:210}
2025-03-09 04:10:28,555 - albumexplore.gui - DEBUG - Found 11752 valid row nodes - {views.py:212}
2025-03-09 04:10:29,327 - albumexplore.gui - DEBUG - Table updated with 11752 rows - {views.py:252}
2025-03-09 04:10:29,328 - albumexplore.gui - DEBUG - TableViewWidget resized to PyQt6.QtCore.QSize(1215, 753) - {views.py:70}
2025-03-09 04:10:29,329 - albumexplore.gui - DEBUG - Table resized to PyQt6.QtCore.QSize(1215, 753) - {views.py:295}
2025-03-09 04:10:29,331 - albumexplore.gui - DEBUG - TableViewWidget shown - {views.py:89}
2025-03-09 04:10:29,332 - albumexplore.gui - DEBUG - Table view shown - {views.py:287}
2025-03-09 04:10:29,834 - albumexplore.gui - DEBUG - Cleaning up previous view: ViewType.TAG_EXPLORER - {view_manager.py:195}
2025-03-09 04:10:32,248 - albumexplore.gui - DEBUG - Switching to view type: ViewType.TAG_EXPLORER - {view_manager.py:64}
2025-03-09 04:10:32,271 - albumexplore.gui - DEBUG - Created view of type: ViewType.TAG_EXPLORER - {__init__.py:46}
2025-03-09 04:10:32,273 - albumexplore.gui - DEBUG - Initializing tag explorer view data - {view_manager.py:90}
2025-03-09 04:10:32,697 - albumexplore.gui - ERROR - Error switching view: 'TagAnalyzer' object has no attribute 'calculate_relationships' - {view_manager.py:131}
2025-03-09 04:10:39,376 - albumexplore.gui - DEBUG - Cleaning up view manager resources - {view_manager.py:251}
2025-03-09 04:10:39,376 - albumexplore.gui - DEBUG - Cleaning up current view: ViewType.TAG_EXPLORER - {view_manager.py:259}
2025-03-09 04:10:39,386 - albumexplore.gui - DEBUG - Cleaning up previous view: ViewType.TABLE - {view_manager.py:266}
2025-03-09 04:10:39,387 - albumexplore.gui - DEBUG - TableViewWidget hidden - {views.py:299}
2025-03-09 04:10:39,387 - albumexplore.gui - DEBUG - TableViewWidget hidden - {views.py:109}
2025-03-09 04:10:39,444 - albumexplore.gui - DEBUG - View manager cleanup complete - {view_manager.py:276}
2025-03-09 04:10:39,445 - albumexplore.gui - INFO - Application shutdown complete - {main_window.py:267}
2025-03-09 04:10:39,445 - albumexplore.gui - DEBUG - TableViewWidget hidden - {views.py:299}
2025-03-09 04:10:39,446 - albumexplore.gui - DEBUG - TableViewWidget hidden - {views.py:109}
2025-03-09 04:10:39,505 - albumexplore.gui - INFO - Application exited with code 0 - {app.py:160}
2025-03-09 04:18:36,869 - albumexplore.gui - INFO - Logging system initialized - {gui_logging.py:57}
2025-03-09 04:18:36,872 - albumexplore.gui - INFO - Starting application - {app.py:96}
2025-03-09 04:18:36,959 - albumexplore.gui - INFO - Creating QApplication instance - {app.py:103}
2025-03-09 04:18:37,285 - albumexplore.gui - INFO - Initializing database connection - {app.py:112}
2025-03-09 04:18:37,285 - albumexplore.gui - INFO - Initializing database - {app.py:21}
2025-03-09 04:18:37,287 - albumexplore.gui - DEBUG - Using database: sqlite:///albumexplore.db - {app.py:25}
2025-03-09 04:18:37,511 - albumexplore.gui - DEBUG - Current album count: 11752 - {app.py:35}
2025-03-09 04:18:37,511 - albumexplore.gui - INFO - Database already contains 11752 albums - {app.py:48}
2025-03-09 04:18:37,511 - albumexplore.gui - INFO - Creating main window - {app.py:116}
2025-03-09 04:18:37,512 - albumexplore.gui - DEBUG - MainWindow initialized - {main_window.py:21}
2025-03-09 04:18:37,519 - albumexplore.gui - DEBUG - Visualization container setup complete - {main_window.py:106}
2025-03-09 04:18:37,521 - albumexplore.gui - DEBUG - DataInterface initialized - {data_interface.py:14}
2025-03-09 04:18:37,523 - albumexplore.gui - DEBUG - Updating visualization data - {view_manager.py:136}
2025-03-09 04:18:37,523 - albumexplore.gui - DEBUG - Getting visible data... - {data_interface.py:113}
2025-03-09 04:18:38,956 - albumexplore.gui - DEBUG - Retrieved 11752 albums from database - {data_interface.py:120}
2025-03-09 04:18:39,227 - albumexplore.gui - DEBUG - Created 11752 visual nodes - {data_interface.py:153}
2025-03-09 04:18:39,295 - albumexplore.gui - DEBUG - View controls setup complete - {main_window.py:254}
2025-03-09 04:18:39,331 - albumexplore.gui - DEBUG - Window resized to 1200x800 - {main_window.py:215}
2025-03-09 04:18:39,340 - albumexplore.gui - DEBUG - MainWindow created. Visible: True, Active: False - {main_window.py:80}
2025-03-09 04:18:39,342 - albumexplore.gui - DEBUG - Window geometry: PyQt6.QtCore.QRect(0, 0, 1200, 800) - {main_window.py:81}
2025-03-09 04:18:39,343 - albumexplore.gui - DEBUG - Primary screen available: eDP-1 - {app.py:122}
2025-03-09 04:18:39,343 - albumexplore.gui - DEBUG - Window positioned at 80, -33 - {app.py:128}
2025-03-09 04:18:39,343 - albumexplore.gui - INFO - Forcing window to show - {app.py:133}
2025-03-09 04:18:39,344 - albumexplore.gui - DEBUG - After show: Window visible=True, active=False - {app.py:139}
2025-03-09 04:18:39,350 - albumexplore.gui - DEBUG - Starting application initialization - {main_window.py:111}
2025-03-09 04:18:39,350 - albumexplore.gui - DEBUG - Widget hierarchy: - {main_window.py:167}
2025-03-09 04:18:39,350 - albumexplore.gui - DEBUG - MainWindow:  - {main_window.py:162}
2025-03-09 04:18:39,350 - albumexplore.gui - DEBUG -   QLayout: _layout - {main_window.py:162}
2025-03-09 04:18:39,350 - albumexplore.gui - DEBUG -   GraphicsDebugMonitor:  - {main_window.py:162}
2025-03-09 04:18:39,351 - albumexplore.gui - DEBUG -   QWidget:  - {main_window.py:162}
2025-03-09 04:18:39,352 - albumexplore.gui - DEBUG -     QVBoxLayout:  - {main_window.py:162}
2025-03-09 04:18:39,353 - albumexplore.gui - DEBUG -     QFrame: visualizationContainer - {main_window.py:162}
2025-03-09 04:18:39,354 - albumexplore.gui - DEBUG -       QVBoxLayout:  - {main_window.py:162}
2025-03-09 04:18:39,355 - albumexplore.gui - DEBUG -     QWidget:  - {main_window.py:162}
2025-03-09 04:18:39,356 - albumexplore.gui - DEBUG -       QHBoxLayout:  - {main_window.py:162}
2025-03-09 04:18:39,359 - albumexplore.gui - DEBUG -       QLabel:  - {main_window.py:162}
2025-03-09 04:18:39,361 - albumexplore.gui - DEBUG -       QComboBox:  - {main_window.py:162}
2025-03-09 04:18:39,363 - albumexplore.gui - DEBUG -         QStandardItemModel:  - {main_window.py:162}
2025-03-09 04:18:39,364 - albumexplore.gui - DEBUG -         QFrame:  - {main_window.py:162}
2025-03-09 04:18:39,369 - albumexplore.gui - DEBUG -           QBoxLayout:  - {main_window.py:162}
2025-03-09 04:18:39,369 - albumexplore.gui - DEBUG -           QListView:  - {main_window.py:162}
2025-03-09 04:18:39,371 - albumexplore.gui - DEBUG -             QWidget: qt_scrollarea_viewport - {main_window.py:162}
2025-03-09 04:18:39,371 - albumexplore.gui - DEBUG -             QWidget: qt_scrollarea_hcontainer - {main_window.py:162}
2025-03-09 04:18:39,372 - albumexplore.gui - DEBUG -               QScrollBar:  - {main_window.py:162}
2025-03-09 04:18:39,373 - albumexplore.gui - DEBUG -               QBoxLayout:  - {main_window.py:162}
2025-03-09 04:18:39,373 - albumexplore.gui - DEBUG -             QWidget: qt_scrollarea_vcontainer - {main_window.py:162}
2025-03-09 04:18:39,373 - albumexplore.gui - DEBUG -               QScrollBar:  - {main_window.py:162}
2025-03-09 04:18:39,373 - albumexplore.gui - DEBUG -               QBoxLayout:  - {main_window.py:162}
2025-03-09 04:18:39,373 - albumexplore.gui - DEBUG -             QStyledItemDelegate:  - {main_window.py:162}
2025-03-09 04:18:39,373 - albumexplore.gui - DEBUG -             QItemSelectionModel:  - {main_window.py:162}
2025-03-09 04:18:39,373 - albumexplore.gui - DEBUG -             QAbstractItemDelegate:  - {main_window.py:162}
2025-03-09 04:18:39,374 - albumexplore.gui - DEBUG -           QWidget:  - {main_window.py:162}
2025-03-09 04:18:39,374 - albumexplore.gui - DEBUG -           QWidget:  - {main_window.py:162}
2025-03-09 04:18:39,374 - albumexplore.gui - DEBUG -     QPropertyAnimation:  - {main_window.py:162}
2025-03-09 04:18:39,374 - albumexplore.gui - DEBUG -     QPropertyAnimation:  - {main_window.py:162}
2025-03-09 04:18:39,374 - albumexplore.gui - DEBUG -   QStatusBar:  - {main_window.py:162}
2025-03-09 04:18:39,374 - albumexplore.gui - DEBUG -     QSizeGrip:  - {main_window.py:162}
2025-03-09 04:18:39,374 - albumexplore.gui - DEBUG -     QHBoxLayout:  - {main_window.py:162}
2025-03-09 04:18:39,375 - albumexplore.gui - DEBUG -       QVBoxLayout:  - {main_window.py:162}
2025-03-09 04:18:39,375 - albumexplore.gui - DEBUG -         QHBoxLayout:  - {main_window.py:162}
2025-03-09 04:18:39,375 - albumexplore.gui - DEBUG - Loading initial data - {main_window.py:117}
2025-03-09 04:18:39,375 - albumexplore.gui - DEBUG - Updating visualization data - {view_manager.py:136}
2025-03-09 04:18:39,375 - albumexplore.gui - DEBUG - Getting visible data... - {data_interface.py:113}
2025-03-09 04:18:41,011 - albumexplore.gui - DEBUG - Retrieved 11752 albums from database - {data_interface.py:120}
2025-03-09 04:18:41,315 - albumexplore.gui - DEBUG - Created 11752 visual nodes - {data_interface.py:153}
2025-03-09 04:18:41,375 - albumexplore.gui - INFO - Loaded 11752 nodes - {main_window.py:119}
2025-03-09 04:18:41,375 - albumexplore.gui - DEBUG - Switching to initial view - {main_window.py:122}
2025-03-09 04:18:41,375 - albumexplore.gui - DEBUG - Switching to view type: ViewType.TABLE - {view_manager.py:64}
2025-03-09 04:18:41,378 - albumexplore.gui - DEBUG - TableViewWidget initialized with size PyQt6.QtCore.QSize(100, 100) - {views.py:47}
2025-03-09 04:18:41,378 - albumexplore.gui - DEBUG - Initializing TableViewWidget - {views.py:122}
2025-03-09 04:18:41,389 - albumexplore.gui - DEBUG - TableViewWidget initialized with size PyQt6.QtCore.QSize(100, 100) - {views.py:200}
2025-03-09 04:18:41,390 - albumexplore.gui - DEBUG - Created view of type: ViewType.TABLE - {__init__.py:46}
2025-03-09 04:18:41,390 - albumexplore.gui - DEBUG - Initializing table view data - {view_manager.py:85}
2025-03-09 04:18:41,399 - albumexplore.gui - DEBUG - Found 11752 valid row nodes - {view_manager.py:87}
2025-03-09 04:18:41,399 - albumexplore.gui - DEBUG - Updating table data with 11752 nodes - {views.py:204}
2025-03-09 04:18:41,400 - albumexplore.gui - DEBUG - Filtering 11752 nodes for row type - {views.py:210}
2025-03-09 04:18:41,406 - albumexplore.gui - DEBUG - Found 11752 valid row nodes - {views.py:212}
2025-03-09 04:18:42,264 - albumexplore.gui - DEBUG - Table updated with 11752 rows - {views.py:252}
2025-03-09 04:18:42,265 - albumexplore.gui - DEBUG - TableViewWidget resized to PyQt6.QtCore.QSize(1200, 743) - {views.py:70}
2025-03-09 04:18:42,267 - albumexplore.gui - DEBUG - Table resized to PyQt6.QtCore.QSize(1200, 743) - {views.py:295}
2025-03-09 04:18:42,268 - albumexplore.gui - DEBUG - TableViewWidget shown - {views.py:89}
2025-03-09 04:18:42,269 - albumexplore.gui - DEBUG - Table view shown - {views.py:287}
2025-03-09 04:18:42,271 - albumexplore.gui - DEBUG - Widget hierarchy: - {main_window.py:167}
2025-03-09 04:18:42,272 - albumexplore.gui - DEBUG - MainWindow:  - {main_window.py:162}
2025-03-09 04:18:42,273 - albumexplore.gui - DEBUG -   QLayout: _layout - {main_window.py:162}
2025-03-09 04:18:42,274 - albumexplore.gui - DEBUG -   GraphicsDebugMonitor:  - {main_window.py:162}
2025-03-09 04:18:42,275 - albumexplore.gui - DEBUG -   QWidget:  - {main_window.py:162}
2025-03-09 04:18:42,276 - albumexplore.gui - DEBUG -     QVBoxLayout:  - {main_window.py:162}
2025-03-09 04:18:42,276 - albumexplore.gui - DEBUG -     QFrame: visualizationContainer - {main_window.py:162}
2025-03-09 04:18:42,276 - albumexplore.gui - DEBUG -       QVBoxLayout:  - {main_window.py:162}
2025-03-09 04:18:42,276 - albumexplore.gui - DEBUG -       TableViewWidget: TableViewWidget - {main_window.py:162}
2025-03-09 04:18:42,276 - albumexplore.gui - DEBUG -         GraphicsDebugMonitor:  - {main_window.py:162}
2025-03-09 04:18:42,276 - albumexplore.gui - DEBUG -         QVBoxLayout:  - {main_window.py:162}
2025-03-09 04:18:42,276 - albumexplore.gui - DEBUG -         QTableWidget: albumTable - {main_window.py:162}
2025-03-09 04:18:42,277 - albumexplore.gui - DEBUG -           QWidget: qt_scrollarea_viewport - {main_window.py:162}
2025-03-09 04:18:42,277 - albumexplore.gui - DEBUG -           QStyledItemDelegate:  - {main_window.py:162}
2025-03-09 04:18:42,278 - albumexplore.gui - DEBUG -           QHeaderView:  - {main_window.py:162}
2025-03-09 04:18:42,278 - albumexplore.gui - DEBUG -             QWidget: qt_scrollarea_viewport - {main_window.py:162}
2025-03-09 04:18:42,278 - albumexplore.gui - DEBUG -             QWidget: qt_scrollarea_hcontainer - {main_window.py:162}
2025-03-09 04:18:42,279 - albumexplore.gui - DEBUG -               QScrollBar:  - {main_window.py:162}
2025-03-09 04:18:42,279 - albumexplore.gui - DEBUG -               QBoxLayout:  - {main_window.py:162}
2025-03-09 04:18:42,279 - albumexplore.gui - DEBUG -             QWidget: qt_scrollarea_vcontainer - {main_window.py:162}
2025-03-09 04:18:42,279 - albumexplore.gui - DEBUG -               QScrollBar:  - {main_window.py:162}
2025-03-09 04:18:42,279 - albumexplore.gui - DEBUG -               QBoxLayout:  - {main_window.py:162}
2025-03-09 04:18:42,279 - albumexplore.gui - DEBUG -             QItemSelectionModel:  - {main_window.py:162}
2025-03-09 04:18:42,280 - albumexplore.gui - DEBUG -           QHeaderView:  - {main_window.py:162}
2025-03-09 04:18:42,280 - albumexplore.gui - DEBUG -             QWidget: qt_scrollarea_viewport - {main_window.py:162}
2025-03-09 04:18:42,280 - albumexplore.gui - DEBUG -             QWidget: qt_scrollarea_hcontainer - {main_window.py:162}
2025-03-09 04:18:42,280 - albumexplore.gui - DEBUG -               QScrollBar:  - {main_window.py:162}
2025-03-09 04:18:42,280 - albumexplore.gui - DEBUG -               QBoxLayout:  - {main_window.py:162}
2025-03-09 04:18:42,280 - albumexplore.gui - DEBUG -             QWidget: qt_scrollarea_vcontainer - {main_window.py:162}
2025-03-09 04:18:42,281 - albumexplore.gui - DEBUG -               QScrollBar:  - {main_window.py:162}
2025-03-09 04:18:42,281 - albumexplore.gui - DEBUG -               QBoxLayout:  - {main_window.py:162}
2025-03-09 04:18:42,281 - albumexplore.gui - DEBUG -             QItemSelectionModel:  - {main_window.py:162}
2025-03-09 04:18:42,281 - albumexplore.gui - DEBUG -           QAbstractButton:  - {main_window.py:162}
2025-03-09 04:18:42,281 - albumexplore.gui - DEBUG -           QAbstractTableModel:  - {main_window.py:162}
2025-03-09 04:18:42,281 - albumexplore.gui - DEBUG -           QItemSelectionModel:  - {main_window.py:162}
2025-03-09 04:18:42,281 - albumexplore.gui - DEBUG -           QWidget: qt_scrollarea_hcontainer - {main_window.py:162}
2025-03-09 04:18:42,282 - albumexplore.gui - DEBUG -             QScrollBar:  - {main_window.py:162}
2025-03-09 04:18:42,282 - albumexplore.gui - DEBUG -             QBoxLayout:  - {main_window.py:162}
2025-03-09 04:18:42,282 - albumexplore.gui - DEBUG -           QWidget: qt_scrollarea_vcontainer - {main_window.py:162}
2025-03-09 04:18:42,282 - albumexplore.gui - DEBUG -             QScrollBar:  - {main_window.py:162}
2025-03-09 04:18:42,282 - albumexplore.gui - DEBUG -             QBoxLayout:  - {main_window.py:162}
2025-03-09 04:18:42,287 - albumexplore.gui - DEBUG -     QWidget:  - {main_window.py:162}
2025-03-09 04:18:42,287 - albumexplore.gui - DEBUG -       QHBoxLayout:  - {main_window.py:162}
2025-03-09 04:18:42,288 - albumexplore.gui - DEBUG -       QLabel:  - {main_window.py:162}
2025-03-09 04:18:42,288 - albumexplore.gui - DEBUG -       QComboBox:  - {main_window.py:162}
2025-03-09 04:18:42,288 - albumexplore.gui - DEBUG -         QStandardItemModel:  - {main_window.py:162}
2025-03-09 04:18:42,288 - albumexplore.gui - DEBUG -         QFrame:  - {main_window.py:162}
2025-03-09 04:18:42,289 - albumexplore.gui - DEBUG -           QBoxLayout:  - {main_window.py:162}
2025-03-09 04:18:42,289 - albumexplore.gui - DEBUG -           QListView:  - {main_window.py:162}
2025-03-09 04:18:42,289 - albumexplore.gui - DEBUG -             QWidget: qt_scrollarea_viewport - {main_window.py:162}
2025-03-09 04:18:42,290 - albumexplore.gui - DEBUG -             QWidget: qt_scrollarea_hcontainer - {main_window.py:162}
2025-03-09 04:18:42,290 - albumexplore.gui - DEBUG -               QScrollBar:  - {main_window.py:162}
2025-03-09 04:18:42,292 - albumexplore.gui - DEBUG -               QBoxLayout:  - {main_window.py:162}
2025-03-09 04:18:42,293 - albumexplore.gui - DEBUG -             QWidget: qt_scrollarea_vcontainer - {main_window.py:162}
2025-03-09 04:18:42,293 - albumexplore.gui - DEBUG -               QScrollBar:  - {main_window.py:162}
2025-03-09 04:18:42,296 - albumexplore.gui - DEBUG -               QBoxLayout:  - {main_window.py:162}
2025-03-09 04:18:42,299 - albumexplore.gui - DEBUG -             QStyledItemDelegate:  - {main_window.py:162}
2025-03-09 04:18:42,300 - albumexplore.gui - DEBUG -             QItemSelectionModel:  - {main_window.py:162}
2025-03-09 04:18:42,300 - albumexplore.gui - DEBUG -             QAbstractItemDelegate:  - {main_window.py:162}
2025-03-09 04:18:42,301 - albumexplore.gui - DEBUG -           QWidget:  - {main_window.py:162}
2025-03-09 04:18:42,301 - albumexplore.gui - DEBUG -           QWidget:  - {main_window.py:162}
2025-03-09 04:18:42,302 - albumexplore.gui - DEBUG -     QPropertyAnimation:  - {main_window.py:162}
2025-03-09 04:18:42,303 - albumexplore.gui - DEBUG -     QPropertyAnimation:  - {main_window.py:162}
2025-03-09 04:18:42,304 - albumexplore.gui - DEBUG -     QPropertyAnimation:  - {main_window.py:162}
2025-03-09 04:18:42,304 - albumexplore.gui - DEBUG -   QStatusBar:  - {main_window.py:162}
2025-03-09 04:18:42,304 - albumexplore.gui - DEBUG -     QSizeGrip:  - {main_window.py:162}
2025-03-09 04:18:42,304 - albumexplore.gui - DEBUG -     QHBoxLayout:  - {main_window.py:162}
2025-03-09 04:18:42,304 - albumexplore.gui - DEBUG -       QVBoxLayout:  - {main_window.py:162}
2025-03-09 04:18:42,305 - albumexplore.gui - DEBUG -         QHBoxLayout:  - {main_window.py:162}
2025-03-09 04:18:42,305 - albumexplore.gui - DEBUG - Application initialization complete - {main_window.py:142}
2025-03-09 04:18:42,306 - albumexplore.gui - DEBUG - After processEvents: Window visible=True, active=False - {app.py:148}
2025-03-09 04:18:42,308 - albumexplore.gui - INFO - Starting Qt event loop - {app.py:158}
2025-03-09 04:18:42,310 - albumexplore.gui - DEBUG - Window resized to 1200x713 - {main_window.py:215}
2025-03-09 04:18:42,311 - albumexplore.gui - DEBUG - TableViewWidget resized to PyQt6.QtCore.QSize(1200, 713) - {views.py:70}
2025-03-09 04:18:42,311 - albumexplore.gui - DEBUG - Table resized to PyQt6.QtCore.QSize(1200, 713) - {views.py:295}
2025-03-09 04:18:42,424 - albumexplore.gui - DEBUG - Window resized to 1200x800 - {main_window.py:215}
2025-03-09 04:18:42,425 - albumexplore.gui - DEBUG - TableViewWidget resized to PyQt6.QtCore.QSize(1200, 800) - {views.py:70}
2025-03-09 04:18:42,425 - albumexplore.gui - DEBUG - Table resized to PyQt6.QtCore.QSize(1200, 800) - {views.py:295}
2025-03-09 04:18:48,797 - albumexplore.gui - DEBUG - Switching to view type: ViewType.TAG_EXPLORER - {view_manager.py:64}
2025-03-09 04:18:48,812 - albumexplore.gui - DEBUG - Created view of type: ViewType.TAG_EXPLORER - {__init__.py:46}
2025-03-09 04:18:48,813 - albumexplore.gui - DEBUG - Initializing tag explorer view data - {view_manager.py:90}
2025-03-09 04:18:49,063 - albumexplore.gui - ERROR - Error switching view: 'TagAnalyzer' object has no attribute 'calculate_relationships' - {view_manager.py:131}
2025-03-09 04:18:54,001 - albumexplore.gui - ERROR - Uncaught exception - {app.py:60}
Traceback (most recent call last):
  File "/home/seth-n/PycharmProjects/AlbumExplore/src/albumexplore/visualization/views/tag_explorer_view.py", line 649, in _export_tag_data
    suggestions = self.single_instance_handler.generate_consolidation_suggestions()
                  ^^^^^^^^^^^^^^^^^^^^^^^^^^^^^^^^^^^^^^^^^^^^^^^^^^^^^^^^^^^^^^^
AttributeError: 'SingleInstanceHandler' object has no attribute 'generate_consolidation_suggestions'. Did you mean: 'get_consolidation_suggestions'?
2025-03-09 04:18:55,493 - albumexplore.gui - DEBUG - Cleaning up view manager resources - {view_manager.py:271}
2025-03-09 04:18:55,493 - albumexplore.gui - DEBUG - Cleaning up current view: ViewType.TAG_EXPLORER - {view_manager.py:279}
2025-03-09 04:18:55,494 - albumexplore.gui - DEBUG - Cleaning up previous view: ViewType.TABLE - {view_manager.py:286}
2025-03-09 04:18:55,494 - albumexplore.gui - DEBUG - TableViewWidget hidden - {views.py:299}
2025-03-09 04:18:55,494 - albumexplore.gui - DEBUG - TableViewWidget hidden - {views.py:109}
2025-03-09 04:18:55,514 - albumexplore.gui - DEBUG - View manager cleanup complete - {view_manager.py:296}
2025-03-09 04:18:55,515 - albumexplore.gui - INFO - Application shutdown complete - {main_window.py:267}
2025-03-09 04:18:55,563 - albumexplore.gui - INFO - Application exited with code 0 - {app.py:160}
2025-03-09 04:33:24,799 - gui - INFO - Logging initialized
2025-03-09 04:33:24,799 - gui - INFO - Starting Album Explorer application
2025-03-09 04:33:24,925 - gui - INFO - Initializing database
2025-03-09 04:33:24,925 - gui - DEBUG - Using database: sqlite:///albumexplore.db
2025-03-09 04:33:24,964 - gui - DEBUG - Current album count: 11752
2025-03-09 04:33:24,964 - gui - INFO - Database already contains 11752 albums
2025-03-09 04:33:25,035 - gui - ERROR - Fatal error during application startup: type object 'ApplicationAttribute' has no attribute 'AA_UseHighDpiPixmaps'
Traceback (most recent call last):
  File "/home/seth-n/PycharmProjects/AlbumExplore/src/albumexplore/gui/app.py", line 150, in main
    app.setAttribute(Qt.ApplicationAttribute.AA_UseHighDpiPixmaps)
                     ^^^^^^^^^^^^^^^^^^^^^^^^^^^^^^^^^^^^^^^^^^^^
AttributeError: type object 'ApplicationAttribute' has no attribute 'AA_UseHighDpiPixmaps'
2025-03-09 14:35:54,153 - albumexplore.gui - ERROR - Error starting application: arguments did not match any overloaded call:
  addItem(self, text: Optional[str], userData: Any = None): argument 1 has unexpected type 'int'
  addItem(self, icon: QIcon, text: Optional[str], userData: Any = None): argument 1 has unexpected type 'int'
Traceback (most recent call last):
  File "/home/seth-n/PycharmProjects/AlbumExplore/src/albumexplore/gui/app.py", line 25, in main
    window = AlbumExplorer()
             ^^^^^^^^^^^^^^^
  File "/home/seth-n/PycharmProjects/AlbumExplore/src/albumexplore/gui/app.py", line 13, in __init__
    super().__init__(session)
  File "/home/seth-n/PycharmProjects/AlbumExplore/src/albumexplore/gui/main_window.py", line 27, in __init__
    self._setup_ui()
  File "/home/seth-n/PycharmProjects/AlbumExplore/src/albumexplore/gui/main_window.py", line 49, in _setup_ui
    self.view_selector.addItem(view_type.value)
TypeError: arguments did not match any overloaded call:
  addItem(self, text: Optional[str], userData: Any = None): argument 1 has unexpected type 'int'
  addItem(self, icon: QIcon, text: Optional[str], userData: Any = None): argument 1 has unexpected type 'int'
2025-03-09 14:36:56,347 - albumexplore.gui - ERROR - Error starting application: arguments did not match any overloaded call:
  addItem(self, text: Optional[str], userData: Any = None): argument 1 has unexpected type 'int'
  addItem(self, icon: QIcon, text: Optional[str], userData: Any = None): argument 1 has unexpected type 'int'
Traceback (most recent call last):
  File "/home/seth-n/PycharmProjects/AlbumExplore/src/albumexplore/gui/app.py", line 25, in main
    window = AlbumExplorer()
             ^^^^^^^^^^^^^^^
  File "/home/seth-n/PycharmProjects/AlbumExplore/src/albumexplore/gui/app.py", line 13, in __init__
    super().__init__(session)
  File "/home/seth-n/PycharmProjects/AlbumExplore/src/albumexplore/gui/main_window.py", line 27, in __init__
    self._setup_ui()
  File "/home/seth-n/PycharmProjects/AlbumExplore/src/albumexplore/gui/main_window.py", line 49, in _setup_ui
    self.view_selector.addItem(view_type.value)
TypeError: arguments did not match any overloaded call:
  addItem(self, text: Optional[str], userData: Any = None): argument 1 has unexpected type 'int'
  addItem(self, icon: QIcon, text: Optional[str], userData: Any = None): argument 1 has unexpected type 'int'
2025-03-09 14:37:51,984 - albumexplore.gui - ERROR - Error starting application: arguments did not match any overloaded call:
  addItem(self, text: Optional[str], userData: Any = None): argument 1 has unexpected type 'int'
  addItem(self, icon: QIcon, text: Optional[str], userData: Any = None): argument 1 has unexpected type 'int'
Traceback (most recent call last):
  File "/home/seth-n/PycharmProjects/AlbumExplore/src/albumexplore/gui/app.py", line 25, in main
    window = AlbumExplorer()
             ^^^^^^^^^^^^^^^
  File "/home/seth-n/PycharmProjects/AlbumExplore/src/albumexplore/gui/app.py", line 13, in __init__
    super().__init__(session)
  File "/home/seth-n/PycharmProjects/AlbumExplore/src/albumexplore/gui/main_window.py", line 27, in __init__
    self._setup_ui()
  File "/home/seth-n/PycharmProjects/AlbumExplore/src/albumexplore/gui/main_window.py", line 49, in _setup_ui
    self.view_selector.addItem(view_type.value)
TypeError: arguments did not match any overloaded call:
  addItem(self, text: Optional[str], userData: Any = None): argument 1 has unexpected type 'int'
  addItem(self, icon: QIcon, text: Optional[str], userData: Any = None): argument 1 has unexpected type 'int'
2025-03-09 14:39:11,657 - albumexplore.gui - ERROR - Error starting application: Unsupported view type: ViewType.CHORD
Traceback (most recent call last):
  File "/home/seth-n/PycharmProjects/AlbumExplore/src/albumexplore/gui/app.py", line 25, in main
    window = AlbumExplorer()
             ^^^^^^^^^^^^^^^
  File "/home/seth-n/PycharmProjects/AlbumExplore/src/albumexplore/gui/app.py", line 13, in __init__
    super().__init__(session)
  File "/home/seth-n/PycharmProjects/AlbumExplore/src/albumexplore/gui/main_window.py", line 24, in __init__
    self.view_manager = ViewManager(self.data_interface, self, self.debug_monitor)
                        ^^^^^^^^^^^^^^^^^^^^^^^^^^^^^^^^^^^^^^^^^^^^^^^^^^^^^^^^^^
  File "/home/seth-n/PycharmProjects/AlbumExplore/src/albumexplore/visualization/view_manager.py", line 25, in __init__
    self._renderers[view_type] = create_renderer(view_type, self.render_config)
                                 ^^^^^^^^^^^^^^^^^^^^^^^^^^^^^^^^^^^^^^^^^^^^^^
  File "/home/seth-n/PycharmProjects/AlbumExplore/src/albumexplore/visualization/renderer.py", line 189, in create_renderer
    raise ValueError(f"Unsupported view type: {view_type}")
ValueError: Unsupported view type: ViewType.CHORD
2025-03-09 14:48:00,313 - albumexplore.gui - ERROR - Error starting application: 'NoneType' object has no attribute 'query'
Traceback (most recent call last):
  File "/home/seth-n/PycharmProjects/AlbumExplore/src/albumexplore/gui/app.py", line 25, in main
    window = AlbumExplorer()
             ^^^^^^^^^^^^^^^
  File "/home/seth-n/PycharmProjects/AlbumExplore/src/albumexplore/gui/app.py", line 13, in __init__
    super().__init__(session)
  File "/home/seth-n/PycharmProjects/AlbumExplore/src/albumexplore/gui/main_window.py", line 27, in __init__
    self._setup_ui()
  File "/home/seth-n/PycharmProjects/AlbumExplore/src/albumexplore/gui/main_window.py", line 72, in _setup_ui
    self._switch_view(ViewType.TABLE)
  File "/home/seth-n/PycharmProjects/AlbumExplore/src/albumexplore/gui/main_window.py", line 104, in _switch_view
    result = self.view_manager.switch_view(view_type)
             ^^^^^^^^^^^^^^^^^^^^^^^^^^^^^^^^^^^^^^^^
  File "/home/seth-n/PycharmProjects/AlbumExplore/src/albumexplore/visualization/view_manager.py", line 38, in switch_view
    nodes, edges = self.data_interface.get_visible_data()
                   ^^^^^^^^^^^^^^^^^^^^^^^^^^^^^^^^^^^^^^
  File "/home/seth-n/PycharmProjects/AlbumExplore/src/albumexplore/visualization/data_interface.py", line 38, in get_visible_data
    albums = get_albums_with_tags(self.session)
             ^^^^^^^^^^^^^^^^^^^^^^^^^^^^^^^^^^
  File "/home/seth-n/PycharmProjects/AlbumExplore/src/albumexplore/database/queries.py", line 9, in get_albums_with_tags
    return session.query(Album).options(
           ^^^^^^^^^^^^^
AttributeError: 'NoneType' object has no attribute 'query'
2025-03-09 14:53:07,699 - albumexplore.gui - ERROR - Error starting application: 'NoneType' object has no attribute 'query'
Traceback (most recent call last):
  File "/home/seth-n/PycharmProjects/AlbumExplore/src/albumexplore/gui/app.py", line 27, in main
    window = AlbumExplorer()
             ^^^^^^^^^^^^^^^
  File "/home/seth-n/PycharmProjects/AlbumExplore/src/albumexplore/gui/app.py", line 15, in __init__
    super().__init__(session)
  File "/home/seth-n/PycharmProjects/AlbumExplore/src/albumexplore/gui/main_window.py", line 27, in __init__
    self._setup_ui()
  File "/home/seth-n/PycharmProjects/AlbumExplore/src/albumexplore/gui/main_window.py", line 72, in _setup_ui
    self._switch_view(ViewType.TABLE)
  File "/home/seth-n/PycharmProjects/AlbumExplore/src/albumexplore/gui/main_window.py", line 104, in _switch_view
    result = self.view_manager.switch_view(view_type)
             ^^^^^^^^^^^^^^^^^^^^^^^^^^^^^^^^^^^^^^^^
  File "/home/seth-n/PycharmProjects/AlbumExplore/src/albumexplore/visualization/view_manager.py", line 38, in switch_view
    nodes, edges = self.data_interface.get_visible_data()
                   ^^^^^^^^^^^^^^^^^^^^^^^^^^^^^^^^^^^^^^
  File "/home/seth-n/PycharmProjects/AlbumExplore/src/albumexplore/visualization/data_interface.py", line 38, in get_visible_data
    albums = get_albums_with_tags(self.session)
             ^^^^^^^^^^^^^^^^^^^^^^^^^^^^^^^^^^
  File "/home/seth-n/PycharmProjects/AlbumExplore/src/albumexplore/database/queries.py", line 9, in get_albums_with_tags
    return session.query(Album).options(
           ^^^^^^^^^^^^^
AttributeError: 'NoneType' object has no attribute 'query'
2025-03-09 14:54:56,909 - albumexplore.gui - ERROR - Error starting application: name 'joinedload' is not defined
Traceback (most recent call last):
  File "/home/seth-n/PycharmProjects/AlbumExplore/src/albumexplore/gui/app.py", line 27, in main
    window = AlbumExplorer()
             ^^^^^^^^^^^^^^^
  File "/home/seth-n/PycharmProjects/AlbumExplore/src/albumexplore/gui/app.py", line 15, in __init__
    super().__init__(session)
  File "/home/seth-n/PycharmProjects/AlbumExplore/src/albumexplore/gui/main_window.py", line 27, in __init__
    self._setup_ui()
  File "/home/seth-n/PycharmProjects/AlbumExplore/src/albumexplore/gui/main_window.py", line 72, in _setup_ui
    self._switch_view(ViewType.TABLE)
  File "/home/seth-n/PycharmProjects/AlbumExplore/src/albumexplore/gui/main_window.py", line 104, in _switch_view
    result = self.view_manager.switch_view(view_type)
             ^^^^^^^^^^^^^^^^^^^^^^^^^^^^^^^^^^^^^^^^
  File "/home/seth-n/PycharmProjects/AlbumExplore/src/albumexplore/visualization/view_manager.py", line 38, in switch_view
    nodes, edges = self.data_interface.get_visible_data()
                   ^^^^^^^^^^^^^^^^^^^^^^^^^^^^^^^^^^^^^^
  File "/home/seth-n/PycharmProjects/AlbumExplore/src/albumexplore/visualization/data_interface.py", line 38, in get_visible_data
    albums = get_albums_with_tags(self.session)
             ^^^^^^^^^^^^^^^^^^^^^^^^^^^^^^^^^^
  File "/home/seth-n/PycharmProjects/AlbumExplore/src/albumexplore/database/queries.py", line 10, in get_albums_with_tags
    joinedload(Album.tags)
    ^^^^^^^^^^
NameError: name 'joinedload' is not defined
2025-03-09 14:55:38,038 - albumexplore.gui - ERROR - Error starting application: (sqlite3.OperationalError) no such column: albums.year
[SQL: SELECT albums.id AS albums_id, albums.artist AS albums_artist, albums.title AS albums_title, albums.year AS albums_year, albums.genre AS albums_genre, albums.country AS albums_country, albums.created_at AS albums_created_at, albums.updated_at AS albums_updated_at, tags_1.id AS tags_1_id, tags_1.name AS tags_1_name, tags_1.normalized_name AS tags_1_normalized_name, tags_1.category_id AS tags_1_category_id, tags_1.frequency AS tags_1_frequency, tags_1.is_canonical AS tags_1_is_canonical 
FROM albums LEFT OUTER JOIN (album_tags AS album_tags_1 JOIN tags AS tags_1 ON tags_1.id = album_tags_1.tag_id) ON albums.id = album_tags_1.album_id]
(Background on this error at: https://sqlalche.me/e/20/e3q8)
Traceback (most recent call last):
  File "/home/seth-n/PycharmProjects/AlbumExplore/.venv/lib/python3.12/site-packages/sqlalchemy/engine/base.py", line 1964, in _exec_single_context
    self.dialect.do_execute(
  File "/home/seth-n/PycharmProjects/AlbumExplore/.venv/lib/python3.12/site-packages/sqlalchemy/engine/default.py", line 942, in do_execute
    cursor.execute(statement, parameters)
sqlite3.OperationalError: no such column: albums.year

The above exception was the direct cause of the following exception:

Traceback (most recent call last):
  File "/home/seth-n/PycharmProjects/AlbumExplore/src/albumexplore/gui/app.py", line 27, in main
    window = AlbumExplorer()
             ^^^^^^^^^^^^^^^
  File "/home/seth-n/PycharmProjects/AlbumExplore/src/albumexplore/gui/app.py", line 15, in __init__
    super().__init__(session)
  File "/home/seth-n/PycharmProjects/AlbumExplore/src/albumexplore/gui/main_window.py", line 27, in __init__
    self._setup_ui()
  File "/home/seth-n/PycharmProjects/AlbumExplore/src/albumexplore/gui/main_window.py", line 72, in _setup_ui
    self._switch_view(ViewType.TABLE)
  File "/home/seth-n/PycharmProjects/AlbumExplore/src/albumexplore/gui/main_window.py", line 104, in _switch_view
    result = self.view_manager.switch_view(view_type)
             ^^^^^^^^^^^^^^^^^^^^^^^^^^^^^^^^^^^^^^^^
  File "/home/seth-n/PycharmProjects/AlbumExplore/src/albumexplore/visualization/view_manager.py", line 38, in switch_view
    nodes, edges = self.data_interface.get_visible_data()
                   ^^^^^^^^^^^^^^^^^^^^^^^^^^^^^^^^^^^^^^
  File "/home/seth-n/PycharmProjects/AlbumExplore/src/albumexplore/visualization/data_interface.py", line 38, in get_visible_data
    albums = get_albums_with_tags(self.session)
             ^^^^^^^^^^^^^^^^^^^^^^^^^^^^^^^^^^
  File "/home/seth-n/PycharmProjects/AlbumExplore/src/albumexplore/database/queries.py", line 11, in get_albums_with_tags
    ).all()
      ^^^^^
  File "/home/seth-n/PycharmProjects/AlbumExplore/.venv/lib/python3.12/site-packages/sqlalchemy/orm/query.py", line 2699, in all
    return self._iter().all()  # type: ignore
           ^^^^^^^^^^^^
  File "/home/seth-n/PycharmProjects/AlbumExplore/.venv/lib/python3.12/site-packages/sqlalchemy/orm/query.py", line 2853, in _iter
    result: Union[ScalarResult[_T], Result[_T]] = self.session.execute(
                                                  ^^^^^^^^^^^^^^^^^^^^^
  File "/home/seth-n/PycharmProjects/AlbumExplore/.venv/lib/python3.12/site-packages/sqlalchemy/orm/session.py", line 2365, in execute
    return self._execute_internal(
           ^^^^^^^^^^^^^^^^^^^^^^^
  File "/home/seth-n/PycharmProjects/AlbumExplore/.venv/lib/python3.12/site-packages/sqlalchemy/orm/session.py", line 2251, in _execute_internal
    result: Result[Any] = compile_state_cls.orm_execute_statement(
                          ^^^^^^^^^^^^^^^^^^^^^^^^^^^^^^^^^^^^^^^^
  File "/home/seth-n/PycharmProjects/AlbumExplore/.venv/lib/python3.12/site-packages/sqlalchemy/orm/context.py", line 305, in orm_execute_statement
    result = conn.execute(
             ^^^^^^^^^^^^^
  File "/home/seth-n/PycharmProjects/AlbumExplore/.venv/lib/python3.12/site-packages/sqlalchemy/engine/base.py", line 1416, in execute
    return meth(
           ^^^^^
  File "/home/seth-n/PycharmProjects/AlbumExplore/.venv/lib/python3.12/site-packages/sqlalchemy/sql/elements.py", line 516, in _execute_on_connection
    return connection._execute_clauseelement(
           ^^^^^^^^^^^^^^^^^^^^^^^^^^^^^^^^^^
  File "/home/seth-n/PycharmProjects/AlbumExplore/.venv/lib/python3.12/site-packages/sqlalchemy/engine/base.py", line 1638, in _execute_clauseelement
    ret = self._execute_context(
          ^^^^^^^^^^^^^^^^^^^^^^
  File "/home/seth-n/PycharmProjects/AlbumExplore/.venv/lib/python3.12/site-packages/sqlalchemy/engine/base.py", line 1843, in _execute_context
    return self._exec_single_context(
           ^^^^^^^^^^^^^^^^^^^^^^^^^^
  File "/home/seth-n/PycharmProjects/AlbumExplore/.venv/lib/python3.12/site-packages/sqlalchemy/engine/base.py", line 1983, in _exec_single_context
    self._handle_dbapi_exception(
  File "/home/seth-n/PycharmProjects/AlbumExplore/.venv/lib/python3.12/site-packages/sqlalchemy/engine/base.py", line 2352, in _handle_dbapi_exception
    raise sqlalchemy_exception.with_traceback(exc_info[2]) from e
  File "/home/seth-n/PycharmProjects/AlbumExplore/.venv/lib/python3.12/site-packages/sqlalchemy/engine/base.py", line 1964, in _exec_single_context
    self.dialect.do_execute(
  File "/home/seth-n/PycharmProjects/AlbumExplore/.venv/lib/python3.12/site-packages/sqlalchemy/engine/default.py", line 942, in do_execute
    cursor.execute(statement, parameters)
sqlalchemy.exc.OperationalError: (sqlite3.OperationalError) no such column: albums.year
[SQL: SELECT albums.id AS albums_id, albums.artist AS albums_artist, albums.title AS albums_title, albums.year AS albums_year, albums.genre AS albums_genre, albums.country AS albums_country, albums.created_at AS albums_created_at, albums.updated_at AS albums_updated_at, tags_1.id AS tags_1_id, tags_1.name AS tags_1_name, tags_1.normalized_name AS tags_1_normalized_name, tags_1.category_id AS tags_1_category_id, tags_1.frequency AS tags_1_frequency, tags_1.is_canonical AS tags_1_is_canonical 
FROM albums LEFT OUTER JOIN (album_tags AS album_tags_1 JOIN tags AS tags_1 ON tags_1.id = album_tags_1.tag_id) ON albums.id = album_tags_1.album_id]
(Background on this error at: https://sqlalche.me/e/20/e3q8)
2025-03-09 15:18:44,813 - albumexplore.gui - ERROR - Error starting application: (sqlite3.OperationalError) no such column: albums.created_at
[SQL: SELECT albums.id AS albums_id, albums.artist AS albums_artist, albums.title AS albums_title, albums.release_year AS albums_release_year, albums.genre AS albums_genre, albums.country AS albums_country, albums.created_at AS albums_created_at, albums.updated_at AS albums_updated_at, tags_1.id AS tags_1_id, tags_1.name AS tags_1_name, tags_1.normalized_name AS tags_1_normalized_name, tags_1.category_id AS tags_1_category_id, tags_1.frequency AS tags_1_frequency, tags_1.is_canonical AS tags_1_is_canonical 
FROM albums LEFT OUTER JOIN (album_tags AS album_tags_1 JOIN tags AS tags_1 ON tags_1.id = album_tags_1.tag_id) ON albums.id = album_tags_1.album_id]
(Background on this error at: https://sqlalche.me/e/20/e3q8)
Traceback (most recent call last):
  File "/home/seth-n/PycharmProjects/AlbumExplore/.venv/lib/python3.12/site-packages/sqlalchemy/engine/base.py", line 1964, in _exec_single_context
    self.dialect.do_execute(
  File "/home/seth-n/PycharmProjects/AlbumExplore/.venv/lib/python3.12/site-packages/sqlalchemy/engine/default.py", line 942, in do_execute
    cursor.execute(statement, parameters)
sqlite3.OperationalError: no such column: albums.created_at

The above exception was the direct cause of the following exception:

Traceback (most recent call last):
  File "/home/seth-n/PycharmProjects/AlbumExplore/src/albumexplore/gui/app.py", line 27, in main
    window = AlbumExplorer()
             ^^^^^^^^^^^^^^^
  File "/home/seth-n/PycharmProjects/AlbumExplore/src/albumexplore/gui/app.py", line 15, in __init__
    super().__init__(session)
  File "/home/seth-n/PycharmProjects/AlbumExplore/src/albumexplore/gui/main_window.py", line 27, in __init__
    self._setup_ui()
  File "/home/seth-n/PycharmProjects/AlbumExplore/src/albumexplore/gui/main_window.py", line 72, in _setup_ui
    self._switch_view(ViewType.TABLE)
  File "/home/seth-n/PycharmProjects/AlbumExplore/src/albumexplore/gui/main_window.py", line 104, in _switch_view
    result = self.view_manager.switch_view(view_type)
             ^^^^^^^^^^^^^^^^^^^^^^^^^^^^^^^^^^^^^^^^
  File "/home/seth-n/PycharmProjects/AlbumExplore/src/albumexplore/visualization/view_manager.py", line 38, in switch_view
    nodes, edges = self.data_interface.get_visible_data()
                   ^^^^^^^^^^^^^^^^^^^^^^^^^^^^^^^^^^^^^^
  File "/home/seth-n/PycharmProjects/AlbumExplore/src/albumexplore/visualization/data_interface.py", line 38, in get_visible_data
    albums = get_albums_with_tags(self.session)
             ^^^^^^^^^^^^^^^^^^^^^^^^^^^^^^^^^^
  File "/home/seth-n/PycharmProjects/AlbumExplore/src/albumexplore/database/queries.py", line 11, in get_albums_with_tags
    ).all()
      ^^^^^
  File "/home/seth-n/PycharmProjects/AlbumExplore/.venv/lib/python3.12/site-packages/sqlalchemy/orm/query.py", line 2699, in all
    return self._iter().all()  # type: ignore
           ^^^^^^^^^^^^
  File "/home/seth-n/PycharmProjects/AlbumExplore/.venv/lib/python3.12/site-packages/sqlalchemy/orm/query.py", line 2853, in _iter
    result: Union[ScalarResult[_T], Result[_T]] = self.session.execute(
                                                  ^^^^^^^^^^^^^^^^^^^^^
  File "/home/seth-n/PycharmProjects/AlbumExplore/.venv/lib/python3.12/site-packages/sqlalchemy/orm/session.py", line 2365, in execute
    return self._execute_internal(
           ^^^^^^^^^^^^^^^^^^^^^^^
  File "/home/seth-n/PycharmProjects/AlbumExplore/.venv/lib/python3.12/site-packages/sqlalchemy/orm/session.py", line 2251, in _execute_internal
    result: Result[Any] = compile_state_cls.orm_execute_statement(
                          ^^^^^^^^^^^^^^^^^^^^^^^^^^^^^^^^^^^^^^^^
  File "/home/seth-n/PycharmProjects/AlbumExplore/.venv/lib/python3.12/site-packages/sqlalchemy/orm/context.py", line 305, in orm_execute_statement
    result = conn.execute(
             ^^^^^^^^^^^^^
  File "/home/seth-n/PycharmProjects/AlbumExplore/.venv/lib/python3.12/site-packages/sqlalchemy/engine/base.py", line 1416, in execute
    return meth(
           ^^^^^
  File "/home/seth-n/PycharmProjects/AlbumExplore/.venv/lib/python3.12/site-packages/sqlalchemy/sql/elements.py", line 516, in _execute_on_connection
    return connection._execute_clauseelement(
           ^^^^^^^^^^^^^^^^^^^^^^^^^^^^^^^^^^
  File "/home/seth-n/PycharmProjects/AlbumExplore/.venv/lib/python3.12/site-packages/sqlalchemy/engine/base.py", line 1638, in _execute_clauseelement
    ret = self._execute_context(
          ^^^^^^^^^^^^^^^^^^^^^^
  File "/home/seth-n/PycharmProjects/AlbumExplore/.venv/lib/python3.12/site-packages/sqlalchemy/engine/base.py", line 1843, in _execute_context
    return self._exec_single_context(
           ^^^^^^^^^^^^^^^^^^^^^^^^^^
  File "/home/seth-n/PycharmProjects/AlbumExplore/.venv/lib/python3.12/site-packages/sqlalchemy/engine/base.py", line 1983, in _exec_single_context
    self._handle_dbapi_exception(
  File "/home/seth-n/PycharmProjects/AlbumExplore/.venv/lib/python3.12/site-packages/sqlalchemy/engine/base.py", line 2352, in _handle_dbapi_exception
    raise sqlalchemy_exception.with_traceback(exc_info[2]) from e
  File "/home/seth-n/PycharmProjects/AlbumExplore/.venv/lib/python3.12/site-packages/sqlalchemy/engine/base.py", line 1964, in _exec_single_context
    self.dialect.do_execute(
  File "/home/seth-n/PycharmProjects/AlbumExplore/.venv/lib/python3.12/site-packages/sqlalchemy/engine/default.py", line 942, in do_execute
    cursor.execute(statement, parameters)
sqlalchemy.exc.OperationalError: (sqlite3.OperationalError) no such column: albums.created_at
[SQL: SELECT albums.id AS albums_id, albums.artist AS albums_artist, albums.title AS albums_title, albums.release_year AS albums_release_year, albums.genre AS albums_genre, albums.country AS albums_country, albums.created_at AS albums_created_at, albums.updated_at AS albums_updated_at, tags_1.id AS tags_1_id, tags_1.name AS tags_1_name, tags_1.normalized_name AS tags_1_normalized_name, tags_1.category_id AS tags_1_category_id, tags_1.frequency AS tags_1_frequency, tags_1.is_canonical AS tags_1_is_canonical 
FROM albums LEFT OUTER JOIN (album_tags AS album_tags_1 JOIN tags AS tags_1 ON tags_1.id = album_tags_1.tag_id) ON albums.id = album_tags_1.album_id]
(Background on this error at: https://sqlalche.me/e/20/e3q8)
2025-03-09 15:19:41,204 - albumexplore.gui - ERROR - Error starting application: name 'parent' is not defined
Traceback (most recent call last):
  File "/home/seth-n/PycharmProjects/AlbumExplore/src/albumexplore/gui/app.py", line 27, in main
    window = AlbumExplorer()
             ^^^^^^^^^^^^^^^
  File "/home/seth-n/PycharmProjects/AlbumExplore/src/albumexplore/gui/app.py", line 15, in __init__
    super().__init__(session)
  File "/home/seth-n/PycharmProjects/AlbumExplore/src/albumexplore/gui/main_window.py", line 27, in __init__
    self._setup_ui()
  File "/home/seth-n/PycharmProjects/AlbumExplore/src/albumexplore/gui/main_window.py", line 72, in _setup_ui
    self._switch_view(ViewType.TABLE)
  File "/home/seth-n/PycharmProjects/AlbumExplore/src/albumexplore/gui/main_window.py", line 104, in _switch_view
    result = self.view_manager.switch_view(view_type)
             ^^^^^^^^^^^^^^^^^^^^^^^^^^^^^^^^^^^^^^^^
  File "/home/seth-n/PycharmProjects/AlbumExplore/src/albumexplore/visualization/view_manager.py", line 55, in switch_view
    self.debug_monitor.log_view_update(parent, len(nodes), len(edges))
                                       ^^^^^^
NameError: name 'parent' is not defined. Did you mean: 'print'?
2025-03-09 15:21:31,161 - albumexplore.gui - ERROR - Error starting application: TableView._handle_selection() takes 1 positional argument but 2 were given
Traceback (most recent call last):
  File "/home/seth-n/PycharmProjects/AlbumExplore/src/albumexplore/gui/app.py", line 27, in main
    window = AlbumExplorer()
             ^^^^^^^^^^^^^^^
  File "/home/seth-n/PycharmProjects/AlbumExplore/src/albumexplore/gui/app.py", line 15, in __init__
    super().__init__(session)
  File "/home/seth-n/PycharmProjects/AlbumExplore/src/albumexplore/gui/main_window.py", line 27, in __init__
    self._setup_ui()
  File "/home/seth-n/PycharmProjects/AlbumExplore/src/albumexplore/gui/main_window.py", line 72, in _setup_ui
    self._switch_view(ViewType.TABLE)
  File "/home/seth-n/PycharmProjects/AlbumExplore/src/albumexplore/gui/main_window.py", line 105, in _switch_view
    self.current_view.update_data(result)
  File "/home/seth-n/PycharmProjects/AlbumExplore/src/albumexplore/gui/views/table_view.py", line 50, in update_data
    super().update_data(data)
  File "/home/seth-n/PycharmProjects/AlbumExplore/src/albumexplore/gui/views/base_view.py", line 24, in update_data
    self._handle_selection(data.get('selected_ids', set()))
TypeError: TableView._handle_selection() takes 1 positional argument but 2 were given
2025-03-09 15:22:52,916 - albumexplore.gui - ERROR - Error starting application: TableView._handle_selection() takes 1 positional argument but 2 were given
Traceback (most recent call last):
  File "/home/seth-n/PycharmProjects/AlbumExplore/src/albumexplore/gui/app.py", line 27, in main
    window = AlbumExplorer()
             ^^^^^^^^^^^^^^^
  File "/home/seth-n/PycharmProjects/AlbumExplore/src/albumexplore/gui/app.py", line 15, in __init__
    super().__init__(session)
  File "/home/seth-n/PycharmProjects/AlbumExplore/src/albumexplore/gui/main_window.py", line 27, in __init__
    self._setup_ui()
  File "/home/seth-n/PycharmProjects/AlbumExplore/src/albumexplore/gui/main_window.py", line 72, in _setup_ui
    self._switch_view(ViewType.TABLE)
  File "/home/seth-n/PycharmProjects/AlbumExplore/src/albumexplore/gui/main_window.py", line 105, in _switch_view
    self.current_view.update_data(result)
  File "/home/seth-n/PycharmProjects/AlbumExplore/src/albumexplore/gui/views/table_view.py", line 50, in update_data
    super().update_data(data)
  File "/home/seth-n/PycharmProjects/AlbumExplore/src/albumexplore/gui/views/base_view.py", line 24, in update_data
    self._handle_selection(data.get('selected_ids', set()))
TypeError: TableView._handle_selection() takes 1 positional argument but 2 were given
2025-03-09 15:23:15,653 - albumexplore.gui - ERROR - Error starting application: TableView._handle_selection() takes 1 positional argument but 2 were given
Traceback (most recent call last):
  File "/home/seth-n/PycharmProjects/AlbumExplore/src/albumexplore/gui/app.py", line 27, in main
    window = AlbumExplorer()
             ^^^^^^^^^^^^^^^
  File "/home/seth-n/PycharmProjects/AlbumExplore/src/albumexplore/gui/app.py", line 15, in __init__
    super().__init__(session)
  File "/home/seth-n/PycharmProjects/AlbumExplore/src/albumexplore/gui/main_window.py", line 27, in __init__
    self._setup_ui()
  File "/home/seth-n/PycharmProjects/AlbumExplore/src/albumexplore/gui/main_window.py", line 72, in _setup_ui
    self._switch_view(ViewType.TABLE)
  File "/home/seth-n/PycharmProjects/AlbumExplore/src/albumexplore/gui/main_window.py", line 105, in _switch_view
    self.current_view.update_data(result)
  File "/home/seth-n/PycharmProjects/AlbumExplore/src/albumexplore/gui/views/table_view.py", line 50, in update_data
    super().update_data(data)
  File "/home/seth-n/PycharmProjects/AlbumExplore/src/albumexplore/gui/views/base_view.py", line 24, in update_data
    self._handle_selection(data.get('selected_ids', set()))
TypeError: TableView._handle_selection() takes 1 positional argument but 2 were given
2025-03-09 15:46:13,528 - albumexplore.gui - ERROR - Error starting application: 'method' object has no attribute '_is_processing'
Traceback (most recent call last):
  File "/home/seth-n/PycharmProjects/AlbumExplore/src/albumexplore/gui/app.py", line 27, in main
    window = AlbumExplorer()
             ^^^^^^^^^^^^^^^
  File "/home/seth-n/PycharmProjects/AlbumExplore/src/albumexplore/gui/app.py", line 15, in __init__
    super().__init__(session)
  File "/home/seth-n/PycharmProjects/AlbumExplore/src/albumexplore/gui/main_window.py", line 27, in __init__
    self._setup_ui()
  File "/home/seth-n/PycharmProjects/AlbumExplore/src/albumexplore/gui/main_window.py", line 72, in _setup_ui
    self._switch_view(ViewType.TABLE)
  File "/home/seth-n/PycharmProjects/AlbumExplore/src/albumexplore/gui/main_window.py", line 105, in _switch_view
    self.current_view.update_data(result)
  File "/home/seth-n/PycharmProjects/AlbumExplore/src/albumexplore/gui/views/table_view.py", line 50, in update_data
    super().update_data(data)
  File "/home/seth-n/PycharmProjects/AlbumExplore/src/albumexplore/gui/views/base_view.py", line 24, in update_data
    self._handle_selection(data.get('selected_ids', set()))
  File "/home/seth-n/PycharmProjects/AlbumExplore/src/albumexplore/gui/views/table_view.py", line 101, in _handle_selection
    self._handle_selection._is_processing = False
    ^^^^^^^^^^^^^^^^^^^^^^^^^^^^^^^^^^^^^
AttributeError: 'method' object has no attribute '_is_processing'
2025-03-09 15:51:51,416 - albumexplore.gui - INFO - Main window initialized
2025-03-09 15:51:51,430 - albumexplore.gui - INFO - Application started
2025-03-09 15:52:32,430 - albumexplore.gui - INFO - Main window initialized
2025-03-09 15:52:32,448 - albumexplore.gui - INFO - Application started
2025-03-09 15:52:35,279 - albumexplore.gui - ERROR - Error switching views: Unsupported view type: ViewType.TAG_EXPLORER
Traceback (most recent call last):
  File "/home/seth-n/PycharmProjects/AlbumExplore/src/albumexplore/gui/main_window.py", line 82, in _on_view_changed
    self._switch_view(view_type)
  File "/home/seth-n/PycharmProjects/AlbumExplore/src/albumexplore/gui/main_window.py", line 95, in _switch_view
    self.current_view = create_view(view_type, self)
                        ^^^^^^^^^^^^^^^^^^^^^^^^^^^^
  File "/home/seth-n/PycharmProjects/AlbumExplore/src/albumexplore/gui/views/__init__.py", line 17, in create_view
    raise ValueError(f"Unsupported view type: {view_type}")
ValueError: Unsupported view type: ViewType.TAG_EXPLORER
2025-03-09 15:59:55,448 - albumexplore.gui - INFO - Main window initialized
2025-03-09 15:59:55,458 - albumexplore.gui - INFO - Application started
2025-03-09 15:59:59,479 - albumexplore.gui - ERROR - Error switching views: Unsupported view type: ViewType.TAG_EXPLORER
Traceback (most recent call last):
  File "/home/seth-n/PycharmProjects/AlbumExplore/src/albumexplore/gui/main_window.py", line 82, in _on_view_changed
    self._switch_view(view_type)
  File "/home/seth-n/PycharmProjects/AlbumExplore/src/albumexplore/gui/main_window.py", line 95, in _switch_view
    self.current_view = create_view(view_type, self)
                        ^^^^^^^^^^^^^^^^^^^^^^^^^^^^
  File "/home/seth-n/PycharmProjects/AlbumExplore/src/albumexplore/gui/views/__init__.py", line 17, in create_view
    raise ValueError(f"Unsupported view type: {view_type}")
ValueError: Unsupported view type: ViewType.TAG_EXPLORER
2025-03-09 16:04:48,886 - albumexplore.gui - DEBUG - Creating view for type: ViewType.TABLE
2025-03-09 16:04:48,900 - albumexplore.gui - INFO - Main window initialized
2025-03-09 16:04:48,913 - albumexplore.gui - INFO - Application started
2025-03-09 16:04:53,648 - albumexplore.gui - DEBUG - Creating view for type: ViewType.TAG_EXPLORER
2025-03-09 16:04:53,649 - albumexplore.gui - ERROR - Unsupported view type: ViewType.TAG_EXPLORER. Available types: [<ViewType.TABLE: 'Table'>, <ViewType.NETWORK: 'Network'>]
2025-03-09 16:04:53,649 - albumexplore.gui - ERROR - Error switching views: Unsupported view type: ViewType.TAG_EXPLORER
Traceback (most recent call last):
  File "/home/seth-n/PycharmProjects/AlbumExplore/src/albumexplore/gui/main_window.py", line 82, in _on_view_changed
    self._switch_view(view_type)
  File "/home/seth-n/PycharmProjects/AlbumExplore/src/albumexplore/gui/main_window.py", line 95, in _switch_view
    self.current_view = create_view(view_type, self)
                        ^^^^^^^^^^^^^^^^^^^^^^^^^^^^
  File "/home/seth-n/PycharmProjects/AlbumExplore/src/albumexplore/gui/views/__init__.py", line 25, in create_view
    raise ValueError(f"Unsupported view type: {view_type}")
ValueError: Unsupported view type: ViewType.TAG_EXPLORER
2025-03-09 16:04:57,652 - albumexplore.gui - DEBUG - Creating view for type: ViewType.NETWORK
2025-03-09 16:04:59,434 - albumexplore.gui - DEBUG - Creating view for type: ViewType.CHORD
2025-03-09 16:04:59,435 - albumexplore.gui - ERROR - Unsupported view type: ViewType.CHORD. Available types: [<ViewType.TABLE: 'Table'>, <ViewType.NETWORK: 'Network'>]
2025-03-09 16:04:59,436 - albumexplore.gui - ERROR - Error switching views: Unsupported view type: ViewType.CHORD
Traceback (most recent call last):
  File "/home/seth-n/PycharmProjects/AlbumExplore/src/albumexplore/gui/main_window.py", line 82, in _on_view_changed
    self._switch_view(view_type)
  File "/home/seth-n/PycharmProjects/AlbumExplore/src/albumexplore/gui/main_window.py", line 95, in _switch_view
    self.current_view = create_view(view_type, self)
                        ^^^^^^^^^^^^^^^^^^^^^^^^^^^^
  File "/home/seth-n/PycharmProjects/AlbumExplore/src/albumexplore/gui/views/__init__.py", line 25, in create_view
    raise ValueError(f"Unsupported view type: {view_type}")
ValueError: Unsupported view type: ViewType.CHORD
2025-03-09 16:05:01,668 - albumexplore.gui - DEBUG - Creating view for type: ViewType.ARC
2025-03-09 16:05:01,669 - albumexplore.gui - ERROR - Unsupported view type: ViewType.ARC. Available types: [<ViewType.TABLE: 'Table'>, <ViewType.NETWORK: 'Network'>]
2025-03-09 16:05:01,670 - albumexplore.gui - ERROR - Error switching views: Unsupported view type: ViewType.ARC
Traceback (most recent call last):
  File "/home/seth-n/PycharmProjects/AlbumExplore/src/albumexplore/gui/main_window.py", line 82, in _on_view_changed
    self._switch_view(view_type)
  File "/home/seth-n/PycharmProjects/AlbumExplore/src/albumexplore/gui/main_window.py", line 95, in _switch_view
    self.current_view = create_view(view_type, self)
                        ^^^^^^^^^^^^^^^^^^^^^^^^^^^^
  File "/home/seth-n/PycharmProjects/AlbumExplore/src/albumexplore/gui/views/__init__.py", line 25, in create_view
    raise ValueError(f"Unsupported view type: {view_type}")
ValueError: Unsupported view type: ViewType.ARC
2025-03-09 16:08:27,128 - albumexplore.gui - DEBUG - Creating view for type: ViewType.TABLE
2025-03-09 16:08:27,142 - albumexplore.gui - INFO - Main window initialized
2025-03-09 16:08:27,160 - albumexplore.gui - INFO - Application started
2025-03-09 16:08:56,893 - albumexplore.gui - DEBUG - Creating view for type: ViewType.TAG_EXPLORER
2025-03-09 16:08:56,896 - albumexplore.gui - DEBUG - View type ViewType.TAG_EXPLORER not found in basic mapping, trying visualization module
2025-03-09 16:08:56,935 - albumexplore.gui - ERROR - Failed to import TAG_EXPLORER view: cannot import name 'TableViewWidget' from 'albumexplore.gui.views' (/home/seth-n/PycharmProjects/AlbumExplore/src/albumexplore/gui/views/__init__.py)
2025-03-09 16:08:56,935 - albumexplore.gui - ERROR - Unsupported view type: ViewType.TAG_EXPLORER. Available types: [<ViewType.TABLE: 'Table'>, <ViewType.NETWORK: 'Network'>]
2025-03-09 16:08:56,935 - albumexplore.gui - ERROR - Error switching views: Unsupported view type: ViewType.TAG_EXPLORER
Traceback (most recent call last):
  File "/home/seth-n/PycharmProjects/AlbumExplore/src/albumexplore/gui/main_window.py", line 85, in _on_view_changed
    self._switch_view(view_type)
  File "/home/seth-n/PycharmProjects/AlbumExplore/src/albumexplore/gui/main_window.py", line 98, in _switch_view
    self.current_view = create_view(view_type, self)
                        ^^^^^^^^^^^^^^^^^^^^^^^^^^^^
  File "/home/seth-n/PycharmProjects/AlbumExplore/src/albumexplore/gui/views/__init__.py", line 47, in create_view
    raise ValueError(f"Unsupported view type: {view_type}")
ValueError: Unsupported view type: ViewType.TAG_EXPLORER
