2025-02-17 23:53:41,870 - gui - DEBUG - MainWindow initialized
2025-02-17 23:53:42,012 - gui - DEBUG - DataInterface initialized
2025-02-17 23:53:42,022 - gui - DEBUG - ViewManager initialized
2025-02-17 23:53:42,149 - gui - DEBUG - Updating data from data interface
2025-02-17 23:53:42,151 - gui - DEBUG - Getting albums: page=0, filters=None
2025-02-17 23:54:59,723 - gui - DEBUG - MainWindow initialized
2025-02-17 23:54:59,761 - gui - DEBUG - DataInterface initialized
2025-02-17 23:54:59,761 - gui - DEBUG - ViewManager initialized
2025-02-17 23:54:59,784 - gui - DEBUG - Updating data from data interface
2025-02-17 23:54:59,785 - gui - DEBUG - Getting albums: page=0, filters=None
2025-02-17 23:54:59,901 - gui - DEBUG - Initializing view: ViewType.TABLE
2025-02-17 23:54:59,901 - gui - DEBUG - TableView initialized
2025-02-17 23:54:59,920 - gui - DEBUG - Updating data in TableView: 100 nodes, 0 edges
2025-02-17 23:54:59,940 - gui - DEBUG - Resize event: PyQt6.QtCore.QSize(1200, 800)
2025-02-17 23:54:59,941 - gui - DEBUG - Updating data in TableView: 100 nodes, 0 edges
2025-02-17 23:54:59,958 - gui - DEBUG - Resize event: PyQt6.QtCore.QSize(1200, 713)
2025-02-17 23:54:59,959 - gui - DEBUG - Updating data in TableView: 100 nodes, 0 edges
2025-02-17 23:54:59,964 - gui - DEBUG - Paint event started in TableView
2025-02-17 23:54:59,964 - gui - DEBUG - Paint event finished in TableView
2025-02-17 23:54:59,994 - gui - DEBUG - Paint event started in TableView
2025-02-17 23:54:59,994 - gui - DEBUG - Paint event finished in TableView
2025-02-17 23:55:00,042 - gui - DEBUG - Resize event: PyQt6.QtCore.QSize(1200, 800)
2025-02-17 23:55:00,043 - gui - DEBUG - Updating data in TableView: 100 nodes, 0 edges
2025-02-17 23:55:00,045 - gui - DEBUG - Paint event started in TableView
2025-02-17 23:55:00,045 - gui - DEBUG - Paint event finished in TableView
2025-02-17 23:55:00,173 - gui - DEBUG - Paint event started in TableView
2025-02-17 23:55:00,182 - gui - DEBUG - Paint event finished in TableView
2025-02-17 23:55:00,228 - gui - DEBUG - Paint event started in TableView
2025-02-17 23:55:00,230 - gui - DEBUG - Paint event finished in TableView
2025-02-17 23:55:02,592 - gui - DEBUG - Handling view change: network
2025-02-17 23:55:02,593 - gui - DEBUG - Switching to view: ViewType.NETWORK
2025-02-17 23:55:02,593 - gui - DEBUG - Updating data from data interface
2025-02-17 23:55:02,597 - gui - DEBUG - Getting album connections: ['a0', 'a1', 'a2', 'a3', 'a4', 'a5', 'a6', 'a7', 'a8', 'a9', 'a10', 'a11', 'a12', 'a13', 'a14', 'a15', 'a16', 'a17', 'a18', 'a19', 'a20', 'a21', 'a22', 'a23', 'a24', 'a25', 'a26', 'a27', 'a28', 'a29', 'a30', 'a31', 'a32', 'a33', 'a34', 'a35', 'a36', 'a37', 'a38', 'a39', 'a40', 'a41', 'a42', 'a43', 'a44', 'a45', 'a46', 'a47', 'a48', 'a49', 'a50', 'a51', 'a52', 'a53', 'a54', 'a55', 'a56', 'a57', 'a58', 'a59', 'a60', 'a61', 'a62', 'a63', 'a64', 'a65', 'a66', 'a67', 'a68', 'a69', 'a70', 'a71', 'a72', 'a73', 'a74', 'a75', 'a76', 'a77', 'a78', 'a79', 'a80', 'a81', 'a82', 'a83', 'a84', 'a85', 'a86', 'a87', 'a88', 'a89', 'a90', 'a91', 'a92', 'a93', 'a94', 'a95', 'a96', 'a97', 'a98', 'a99']
2025-02-17 23:55:02,689 - gui - DEBUG - Getting tag relationships (min_strength=0.5)
2025-02-17 23:55:02,743 - gui - DEBUG - Initializing view: ViewType.NETWORK
2025-02-17 23:55:02,744 - gui - DEBUG - NetworkView initialized
2025-02-17 23:55:04,224 - gui - DEBUG - Updating data in NetworkView: 100 nodes, 1940 edges
2025-02-17 23:55:04,225 - gui - DEBUG - Applying transition in NetworkView: {'transition': {'type': 'instant', 'duration': 300, 'easing': 'cubic-bezier(0.4, 0.0, 0.2, 1)'}, 'preserved_positions': {}, 'shared_selections': [], 'source_type': 'network', 'target_type': 'network'}
2025-02-17 23:55:04,225 - gui - DEBUG - Handling selection change: set()
2025-02-17 23:55:06,858 - gui - DEBUG - Handling view change: arc
2025-02-17 23:55:06,858 - gui - DEBUG - Switching to view: ViewType.ARC
2025-02-17 23:55:06,859 - gui - DEBUG - Updating data from data interface
2025-02-17 23:55:06,860 - gui - DEBUG - Getting album connections: ['a0', 'a1', 'a2', 'a3', 'a4', 'a5', 'a6', 'a7', 'a8', 'a9', 'a10', 'a11', 'a12', 'a13', 'a14', 'a15', 'a16', 'a17', 'a18', 'a19', 'a20', 'a21', 'a22', 'a23', 'a24', 'a25', 'a26', 'a27', 'a28', 'a29', 'a30', 'a31', 'a32', 'a33', 'a34', 'a35', 'a36', 'a37', 'a38', 'a39', 'a40', 'a41', 'a42', 'a43', 'a44', 'a45', 'a46', 'a47', 'a48', 'a49', 'a50', 'a51', 'a52', 'a53', 'a54', 'a55', 'a56', 'a57', 'a58', 'a59', 'a60', 'a61', 'a62', 'a63', 'a64', 'a65', 'a66', 'a67', 'a68', 'a69', 'a70', 'a71', 'a72', 'a73', 'a74', 'a75', 'a76', 'a77', 'a78', 'a79', 'a80', 'a81', 'a82', 'a83', 'a84', 'a85', 'a86', 'a87', 'a88', 'a89', 'a90', 'a91', 'a92', 'a93', 'a94', 'a95', 'a96', 'a97', 'a98', 'a99']
2025-02-17 23:55:07,001 - gui - DEBUG - Initializing view: ViewType.ARC
2025-02-17 23:55:07,001 - gui - DEBUG - ArcView initialized
2025-02-17 23:55:07,002 - gui - DEBUG - Updating data in ArcView: 100 nodes, 1940 edges
2025-02-17 23:55:07,002 - gui - DEBUG - Applying transition in ArcView: {'transition': {'type': 'instant', 'duration': 300, 'easing': 'cubic-bezier(0.4, 0.0, 0.2, 1)'}, 'preserved_positions': {}, 'shared_selections': [], 'source_type': 'arc', 'target_type': 'arc'}
2025-02-17 23:55:07,002 - gui - DEBUG - Handling selection change: set()
2025-02-17 23:55:09,437 - gui - DEBUG - Handling view change: chord
2025-02-17 23:55:09,438 - gui - DEBUG - Switching to view: ViewType.CHORD
2025-02-17 23:55:09,438 - gui - DEBUG - Updating data from data interface
2025-02-17 23:55:09,440 - gui - DEBUG - Getting album connections: ['a0', 'a1', 'a2', 'a3', 'a4', 'a5', 'a6', 'a7', 'a8', 'a9', 'a10', 'a11', 'a12', 'a13', 'a14', 'a15', 'a16', 'a17', 'a18', 'a19', 'a20', 'a21', 'a22', 'a23', 'a24', 'a25', 'a26', 'a27', 'a28', 'a29', 'a30', 'a31', 'a32', 'a33', 'a34', 'a35', 'a36', 'a37', 'a38', 'a39', 'a40', 'a41', 'a42', 'a43', 'a44', 'a45', 'a46', 'a47', 'a48', 'a49', 'a50', 'a51', 'a52', 'a53', 'a54', 'a55', 'a56', 'a57', 'a58', 'a59', 'a60', 'a61', 'a62', 'a63', 'a64', 'a65', 'a66', 'a67', 'a68', 'a69', 'a70', 'a71', 'a72', 'a73', 'a74', 'a75', 'a76', 'a77', 'a78', 'a79', 'a80', 'a81', 'a82', 'a83', 'a84', 'a85', 'a86', 'a87', 'a88', 'a89', 'a90', 'a91', 'a92', 'a93', 'a94', 'a95', 'a96', 'a97', 'a98', 'a99']
2025-02-17 23:55:09,627 - gui - DEBUG - Initializing view: ViewType.CHORD
2025-02-17 23:55:09,628 - gui - DEBUG - ChordView initialized
2025-02-17 23:55:09,628 - gui - DEBUG - Updating data in ChordView: 100 nodes, 1940 edges
2025-02-17 23:55:09,629 - gui - DEBUG - Applying transition in ChordView: {'transition': {'type': 'instant', 'duration': 300, 'easing': 'cubic-bezier(0.4, 0.0, 0.2, 1)'}, 'preserved_positions': {}, 'shared_selections': [], 'source_type': 'chord', 'target_type': 'chord'}
2025-02-17 23:55:09,629 - gui - DEBUG - Handling selection change: set()
2025-02-17 23:56:19,448 - gui - DEBUG - MainWindow initialized
2025-02-17 23:56:19,459 - gui - DEBUG - DataInterface initialized
2025-02-17 23:56:19,460 - gui - DEBUG - ViewManager initialized
2025-02-17 23:56:19,480 - gui - DEBUG - Updating data from data interface
2025-02-17 23:56:19,480 - gui - DEBUG - Getting albums: page=0, filters=None
2025-02-17 23:56:19,596 - gui - DEBUG - Initializing view: ViewType.TABLE
2025-02-17 23:56:19,596 - gui - DEBUG - TableView initialized
2025-02-17 23:56:19,606 - gui - DEBUG - Updating data in TableView: 100 nodes, 0 edges
2025-02-17 23:56:19,637 - gui - DEBUG - Resize event: PyQt6.QtCore.QSize(1200, 800)
2025-02-17 23:56:19,638 - gui - DEBUG - Updating data in TableView: 100 nodes, 0 edges
2025-02-17 23:56:19,667 - gui - DEBUG - Resize event: PyQt6.QtCore.QSize(1200, 713)
2025-02-17 23:56:19,669 - gui - DEBUG - Updating data in TableView: 100 nodes, 0 edges
2025-02-17 23:56:19,675 - gui - DEBUG - Paint event started in TableView
2025-02-17 23:56:19,676 - gui - DEBUG - Paint event finished in TableView
2025-02-17 23:56:19,741 - gui - DEBUG - Paint event started in TableView
2025-02-17 23:56:19,742 - gui - DEBUG - Paint event finished in TableView
2025-02-17 23:56:19,782 - gui - DEBUG - Resize event: PyQt6.QtCore.QSize(1200, 800)
2025-02-17 23:56:19,783 - gui - DEBUG - Updating data in TableView: 100 nodes, 0 edges
2025-02-17 23:56:19,784 - gui - DEBUG - Paint event started in TableView
2025-02-17 23:56:19,787 - gui - DEBUG - Paint event finished in TableView
2025-02-17 23:56:19,916 - gui - DEBUG - Paint event started in TableView
2025-02-17 23:56:19,916 - gui - DEBUG - Paint event finished in TableView
2025-02-17 23:56:19,935 - gui - DEBUG - Paint event started in TableView
2025-02-17 23:56:19,936 - gui - DEBUG - Paint event finished in TableView
2025-02-17 23:56:22,281 - gui - DEBUG - Handling view change: network
2025-02-17 23:56:22,282 - gui - DEBUG - Switching to view: ViewType.NETWORK
2025-02-17 23:56:22,282 - gui - DEBUG - Updating data from data interface
2025-02-17 23:56:22,286 - gui - DEBUG - Getting album connections: ['a0', 'a1', 'a2', 'a3', 'a4', 'a5', 'a6', 'a7', 'a8', 'a9', 'a10', 'a11', 'a12', 'a13', 'a14', 'a15', 'a16', 'a17', 'a18', 'a19', 'a20', 'a21', 'a22', 'a23', 'a24', 'a25', 'a26', 'a27', 'a28', 'a29', 'a30', 'a31', 'a32', 'a33', 'a34', 'a35', 'a36', 'a37', 'a38', 'a39', 'a40', 'a41', 'a42', 'a43', 'a44', 'a45', 'a46', 'a47', 'a48', 'a49', 'a50', 'a51', 'a52', 'a53', 'a54', 'a55', 'a56', 'a57', 'a58', 'a59', 'a60', 'a61', 'a62', 'a63', 'a64', 'a65', 'a66', 'a67', 'a68', 'a69', 'a70', 'a71', 'a72', 'a73', 'a74', 'a75', 'a76', 'a77', 'a78', 'a79', 'a80', 'a81', 'a82', 'a83', 'a84', 'a85', 'a86', 'a87', 'a88', 'a89', 'a90', 'a91', 'a92', 'a93', 'a94', 'a95', 'a96', 'a97', 'a98', 'a99']
2025-02-17 23:56:22,418 - gui - DEBUG - Getting tag relationships (min_strength=0.5)
2025-02-17 23:56:22,512 - gui - DEBUG - Initializing view: ViewType.NETWORK
2025-02-17 23:56:22,513 - gui - DEBUG - NetworkView initialized
2025-02-17 23:56:23,796 - gui - DEBUG - Updating data in NetworkView: 100 nodes, 1940 edges
2025-02-17 23:56:23,796 - gui - DEBUG - Applying transition in NetworkView: {'transition': {'type': 'instant', 'duration': 300, 'easing': 'cubic-bezier(0.4, 0.0, 0.2, 1)'}, 'preserved_positions': {}, 'shared_selections': [], 'source_type': 'network', 'target_type': 'network'}
2025-02-17 23:56:23,797 - gui - DEBUG - Handling selection change: set()
