2025-03-12 01:20:22,377 - albumexplore.gui - ERROR - Error occurred: Invalid data format
NoneType: None
2025-03-12 01:51:12,595 - albumexplore.gui - ERROR - Error starting application: Unsupported view type: ViewType.TAG_GRAPH
Traceback (most recent call last):
  File "/home/shwal/Documents/GitHub/AlbumExplore/src/albumexplore/gui/app.py", line 27, in main
    window = AlbumExplorer()
  File "/home/shwal/Documents/GitHub/AlbumExplore/src/albumexplore/gui/app.py", line 15, in __init__
    super().__init__(session)
  File "/home/shwal/Documents/GitHub/AlbumExplore/src/albumexplore/gui/main_window.py", line 118, in __init__
    self.view_manager = ViewManager(self.data_interface, self, self.debug_monitor)
  File "/home/shwal/Documents/GitHub/AlbumExplore/src/albumexplore/visualization/view_manager.py", line 26, in __init__
    self._renderers[view_type] = create_renderer(view_type, self.render_config)
  File "/home/shwal/Documents/GitHub/AlbumExplore/src/albumexplore/visualization/renderer.py", line 168, in create_renderer
    raise ValueError(f"Unsupported view type: {view_type}")
ValueError: Unsupported view type: ViewType.TAG_GRAPH
2025-03-12 01:52:45,801 - albumexplore.gui - DEBUG - Creating view for type: ViewType.TABLE
2025-03-12 01:52:45,813 - albumexplore.gui - ERROR - Error starting application: 'dict' object has no attribute 'log_view_update'
Traceback (most recent call last):
  File "/home/shwal/Documents/GitHub/AlbumExplore/src/albumexplore/gui/app.py", line 27, in main
    window = AlbumExplorer()
  File "/home/shwal/Documents/GitHub/AlbumExplore/src/albumexplore/gui/app.py", line 15, in __init__
    super().__init__(session)
  File "/home/shwal/Documents/GitHub/AlbumExplore/src/albumexplore/gui/main_window.py", line 124, in __init__
    self._setup_ui()
  File "/home/shwal/Documents/GitHub/AlbumExplore/src/albumexplore/gui/main_window.py", line 75, in _setup_ui
    self._switch_view(ViewType.TABLE)
  File "/home/shwal/Documents/GitHub/AlbumExplore/src/albumexplore/gui/main_window.py", line 107, in _switch_view
    result = self.view_manager.switch_view(view_type)
  File "/home/shwal/Documents/GitHub/AlbumExplore/src/albumexplore/visualization/view_manager.py", line 56, in switch_view
    self.debug_monitor.log_view_update(self.parent, len(nodes), len(edges))
AttributeError: 'dict' object has no attribute 'log_view_update'
2025-03-12 01:54:04,242 - albumexplore.gui - DEBUG - Creating view for type: ViewType.TABLE
2025-03-12 01:54:04,249 - albumexplore.gui - INFO - Main window initialized
2025-03-12 01:54:04,257 - albumexplore.gui - INFO - Application started
2025-03-12 01:54:06,912 - albumexplore.gui - DEBUG - Creating view for type: ViewType.TAG_EXPLORER
2025-03-12 01:54:06,912 - albumexplore.gui - DEBUG - View type ViewType.TAG_EXPLORER not found in basic mapping, trying visualization module
2025-03-12 01:54:06,920 - albumexplore.gui - DEBUG - Successfully imported TAG_EXPLORER view from visualization module
2025-03-12 01:54:06,952 - albumexplore.gui - ERROR - Error switching views: 'TagExplorerView' object has no attribute 'selection_changed'
Traceback (most recent call last):
  File "/home/shwal/Documents/GitHub/AlbumExplore/src/albumexplore/gui/main_window.py", line 85, in _on_view_changed
    self._switch_view(view_type)
  File "/home/shwal/Documents/GitHub/AlbumExplore/src/albumexplore/gui/main_window.py", line 104, in _switch_view
    self.current_view.selection_changed.connect(self._handle_selection)
AttributeError: 'TagExplorerView' object has no attribute 'selection_changed'
2025-03-12 01:58:06,434 - albumexplore.gui - DEBUG - Creating view for type: ViewType.TABLE
2025-03-12 01:58:06,438 - albumexplore.gui - INFO - Main window initialized
2025-03-12 01:58:06,446 - albumexplore.gui - INFO - Application started
2025-03-12 02:04:16,446 - albumexplore.gui - DEBUG - Creating view for type: ViewType.TABLE
2025-03-12 02:04:16,450 - albumexplore.gui - INFO - Main window initialized
2025-03-12 02:04:16,454 - albumexplore.gui - INFO - Application started
2025-03-12 02:05:44,884 - albumexplore.gui - DEBUG - Creating view for type: ViewType.TABLE
2025-03-12 02:05:44,902 - albumexplore.gui - INFO - Main window initialized
2025-03-12 02:05:44,907 - albumexplore.gui - INFO - Application started
2025-03-12 02:08:41,492 - albumexplore.gui - DEBUG - Creating view for type: ViewType.TABLE
2025-03-12 02:08:41,511 - albumexplore.gui - INFO - Main window initialized
2025-03-12 02:08:41,516 - albumexplore.gui - INFO - Application started
2025-03-12 02:09:06,227 - albumexplore.gui - DEBUG - Creating view for type: ViewType.TABLE
2025-03-12 02:09:06,245 - albumexplore.gui - INFO - Main window initialized
2025-03-12 02:09:06,250 - albumexplore.gui - INFO - Application started
2025-03-12 02:11:35,668 - albumexplore.gui - DEBUG - Creating view for type: ViewType.TABLE
2025-03-12 02:11:35,689 - albumexplore.gui - DEBUG - Initializing TableView
2025-03-12 02:11:35,697 - albumexplore.gui - DEBUG - TableView initialized
2025-03-12 02:12:50,790 - albumexplore.gui - DEBUG - Creating view for type: ViewType.TABLE
2025-03-12 02:12:50,810 - albumexplore.gui - DEBUG - Initializing TableView
2025-03-12 02:12:50,818 - albumexplore.gui - DEBUG - TableView initialized
2025-03-12 02:15:47,563 - albumexplore.gui - DEBUG - Creating view for type: ViewType.TABLE
2025-03-12 02:15:47,583 - albumexplore.gui - DEBUG - Initializing TableView
2025-03-12 02:18:54,467 - albumexplore.gui - DEBUG - Creating view for type: ViewType.TABLE
2025-03-12 02:18:54,486 - albumexplore.gui - DEBUG - Initializing TableView
2025-03-12 02:20:26,526 - albumexplore.gui - DEBUG - Creating view for type: ViewType.TABLE
2025-03-12 02:20:26,547 - albumexplore.gui - DEBUG - Initializing TableView
2025-03-12 02:21:10,071 - albumexplore.gui - DEBUG - Creating view for type: ViewType.TABLE
2025-03-12 02:21:10,092 - albumexplore.gui - DEBUG - Initializing TableView
2025-03-12 02:23:42,554 - albumexplore.gui - DEBUG - Creating view for type: ViewType.TABLE
2025-03-12 02:23:42,574 - albumexplore.gui - DEBUG - Initializing TableView
2025-03-12 02:29:47,221 - albumexplore.gui - DEBUG - Creating view for type: ViewType.TABLE
2025-03-12 02:29:47,242 - albumexplore.gui - DEBUG - Initializing TableView
2025-03-12 02:29:47,249 - albumexplore.gui - DEBUG - TableView initialized
2025-03-12 02:30:01,429 - albumexplore.gui - DEBUG - Updated table view with 11752 rows
2025-03-12 02:30:01,429 - albumexplore.gui - INFO - Main window initialized
2025-03-12 02:30:01,838 - albumexplore.gui - DEBUG - Updated table view with 11752 rows
2025-03-12 02:30:01,868 - albumexplore.gui - DEBUG - Table view shown
2025-03-12 02:30:02,334 - albumexplore.gui - DEBUG - Updated table view with 11752 rows
2025-03-12 02:30:02,805 - albumexplore.gui - DEBUG - Updated table view with 11752 rows
2025-03-12 02:30:50,699 - albumexplore.gui - DEBUG - Table view hidden
2025-03-12 02:31:10,553 - albumexplore.gui - DEBUG - Creating view for type: ViewType.TABLE
2025-03-12 02:31:10,573 - albumexplore.gui - DEBUG - Initializing TableView
2025-03-12 02:31:10,580 - albumexplore.gui - DEBUG - TableView initialized
2025-03-12 02:31:24,533 - albumexplore.gui - DEBUG - Updated table view with 11752 rows
2025-03-12 02:31:24,534 - albumexplore.gui - INFO - Main window initialized
2025-03-12 02:31:24,922 - albumexplore.gui - DEBUG - Updated table view with 11752 rows
2025-03-12 02:31:24,951 - albumexplore.gui - DEBUG - Table view shown
2025-03-12 02:31:25,398 - albumexplore.gui - DEBUG - Updated table view with 11752 rows
2025-03-12 02:31:25,840 - albumexplore.gui - DEBUG - Updated table view with 11752 rows
2025-03-12 02:31:37,371 - albumexplore.gui - DEBUG - Table view hidden
2025-03-12 02:33:16,855 - albumexplore.gui - DEBUG - Creating view for type: ViewType.TABLE
2025-03-12 02:33:16,875 - albumexplore.gui - DEBUG - Initializing TableView
2025-03-12 02:33:16,882 - albumexplore.gui - DEBUG - TableView initialized
2025-03-12 02:33:31,033 - albumexplore.gui - DEBUG - Updated table view with 11752 rows
2025-03-12 02:33:31,033 - albumexplore.gui - INFO - Main window initialized
2025-03-12 02:33:31,428 - albumexplore.gui - DEBUG - Updated table view with 11752 rows
2025-03-12 02:33:31,451 - albumexplore.gui - DEBUG - Table view shown
2025-03-12 02:33:31,916 - albumexplore.gui - DEBUG - Updated table view with 11752 rows
2025-03-12 02:33:32,365 - albumexplore.gui - DEBUG - Updated table view with 11752 rows
2025-03-12 02:33:35,475 - albumexplore.gui - DEBUG - Table view hidden
2025-03-12 02:33:45,737 - albumexplore.gui - DEBUG - Creating view for type: ViewType.TABLE
2025-03-12 02:33:45,758 - albumexplore.gui - DEBUG - Initializing TableView
2025-03-12 02:33:45,765 - albumexplore.gui - DEBUG - TableView initialized
2025-03-12 02:33:59,891 - albumexplore.gui - DEBUG - Updated table view with 11752 rows
2025-03-12 02:33:59,891 - albumexplore.gui - INFO - Main window initialized
2025-03-12 02:34:00,290 - albumexplore.gui - DEBUG - Updated table view with 11752 rows
2025-03-12 02:34:00,321 - albumexplore.gui - DEBUG - Table view shown
2025-03-12 02:34:00,792 - albumexplore.gui - DEBUG - Updated table view with 11752 rows
2025-03-12 02:34:01,261 - albumexplore.gui - DEBUG - Updated table view with 11752 rows
2025-03-12 02:34:08,411 - albumexplore.gui - DEBUG - Table view hidden
2025-03-12 02:34:27,115 - albumexplore.gui - DEBUG - Creating view for type: ViewType.TABLE
2025-03-12 02:34:27,136 - albumexplore.gui - DEBUG - Initializing TableView
2025-03-12 02:34:27,143 - albumexplore.gui - DEBUG - TableView initialized
2025-03-12 02:34:41,222 - albumexplore.gui - DEBUG - Updated table view with 11752 rows
2025-03-12 02:34:41,222 - albumexplore.gui - INFO - Main window initialized
2025-03-12 02:34:41,610 - albumexplore.gui - DEBUG - Updated table view with 11752 rows
2025-03-12 02:34:41,632 - albumexplore.gui - DEBUG - Table view shown
2025-03-12 02:34:42,101 - albumexplore.gui - DEBUG - Updated table view with 11752 rows
2025-03-12 02:34:42,550 - albumexplore.gui - DEBUG - Updated table view with 11752 rows
2025-03-12 02:34:46,722 - albumexplore.gui - DEBUG - Table view hidden
2025-03-12 02:37:31,528 - albumexplore.gui - DEBUG - Creating view for type: ViewType.TABLE
2025-03-12 02:37:31,548 - albumexplore.gui - DEBUG - Initializing TableView
2025-03-12 02:37:31,555 - albumexplore.gui - DEBUG - TableView initialized
2025-03-12 02:37:45,376 - albumexplore.gui - DEBUG - Updated table view with 11752 rows
2025-03-12 02:37:45,377 - albumexplore.gui - INFO - Main window initialized
2025-03-12 02:37:45,751 - albumexplore.gui - DEBUG - Updated table view with 11752 rows
2025-03-12 02:37:45,780 - albumexplore.gui - DEBUG - Table view shown
2025-03-12 02:37:46,216 - albumexplore.gui - DEBUG - Updated table view with 11752 rows
2025-03-12 02:37:46,630 - albumexplore.gui - DEBUG - Updated table view with 11752 rows
2025-03-12 02:37:58,558 - albumexplore.gui - DEBUG - Table view hidden
2025-03-12 02:40:14,242 - albumexplore.gui - DEBUG - Creating view for type: ViewType.TABLE
2025-03-12 02:40:14,262 - albumexplore.gui - DEBUG - Initializing TableView
2025-03-12 02:40:14,269 - albumexplore.gui - DEBUG - TableView initialized
2025-03-12 02:40:28,225 - albumexplore.gui - DEBUG - Updated table view with 11697 rows
2025-03-12 02:40:28,225 - albumexplore.gui - INFO - Main window initialized
2025-03-12 02:40:28,602 - albumexplore.gui - DEBUG - Updated table view with 11697 rows
2025-03-12 02:40:28,631 - albumexplore.gui - DEBUG - Table view shown
2025-03-12 02:40:29,061 - albumexplore.gui - DEBUG - Updated table view with 11697 rows
2025-03-12 02:40:29,491 - albumexplore.gui - DEBUG - Updated table view with 11697 rows
2025-03-12 02:40:41,657 - albumexplore.gui - DEBUG - Table view hidden
2025-03-12 02:43:56,909 - albumexplore.gui - DEBUG - Creating view for type: ViewType.TABLE
2025-03-12 02:43:56,929 - albumexplore.gui - DEBUG - Initializing TableView
2025-03-12 02:43:56,936 - albumexplore.gui - DEBUG - TableView initialized
2025-03-12 02:44:10,960 - albumexplore.gui - DEBUG - Updated table view with 11697 rows
2025-03-12 02:44:10,961 - albumexplore.gui - INFO - Main window initialized
2025-03-12 02:44:11,336 - albumexplore.gui - DEBUG - Updated table view with 11697 rows
2025-03-12 02:44:11,365 - albumexplore.gui - DEBUG - Table view shown
2025-03-12 02:44:11,805 - albumexplore.gui - DEBUG - Updated table view with 11697 rows
2025-03-12 02:44:12,224 - albumexplore.gui - DEBUG - Updated table view with 11697 rows
2025-03-12 02:44:21,039 - albumexplore.gui - DEBUG - Table view hidden
2025-03-12 02:47:05,126 - albumexplore.gui - DEBUG - Creating view for type: ViewType.TABLE
2025-03-12 02:47:05,146 - albumexplore.gui - DEBUG - Initializing TableView
2025-03-12 02:47:05,153 - albumexplore.gui - DEBUG - TableView initialized
2025-03-12 02:47:18,993 - albumexplore.gui - DEBUG - Updated table view with 11697 rows
2025-03-12 02:47:18,993 - albumexplore.gui - INFO - Main window initialized
2025-03-12 02:47:19,375 - albumexplore.gui - DEBUG - Updated table view with 11697 rows
2025-03-12 02:47:19,403 - albumexplore.gui - DEBUG - Table view shown
2025-03-12 02:47:19,840 - albumexplore.gui - DEBUG - Updated table view with 11697 rows
2025-03-12 02:47:20,271 - albumexplore.gui - DEBUG - Updated table view with 11697 rows
2025-03-12 02:47:22,958 - albumexplore.gui - DEBUG - Table view hidden
2025-03-12 02:49:14,534 - albumexplore.gui - DEBUG - Creating view for type: ViewType.TABLE
2025-03-12 02:49:14,554 - albumexplore.gui - DEBUG - Initializing TableView
2025-03-12 02:49:14,561 - albumexplore.gui - DEBUG - TableView initialized
2025-03-12 02:49:28,474 - albumexplore.gui - DEBUG - Updated table view with 11697 rows
2025-03-12 02:49:28,474 - albumexplore.gui - INFO - Main window initialized
2025-03-12 02:49:28,854 - albumexplore.gui - DEBUG - Updated table view with 11697 rows
2025-03-12 02:49:28,881 - albumexplore.gui - DEBUG - Table view shown
2025-03-12 02:49:29,328 - albumexplore.gui - DEBUG - Updated table view with 11697 rows
2025-03-12 02:49:29,772 - albumexplore.gui - DEBUG - Updated table view with 11697 rows
2025-03-12 02:49:31,741 - albumexplore.gui - DEBUG - Table view hidden
