2025-03-08 14:30:37,086 - gui.performance - INFO - Starting performance monitoring
2025-03-08 14:42:17,993 - albumexplore.gui.performance - INFO - Starting performance monitoring - {app.py:34}
2025-03-08 14:42:19,507 - albumexplore.gui.performance - DEBUG - Performance - Application - initialization_time: 1.52s - {app.py:157}
2025-03-08 14:42:22,457 - albumexplore.gui.performance - DEBUG - Performance - TagExplorerView - data_update_time: 0.18ms - {gui_logging.py:62}
2025-03-08 14:42:22,472 - albumexplore.gui.performance - DEBUG - Performance - TagExplorerView - paint_time: 5.46ms - {gui_logging.py:62}
2025-03-08 14:42:22,506 - albumexplore.gui.performance - DEBUG - Performance - TagExplorerView - paint_time: 2.02ms - {gui_logging.py:62}
2025-03-08 14:42:22,532 - albumexplore.gui.performance - DEBUG - Performance - TagExplorerView - paint_time: 1.79ms - {gui_logging.py:62}
2025-03-08 14:42:22,552 - albumexplore.gui.performance - DEBUG - Performance - TagExplorerView - paint_time: 2.09ms - {gui_logging.py:62}
2025-03-08 14:42:22,967 - albumexplore.gui.performance - DEBUG - Performance - TagExplorerView - paint_time: 2.25ms - {gui_logging.py:62}
2025-03-08 14:42:22,979 - albumexplore.gui.performance - DEBUG - Performance - TagExplorerView - paint_time: 1.60ms - {gui_logging.py:62}
2025-03-08 14:44:59,993 - albumexplore.gui.performance - INFO - Starting performance monitoring - {app.py:34}
2025-03-08 14:45:01,563 - albumexplore.gui.performance - DEBUG - Performance - Application - initialization_time: 1.57s - {app.py:158}
2025-03-08 14:45:31,141 - albumexplore.gui.performance - DEBUG - Performing memory check - {app.py:63}
2025-03-08 14:46:01,158 - albumexplore.gui.performance - DEBUG - Performing memory check - {app.py:63}
2025-03-08 14:46:31,138 - albumexplore.gui.performance - DEBUG - Performing memory check - {app.py:63}
2025-03-08 14:46:48,011 - albumexplore.gui.performance - DEBUG - Performance - TagExplorerView - data_update_time: 0.12ms - {gui_logging.py:62}
2025-03-08 14:46:48,021 - albumexplore.gui.performance - DEBUG - Performance - TagExplorerView - paint_time: 4.16ms - {gui_logging.py:62}
2025-03-08 14:46:48,056 - albumexplore.gui.performance - DEBUG - Performance - TagExplorerView - paint_time: 3.11ms - {gui_logging.py:62}
2025-03-08 14:46:48,088 - albumexplore.gui.performance - DEBUG - Performance - TagExplorerView - paint_time: 4.60ms - {gui_logging.py:62}
2025-03-08 14:46:48,109 - albumexplore.gui.performance - DEBUG - Performance - TagExplorerView - paint_time: 1.72ms - {gui_logging.py:62}
2025-03-08 14:46:48,525 - albumexplore.gui.performance - DEBUG - Performance - TagExplorerView - paint_time: 1.43ms - {gui_logging.py:62}
2025-03-08 14:46:48,541 - albumexplore.gui.performance - DEBUG - Performance - TagExplorerView - paint_time: 1.80ms - {gui_logging.py:62}
2025-03-08 14:46:48,953 - albumexplore.gui.performance - DEBUG - Performance - TagExplorerView - paint_time: 0.39ms - {gui_logging.py:62}
2025-03-08 14:46:49,005 - albumexplore.gui.performance - DEBUG - Performance - TagExplorerView - paint_time: 0.45ms - {gui_logging.py:62}
2025-03-08 14:46:49,235 - albumexplore.gui.performance - DEBUG - Performance - TagExplorerView - paint_time: 1.22ms - {gui_logging.py:62}
2025-03-08 14:46:49,477 - albumexplore.gui.performance - DEBUG - Performance - TagExplorerView - paint_time: 0.42ms - {gui_logging.py:62}
2025-03-08 14:46:49,642 - albumexplore.gui.performance - DEBUG - Performance - TagExplorerView - paint_time: 0.24ms - {gui_logging.py:62}
2025-03-08 14:46:49,816 - albumexplore.gui.performance - DEBUG - Performance - TagExplorerView - paint_time: 0.27ms - {gui_logging.py:62}
2025-03-08 14:59:58,289 - albumexplore.gui.performance - INFO - Starting performance monitoring - {app.py:33}
2025-03-08 16:52:37,219 - albumexplore.gui.performance - DEBUG - Performance - Application - initialization_time: 2.07s - {app.py:131}
2025-03-08 17:04:50,626 - albumexplore.gui.performance - DEBUG - Performance - Application - initialization_time: 1.27s - {app.py:131}
2025-03-08 17:05:19,128 - albumexplore.gui.performance - DEBUG - Performing memory check - {app.py:72}
2025-03-08 17:05:41,228 - albumexplore.gui.performance - DEBUG - Performance - TagExplorerView - data_update_time: 0.15ms - {gui_logging.py:66}
2025-03-08 17:05:41,235 - albumexplore.gui.performance - DEBUG - Performance - TagExplorerView - paint_time: 1.86ms - {gui_logging.py:66}
2025-03-08 17:05:41,251 - albumexplore.gui.performance - DEBUG - Performance - TagExplorerView - paint_time: 1.12ms - {gui_logging.py:66}
2025-03-08 17:05:41,717 - albumexplore.gui.performance - DEBUG - Performance - TagExplorerView - paint_time: 0.29ms - {gui_logging.py:66}
2025-03-08 17:05:41,902 - albumexplore.gui.performance - DEBUG - Performance - TagExplorerView - paint_time: 0.28ms - {gui_logging.py:66}
2025-03-08 17:05:42,096 - albumexplore.gui.performance - DEBUG - Performance - TagExplorerView - paint_time: 0.25ms - {gui_logging.py:66}
2025-03-08 17:05:42,193 - albumexplore.gui.performance - DEBUG - Performance - TagExplorerView - paint_time: 0.36ms - {gui_logging.py:66}
2025-03-08 17:05:42,319 - albumexplore.gui.performance - DEBUG - Performance - TagExplorerView - paint_time: 0.68ms - {gui_logging.py:66}
2025-03-08 17:05:42,358 - albumexplore.gui.performance - DEBUG - Performance - TagExplorerView - paint_time: 0.32ms - {gui_logging.py:66}
2025-03-08 17:05:44,189 - albumexplore.gui.performance - DEBUG - Performance - TagGraphView - data_update_time: 0.13ms - {gui_logging.py:66}
2025-03-08 17:05:44,222 - albumexplore.gui.performance - DEBUG - Performance - TagGraphView - paint_time: 0.50ms - {gui_logging.py:66}
2025-03-08 17:05:44,230 - albumexplore.gui.performance - DEBUG - Performance - TagGraphView - paint_time: 0.46ms - {gui_logging.py:66}
2025-03-08 17:05:44,348 - albumexplore.gui.performance - DEBUG - Performance - TagGraphView - paint_time: 0.28ms - {gui_logging.py:66}
2025-03-08 17:05:44,357 - albumexplore.gui.performance - DEBUG - Performance - TagGraphView - paint_time: 0.34ms - {gui_logging.py:66}
2025-03-08 17:05:44,419 - albumexplore.gui.performance - DEBUG - Performance - TagGraphView - paint_time: 0.44ms - {gui_logging.py:66}
2025-03-08 17:05:44,721 - albumexplore.gui.performance - DEBUG - Performance - TagGraphView - paint_time: 0.50ms - {gui_logging.py:66}
2025-03-08 17:05:45,646 - albumexplore.gui.performance - DEBUG - Performance - ChordView - data_update_time: 1.36ms - {gui_logging.py:66}
2025-03-08 17:05:45,650 - albumexplore.gui.performance - DEBUG - Performance - ChordView - paint_time: 1.34ms - {gui_logging.py:66}
2025-03-08 17:05:46,152 - albumexplore.gui.performance - DEBUG - Performance - ChordView - paint_time: 1.28ms - {gui_logging.py:66}
2025-03-08 17:05:48,117 - albumexplore.gui.performance - DEBUG - Performance - TagExplorerView - data_update_time: 1.04ms - {gui_logging.py:66}
2025-03-08 17:05:48,129 - albumexplore.gui.performance - DEBUG - Performance - TagExplorerView - paint_time: 1.69ms - {gui_logging.py:66}
2025-03-08 17:05:48,142 - albumexplore.gui.performance - DEBUG - Performance - TagExplorerView - paint_time: 0.99ms - {gui_logging.py:66}
2025-03-08 17:05:48,599 - albumexplore.gui.performance - DEBUG - Performance - TagExplorerView - paint_time: 0.24ms - {gui_logging.py:66}
2025-03-08 17:05:48,631 - albumexplore.gui.performance - DEBUG - Performance - TagExplorerView - paint_time: 1.53ms - {gui_logging.py:66}
2025-03-08 17:05:48,679 - albumexplore.gui.performance - DEBUG - Performance - TagExplorerView - paint_time: 0.68ms - {gui_logging.py:66}
2025-03-08 17:05:48,687 - albumexplore.gui.performance - DEBUG - Performance - TagExplorerView - paint_time: 0.39ms - {gui_logging.py:66}
2025-03-08 17:05:49,128 - albumexplore.gui.performance - DEBUG - Performing memory check - {app.py:72}
2025-03-08 17:17:34,231 - albumexplore.gui.performance - DEBUG - Performance - Application - initialization_time: 1.12s - {app.py:131}
2025-03-08 17:17:40,355 - albumexplore.gui.performance - DEBUG - Performance - TagExplorerView - data_update_time: 0.14ms - {gui_logging.py:66}
2025-03-08 17:17:40,358 - albumexplore.gui.performance - DEBUG - Performance - TagExplorerView - paint_time: 1.32ms - {gui_logging.py:66}
2025-03-08 17:17:40,376 - albumexplore.gui.performance - DEBUG - Performance - TagExplorerView - paint_time: 1.67ms - {gui_logging.py:66}
2025-03-08 17:17:41,533 - albumexplore.gui.performance - DEBUG - Performance - TagExplorerView - paint_time: 0.28ms - {gui_logging.py:66}
2025-03-08 17:17:42,059 - albumexplore.gui.performance - DEBUG - Performance - TagExplorerView - paint_time: 0.32ms - {gui_logging.py:66}
2025-03-08 17:17:42,226 - albumexplore.gui.performance - DEBUG - Performance - TagExplorerView - paint_time: 0.41ms - {gui_logging.py:66}
2025-03-08 17:17:42,369 - albumexplore.gui.performance - DEBUG - Performance - TagExplorerView - paint_time: 0.28ms - {gui_logging.py:66}
2025-03-08 17:17:42,613 - albumexplore.gui.performance - DEBUG - Performance - TagExplorerView - paint_time: 0.35ms - {gui_logging.py:66}
2025-03-08 17:17:43,436 - albumexplore.gui.performance - DEBUG - Performance - TagGraphView - data_update_time: 0.15ms - {gui_logging.py:66}
2025-03-08 17:17:43,447 - albumexplore.gui.performance - DEBUG - Performance - TagGraphView - paint_time: 0.39ms - {gui_logging.py:66}
2025-03-08 17:17:43,459 - albumexplore.gui.performance - DEBUG - Performance - TagGraphView - paint_time: 0.98ms - {gui_logging.py:66}
2025-03-08 17:17:43,709 - albumexplore.gui.performance - DEBUG - Performance - TagGraphView - paint_time: 0.27ms - {gui_logging.py:66}
2025-03-08 17:17:43,767 - albumexplore.gui.performance - DEBUG - Performance - TagGraphView - paint_time: 0.26ms - {gui_logging.py:66}
2025-03-08 17:17:43,913 - albumexplore.gui.performance - DEBUG - Performance - TagGraphView - paint_time: 0.28ms - {gui_logging.py:66}
2025-03-08 17:17:43,958 - albumexplore.gui.performance - DEBUG - Performance - TagGraphView - paint_time: 0.47ms - {gui_logging.py:66}
2025-03-08 17:17:44,359 - albumexplore.gui.performance - DEBUG - Performance - TagGraphView - paint_time: 0.32ms - {gui_logging.py:66}
2025-03-08 17:17:44,699 - albumexplore.gui.performance - DEBUG - Performance - TagGraphView - paint_time: 0.24ms - {gui_logging.py:66}
2025-03-08 17:17:44,709 - albumexplore.gui.performance - DEBUG - Performance - TagGraphView - paint_time: 0.27ms - {gui_logging.py:66}
2025-03-08 17:17:45,491 - albumexplore.gui.performance - DEBUG - Performance - ArcView - data_update_time: 0.17ms - {gui_logging.py:66}
2025-03-08 17:17:45,495 - albumexplore.gui.performance - DEBUG - Performance - ArcView - paint_time: 1.28ms - {gui_logging.py:66}
2025-03-08 17:17:45,997 - albumexplore.gui.performance - DEBUG - Performance - ArcView - paint_time: 1.08ms - {gui_logging.py:66}
2025-03-08 17:18:38,840 - albumexplore.gui.performance - DEBUG - Performance - Application - initialization_time: 1.64s - {app.py:131}
2025-03-08 17:19:02,556 - albumexplore.gui.performance - DEBUG - Performance - TagExplorerView - data_update_time: 0.16ms - {gui_logging.py:66}
2025-03-08 17:19:02,615 - albumexplore.gui.performance - DEBUG - Performance - TagExplorerView - paint_time: 1.35ms - {gui_logging.py:66}
2025-03-08 17:19:02,643 - albumexplore.gui.performance - DEBUG - Performance - TagExplorerView - paint_time: 1.52ms - {gui_logging.py:66}
2025-03-08 17:19:03,297 - albumexplore.gui.performance - DEBUG - Performance - TagExplorerView - paint_time: 0.46ms - {gui_logging.py:66}
2025-03-08 17:19:03,442 - albumexplore.gui.performance - DEBUG - Performance - TagExplorerView - paint_time: 0.24ms - {gui_logging.py:66}
2025-03-08 17:19:03,646 - albumexplore.gui.performance - DEBUG - Performance - TagExplorerView - paint_time: 0.39ms - {gui_logging.py:66}
2025-03-08 17:19:03,891 - albumexplore.gui.performance - DEBUG - Performance - TagExplorerView - paint_time: 1.14ms - {gui_logging.py:66}
2025-03-08 17:19:04,057 - albumexplore.gui.performance - DEBUG - Performance - TagExplorerView - paint_time: 0.27ms - {gui_logging.py:66}
2025-03-08 17:19:04,228 - albumexplore.gui.performance - DEBUG - Performance - TagExplorerView - paint_time: 0.26ms - {gui_logging.py:66}
2025-03-08 17:19:04,532 - albumexplore.gui.performance - DEBUG - Performance - TagExplorerView - paint_time: 0.37ms - {gui_logging.py:66}
2025-03-08 17:19:07,537 - albumexplore.gui.performance - DEBUG - Performing memory check - {app.py:72}
2025-03-08 17:19:09,011 - albumexplore.gui.performance - DEBUG - Performance - TagExplorerView - data_update_time: 0.22ms - {gui_logging.py:66}
2025-03-08 17:19:09,018 - albumexplore.gui.performance - DEBUG - Performance - TagExplorerView - paint_time: 2.13ms - {gui_logging.py:66}
2025-03-08 17:19:09,041 - albumexplore.gui.performance - DEBUG - Performance - TagExplorerView - paint_time: 3.63ms - {gui_logging.py:66}
2025-03-08 17:19:11,982 - albumexplore.gui.performance - DEBUG - Performance - TagExplorerView - data_update_time: 0.46ms - {gui_logging.py:66}
2025-03-08 17:19:11,991 - albumexplore.gui.performance - DEBUG - Performance - TagExplorerView - paint_time: 2.02ms - {gui_logging.py:66}
2025-03-08 17:19:12,006 - albumexplore.gui.performance - DEBUG - Performance - TagExplorerView - paint_time: 1.56ms - {gui_logging.py:66}
2025-03-08 17:19:12,423 - albumexplore.gui.performance - DEBUG - Performance - TagExplorerView - paint_time: 0.26ms - {gui_logging.py:66}
2025-03-08 17:19:12,442 - albumexplore.gui.performance - DEBUG - Performance - TagExplorerView - paint_time: 0.24ms - {gui_logging.py:66}
