2025-02-20 19:03:11,306 - gui.performance - [INFO] - Starting performance monitoring - {app.py:22}
2025-02-20 19:03:11,629 - gui.performance - [DEBUG] - Performance - Application - initialization_time: 0.32s - {gui_logging.py:63}
2025-02-20 19:05:01,766 - gui.performance - [INFO] - Starting performance monitoring - {app.py:22}
2025-02-20 19:05:02,143 - gui.performance - [DEBUG] - Performance - TableView - data_update_time: 1.45ms - {gui_logging.py:63}
2025-02-20 19:05:02,156 - gui.performance - [DEBUG] - Performance - Application - initialization_time: 0.39s - {gui_logging.py:63}
2025-02-20 19:05:02,189 - gui.performance - [DEBUG] - Performance - TableView - paint_time: 9.46ms - {gui_logging.py:63}
2025-02-20 19:05:02,223 - gui.performance - [DEBUG] - Performance - TableView - paint_time: 0.73ms - {gui_logging.py:63}
2025-02-20 19:05:14,128 - gui.performance - [DEBUG] - Performance - TableView - paint_time: 0.67ms - {gui_logging.py:63}
2025-02-20 19:05:14,134 - gui.performance - [DEBUG] - Performance - TableView - paint_time: 0.57ms - {gui_logging.py:63}
2025-02-20 19:05:21,287 - gui.performance - [INFO] - Starting performance monitoring - {app.py:22}
2025-02-20 19:05:21,626 - gui.performance - [DEBUG] - Performance - TableView - data_update_time: 0.29ms - {gui_logging.py:63}
2025-02-20 19:05:21,632 - gui.performance - [DEBUG] - Performance - Application - initialization_time: 0.35s - {gui_logging.py:63}
2025-02-20 19:05:21,660 - gui.performance - [DEBUG] - Performance - TableView - paint_time: 4.08ms - {gui_logging.py:63}
2025-02-20 19:05:21,694 - gui.performance - [DEBUG] - Performance - TableView - paint_time: 0.60ms - {gui_logging.py:63}
2025-02-20 19:06:15,381 - gui.performance - [DEBUG] - Performance - TableView - paint_time: 2.33ms - {gui_logging.py:63}
2025-02-20 19:06:15,393 - gui.performance - [DEBUG] - Performance - TableView - paint_time: 1.40ms - {gui_logging.py:63}
2025-02-20 19:06:16,659 - gui.performance - [DEBUG] - Performance - TableView - paint_time: 0.62ms - {gui_logging.py:63}
2025-02-20 19:06:16,674 - gui.performance - [DEBUG] - Performance - TableView - paint_time: 0.29ms - {gui_logging.py:63}
2025-02-20 19:06:16,825 - gui.performance - [DEBUG] - Performance - TableView - paint_time: 0.61ms - {gui_logging.py:63}
2025-02-20 19:06:16,830 - gui.performance - [DEBUG] - Performance - TableView - paint_time: 0.39ms - {gui_logging.py:63}
2025-02-20 19:06:19,164 - gui.performance - [INFO] - Starting performance monitoring - {app.py:22}
2025-02-20 19:06:19,549 - gui.performance - [DEBUG] - Performance - TableView - data_update_time: 0.48ms - {gui_logging.py:63}
2025-02-20 19:06:19,557 - gui.performance - [DEBUG] - Performance - Application - initialization_time: 0.39s - {gui_logging.py:63}
2025-02-20 19:06:19,591 - gui.performance - [DEBUG] - Performance - TableView - paint_time: 3.49ms - {gui_logging.py:63}
2025-02-20 19:06:19,624 - gui.performance - [DEBUG] - Performance - TableView - paint_time: 0.49ms - {gui_logging.py:63}
2025-02-20 19:06:34,241 - gui.performance - [DEBUG] - Performance - TableView - paint_time: 4.85ms - {gui_logging.py:63}
2025-02-20 19:06:34,250 - gui.performance - [DEBUG] - Performance - TableView - paint_time: 0.80ms - {gui_logging.py:63}
2025-02-20 19:06:35,193 - gui.performance - [DEBUG] - Performance - TableView - paint_time: 0.62ms - {gui_logging.py:63}
2025-02-20 19:06:35,236 - gui.performance - [DEBUG] - Performance - TableView - paint_time: 0.99ms - {gui_logging.py:63}
2025-02-20 19:07:01,869 - gui.performance - [INFO] - Starting performance monitoring - {app.py:22}
2025-02-20 19:07:02,232 - gui.performance - [DEBUG] - Performance - TableView - data_update_time: 0.35ms - {gui_logging.py:63}
2025-02-20 19:07:02,245 - gui.performance - [DEBUG] - Performance - Application - initialization_time: 0.38s - {gui_logging.py:63}
2025-02-20 19:07:02,276 - gui.performance - [DEBUG] - Performance - TableView - paint_time: 2.56ms - {gui_logging.py:63}
2025-02-20 19:07:02,306 - gui.performance - [DEBUG] - Performance - TableView - paint_time: 0.45ms - {gui_logging.py:63}
2025-02-20 19:07:05,258 - gui.performance - [DEBUG] - Performance - TableView - paint_time: 0.67ms - {gui_logging.py:63}
2025-02-20 19:07:05,268 - gui.performance - [DEBUG] - Performance - TableView - paint_time: 0.76ms - {gui_logging.py:63}
2025-02-20 19:07:06,217 - gui.performance - [DEBUG] - Performance - TableView - paint_time: 0.34ms - {gui_logging.py:63}
2025-02-20 19:07:06,260 - gui.performance - [DEBUG] - Performance - TableView - paint_time: 2.24ms - {gui_logging.py:63}
2025-02-20 19:07:21,028 - gui.performance - [INFO] - Starting performance monitoring - {app.py:22}
2025-02-20 19:07:21,356 - gui.performance - [DEBUG] - Performance - TableView - data_update_time: 0.23ms - {gui_logging.py:63}
2025-02-20 19:07:21,361 - gui.performance - [DEBUG] - Performance - Application - initialization_time: 0.33s - {gui_logging.py:63}
2025-02-20 19:07:21,396 - gui.performance - [DEBUG] - Performance - TableView - paint_time: 1.63ms - {gui_logging.py:63}
2025-02-20 19:07:21,414 - gui.performance - [DEBUG] - Performance - TableView - paint_time: 0.49ms - {gui_logging.py:63}
2025-02-20 19:07:21,440 - gui.performance - [DEBUG] - Performance - TableView - paint_time: 0.37ms - {gui_logging.py:63}
2025-02-20 19:07:27,479 - gui.performance - [DEBUG] - Performance - TableView - paint_time: 0.56ms - {gui_logging.py:63}
2025-02-20 19:07:27,485 - gui.performance - [DEBUG] - Performance - TableView - paint_time: 0.39ms - {gui_logging.py:63}
2025-02-20 19:07:27,494 - gui.performance - [DEBUG] - Performance - TableView - paint_time: 0.30ms - {gui_logging.py:63}
2025-02-20 19:07:27,496 - gui.performance - [DEBUG] - Performance - TableView - paint_time: 0.63ms - {gui_logging.py:63}
2025-02-20 19:07:27,503 - gui.performance - [DEBUG] - Performance - TableView - paint_time: 0.49ms - {gui_logging.py:63}
2025-02-20 19:07:28,110 - gui.performance - [DEBUG] - Performance - TableView - paint_time: 0.76ms - {gui_logging.py:63}
2025-02-20 19:07:28,116 - gui.performance - [DEBUG] - Performance - TableView - paint_time: 0.31ms - {gui_logging.py:63}
2025-02-20 19:07:29,698 - gui.performance - [DEBUG] - Performance - TableView - paint_time: 0.61ms - {gui_logging.py:63}
2025-02-20 19:07:29,704 - gui.performance - [DEBUG] - Performance - TableView - paint_time: 0.36ms - {gui_logging.py:63}
2025-02-20 19:07:31,213 - gui.performance - [DEBUG] - Performance - TableView - paint_time: 0.47ms - {gui_logging.py:63}
2025-02-20 19:07:31,220 - gui.performance - [DEBUG] - Performance - TableView - paint_time: 0.72ms - {gui_logging.py:63}
2025-02-20 19:07:31,819 - gui.performance - [DEBUG] - Performance - TableView - paint_time: 0.33ms - {gui_logging.py:63}
2025-02-20 19:07:31,829 - gui.performance - [DEBUG] - Performance - TableView - paint_time: 0.29ms - {gui_logging.py:63}
2025-02-20 19:07:31,840 - gui.performance - [DEBUG] - Performance - TableView - paint_time: 0.33ms - {gui_logging.py:63}
2025-02-20 19:07:31,856 - gui.performance - [DEBUG] - Performance - TableView - paint_time: 0.37ms - {gui_logging.py:63}
2025-02-20 19:07:31,873 - gui.performance - [DEBUG] - Performance - TableView - paint_time: 0.40ms - {gui_logging.py:63}
2025-02-20 19:07:31,908 - gui.performance - [DEBUG] - Performance - TableView - paint_time: 0.25ms - {gui_logging.py:63}
2025-02-20 19:07:31,923 - gui.performance - [DEBUG] - Performance - TableView - paint_time: 0.29ms - {gui_logging.py:63}
2025-02-20 19:07:31,940 - gui.performance - [DEBUG] - Performance - TableView - paint_time: 0.25ms - {gui_logging.py:63}
2025-02-20 19:07:31,957 - gui.performance - [DEBUG] - Performance - TableView - paint_time: 0.54ms - {gui_logging.py:63}
2025-02-20 19:07:31,976 - gui.performance - [DEBUG] - Performance - TableView - paint_time: 0.65ms - {gui_logging.py:63}
2025-02-20 19:07:32,045 - gui.performance - [DEBUG] - Performance - TableView - paint_time: 0.41ms - {gui_logging.py:63}
2025-02-20 19:07:32,133 - gui.performance - [DEBUG] - Performance - TableView - paint_time: 0.75ms - {gui_logging.py:63}
2025-02-20 19:07:32,141 - gui.performance - [DEBUG] - Performance - TableView - paint_time: 0.34ms - {gui_logging.py:63}
2025-02-20 19:07:32,157 - gui.performance - [DEBUG] - Performance - TableView - paint_time: 0.31ms - {gui_logging.py:63}
2025-02-20 19:07:32,173 - gui.performance - [DEBUG] - Performance - TableView - paint_time: 0.24ms - {gui_logging.py:63}
2025-02-20 19:07:32,190 - gui.performance - [DEBUG] - Performance - TableView - paint_time: 0.29ms - {gui_logging.py:63}
2025-02-20 19:07:32,207 - gui.performance - [DEBUG] - Performance - TableView - paint_time: 0.28ms - {gui_logging.py:63}
2025-02-20 19:07:32,229 - gui.performance - [DEBUG] - Performance - TableView - paint_time: 0.33ms - {gui_logging.py:63}
2025-02-20 19:07:32,248 - gui.performance - [DEBUG] - Performance - TableView - paint_time: 0.33ms - {gui_logging.py:63}
2025-02-20 19:14:30,437 - gui.performance - [INFO] - Starting performance monitoring - {app.py:22}
2025-02-20 19:14:30,801 - gui.performance - [DEBUG] - Performance - TableView - data_update_time: 0.40ms - {gui_logging.py:63}
2025-02-20 19:14:30,803 - gui.performance - [DEBUG] - Performance - Application - initialization_time: 0.37s - {gui_logging.py:63}
2025-02-20 19:14:30,845 - gui.performance - [DEBUG] - Performance - TableView - paint_time: 6.73ms - {gui_logging.py:63}
2025-02-20 19:14:30,897 - gui.performance - [DEBUG] - Performance - TableView - paint_time: 0.46ms - {gui_logging.py:63}
2025-02-20 19:14:30,940 - gui.performance - [DEBUG] - Performance - TableView - paint_time: 5.06ms - {gui_logging.py:63}
2025-02-20 19:14:30,978 - gui.performance - [DEBUG] - Performance - TableView - paint_time: 1.50ms - {gui_logging.py:63}
2025-02-20 19:14:31,005 - gui.performance - [DEBUG] - Performance - TableView - paint_time: 1.82ms - {gui_logging.py:63}
2025-02-20 19:15:11,261 - gui.performance - [DEBUG] - Performance - TableView - paint_time: 0.59ms - {gui_logging.py:63}
2025-02-20 19:15:11,280 - gui.performance - [DEBUG] - Performance - TableView - paint_time: 0.50ms - {gui_logging.py:63}
2025-02-20 19:15:13,691 - gui.performance - [DEBUG] - Performance - TableView - paint_time: 25.64ms - {gui_logging.py:63}
2025-02-20 19:15:13,710 - gui.performance - [DEBUG] - Performance - TableView - paint_time: 0.36ms - {gui_logging.py:63}
2025-02-20 19:15:13,726 - gui.performance - [DEBUG] - Performance - TableView - paint_time: 0.58ms - {gui_logging.py:63}
2025-02-20 19:15:13,760 - gui.performance - [DEBUG] - Performance - TableView - paint_time: 0.97ms - {gui_logging.py:63}
2025-02-20 19:16:02,873 - gui.performance - [INFO] - Starting performance monitoring - {app.py:22}
2025-02-20 19:16:03,272 - gui.performance - [DEBUG] - Performance - TableView - data_update_time: 0.42ms - {gui_logging.py:63}
2025-02-20 19:16:03,275 - gui.performance - [DEBUG] - Performance - Application - initialization_time: 0.40s - {gui_logging.py:63}
2025-02-20 19:16:03,308 - gui.performance - [DEBUG] - Performance - TableView - paint_time: 3.83ms - {gui_logging.py:63}
2025-02-20 19:16:03,358 - gui.performance - [DEBUG] - Performance - TableView - paint_time: 0.48ms - {gui_logging.py:63}
2025-02-20 19:16:03,403 - gui.performance - [DEBUG] - Performance - TableView - paint_time: 6.12ms - {gui_logging.py:63}
2025-02-20 19:16:03,441 - gui.performance - [DEBUG] - Performance - TableView - paint_time: 0.42ms - {gui_logging.py:63}
2025-02-20 19:16:03,452 - gui.performance - [DEBUG] - Performance - TableView - paint_time: 0.72ms - {gui_logging.py:63}
2025-02-20 19:16:03,490 - gui.performance - [DEBUG] - Performance - TableView - paint_time: 1.13ms - {gui_logging.py:63}
2025-02-20 19:16:05,462 - gui.performance - [DEBUG] - Performance - TableView - paint_time: 0.36ms - {gui_logging.py:63}
2025-02-20 19:16:07,490 - gui.performance - [DEBUG] - Performance - EnhancedNetworkView - data_update_time: 0.26ms - {gui_logging.py:63}
2025-02-20 19:16:07,505 - gui.performance - [DEBUG] - Performance - Rendering - edge_paint_time: 0.01ms - {gui_logging.py:63}
2025-02-20 19:22:13,506 - gui.performance - [INFO] - Starting performance monitoring - {app.py:22}
2025-02-20 19:22:13,847 - gui.performance - [DEBUG] - Performance - TableView - data_update_time: 0.30ms - {gui_logging.py:63}
2025-02-20 19:22:13,849 - gui.performance - [DEBUG] - Performance - Application - initialization_time: 0.34s - {gui_logging.py:63}
2025-02-20 19:22:13,884 - gui.performance - [DEBUG] - Performance - TableView - paint_time: 9.68ms - {gui_logging.py:63}
2025-02-20 19:22:13,948 - gui.performance - [DEBUG] - Performance - TableView - paint_time: 0.49ms - {gui_logging.py:63}
2025-02-20 19:22:13,976 - gui.performance - [DEBUG] - Performance - TableView - paint_time: 4.02ms - {gui_logging.py:63}
2025-02-20 19:22:14,014 - gui.performance - [DEBUG] - Performance - TableView - paint_time: 0.52ms - {gui_logging.py:63}
2025-02-20 19:22:14,030 - gui.performance - [DEBUG] - Performance - TableView - paint_time: 0.39ms - {gui_logging.py:63}
2025-02-20 19:22:14,070 - gui.performance - [DEBUG] - Performance - TableView - paint_time: 0.57ms - {gui_logging.py:63}
2025-02-20 19:22:17,290 - gui.performance - [DEBUG] - Performance - TableView - paint_time: 0.53ms - {gui_logging.py:63}
2025-02-20 19:22:18,113 - gui.performance - [DEBUG] - Performance - TableView - paint_time: 0.48ms - {gui_logging.py:63}
2025-02-20 19:22:18,130 - gui.performance - [DEBUG] - Performance - TableView - paint_time: 0.52ms - {gui_logging.py:63}
2025-02-20 19:22:18,289 - gui.performance - [DEBUG] - Performance - TableView - paint_time: 0.60ms - {gui_logging.py:63}
2025-02-20 19:22:18,306 - gui.performance - [DEBUG] - Performance - TableView - paint_time: 0.64ms - {gui_logging.py:63}
2025-02-20 19:47:49,569 - gui.performance - [INFO] - Starting performance monitoring - {app.py:22}
2025-02-20 19:47:50,175 - gui.performance - [DEBUG] - Performance - TableView - data_update_time: 1.00ms - {gui_logging.py:63}
2025-02-20 19:47:50,178 - gui.performance - [DEBUG] - Performance - Application - initialization_time: 0.61s - {gui_logging.py:63}
2025-02-20 19:47:50,238 - gui.performance - [DEBUG] - Performance - TableView - paint_time: 6.54ms - {gui_logging.py:63}
2025-02-20 19:47:50,298 - gui.performance - [DEBUG] - Performance - TableView - paint_time: 1.50ms - {gui_logging.py:63}
2025-02-20 19:47:50,335 - gui.performance - [DEBUG] - Performance - TableView - paint_time: 6.49ms - {gui_logging.py:63}
2025-02-20 19:47:50,373 - gui.performance - [DEBUG] - Performance - TableView - paint_time: 0.69ms - {gui_logging.py:63}
2025-02-20 19:47:50,393 - gui.performance - [DEBUG] - Performance - TableView - paint_time: 0.98ms - {gui_logging.py:63}
2025-02-20 19:54:02,865 - gui.performance - [DEBUG] - Performance - TableView - paint_time: 0.62ms - {gui_logging.py:63}
2025-02-20 19:54:02,877 - gui.performance - [DEBUG] - Performance - TableView - paint_time: 0.60ms - {gui_logging.py:63}
2025-02-20 20:36:29,243 - gui.performance - [DEBUG] - Performance - TableView - paint_time: 1.06ms - {gui_logging.py:63}
2025-02-20 20:36:29,265 - gui.performance - [DEBUG] - Performance - TableView - paint_time: 0.45ms - {gui_logging.py:63}
2025-02-20 20:36:31,716 - gui.performance - [DEBUG] - Performance - TableView - paint_time: 0.99ms - {gui_logging.py:63}
2025-02-20 20:36:31,752 - gui.performance - [DEBUG] - Performance - TableView - paint_time: 1.41ms - {gui_logging.py:63}
2025-02-20 20:36:32,075 - gui.performance - [DEBUG] - Performance - TableView - paint_time: 0.64ms - {gui_logging.py:63}
2025-02-20 20:36:32,098 - gui.performance - [DEBUG] - Performance - TableView - paint_time: 0.77ms - {gui_logging.py:63}
